#
# There is insufficient memory for the Java Runtime Environment to continue.
# Native memory allocation (mmap) failed to map 425721856 bytes for Failed to commit area from 0x000000008cb00000 to 0x00000000a6100000 of length 425721856.
# Possible reasons:
#   The system is out of physical RAM or swap space
#   The process is running with CompressedOops enabled, and the Java Heap may be blocking the growth of the native heap
# Possible solutions:
#   Reduce memory load on the system
#   Increase physical memory or swap space
#   Check if swap backing store is full
#   Decrease Java heap size (-Xmx/-Xms)
#   Decrease number of Java threads
#   Decrease Java thread stack sizes (-Xss)
#   Set larger code cache with -XX:ReservedCodeCacheSize=
#   JVM is running with Unscaled Compressed Oops mode in which the Java heap is
#     placed in the first 4GB address space. The Java Heap base address is the
#     maximum limit for the native heap growth. Please use -XX:HeapBaseMinAddress
#     to set the Java Heap base and to place the Java Heap above 4GB virtual address.
# This output file may be truncated or incomplete.
#
#  Out of Memory Error (./src/hotspot/os/windows/os_windows.cpp:3303), pid=12316, tid=10836
#
# JRE version: OpenJDK Runtime Environment (11.0.8+10) (build 11.0.8+10-b944.6842174)
# Java VM: OpenJDK 64-Bit Server VM (11.0.8+10-b944.6842174, mixed mode, tiered, compressed oops, g1 gc, windows-amd64)
# No core dump will be written. Minidumps are not enabled by default on client versions of Windows
#

---------------  S U M M A R Y ------------

Command Line: --add-opens=java.base/java.util=ALL-UNNAMED --add-opens=java.base/java.lang=ALL-UNNAMED --add-opens=java.base/java.lang.invoke=ALL-UNNAMED --add-opens=java.prefs/java.util.prefs=ALL-UNNAMED -Xmx2048m -Dfile.encoding=UTF-8 -Duser.country=US -Duser.language=en -Duser.variant org.gradle.launcher.daemon.bootstrap.GradleDaemon 6.7.1

Host: AMD Ryzen 5 3500U with Radeon Vega Mobile Gfx  , 8 cores, 3G,  Windows 10 , 64 bit Build 19041 (10.0.19041.1023)
Time: Thu Jul 15 18:46:28 2021 China Standard Time elapsed time: 9 seconds (0d 0h 0m 9s)

---------------  T H R E A D  ---------------

Current thread (0x00000153e8cc0800):  VMThread "VM Thread" [stack: 0x00000032fbf00000,0x00000032fc000000] [id=10836]

Stack: [0x00000032fbf00000,0x00000032fc000000]
[error occurred during error reporting (printing stack bounds), id 0xc0000005, EXCEPTION_ACCESS_VIOLATION (0xc0000005) at pc=0x00000153d1bd0dad]

Native frames: (J=compiled Java code, j=interpreted, Vv=VM code, C=native code)
V  [jvm.dll+0x5de50a]
V  [jvm.dll+0x7122f5]
V  [jvm.dll+0x71384d]
V  [jvm.dll+0x713e65]
V  [jvm.dll+0x713e1b]
V  [jvm.dll+0x5dd958]
V  [jvm.dll+0x5de0f8]
C  [ntdll.dll+0xa217f]
C  [ntdll.dll+0x51454]
C  [ntdll.dll+0xa0cae]
C  0x00000153d1bd0dad

VM_Operation (0x00000032fd5f1640): G1CollectForAllocation, mode: safepoint, requested by thread 0x00000153eb79c800


---------------  P R O C E S S  ---------------

Threads class SMR info:
_java_thread_list=0x00000153ebd985d0, length=51, elements={
0x00000153ce24b800, 0x00000153e8cc7800, 0x00000153e8cd1800, 0x00000153e8d23800,
0x00000153e8d25000, 0x00000153e8d26800, 0x00000153e8d2e800, 0x00000153e8d32800,
0x00000153e97ac000, 0x00000153e97ba000, 0x00000153eaa69000, 0x00000153eaca8000,
0x00000153ead51800, 0x00000153eb3df800, 0x00000153eaabc000, 0x00000153eb3c2000,
0x00000153eb79c800, 0x00000153ea5b3000, 0x00000153ea94b000, 0x00000153eb7a3800,
0x00000153eb3e3800, 0x00000153eb3e3000, 0x00000153eb3e7000, 0x00000153eb3e9800,
0x00000153eb3e7800, 0x00000153eb3e4800, 0x00000153eb3e8800, 0x00000153eb3e5000,
0x00000153eb3e6000, 0x00000153ed8b4800, 0x00000153ed8b2800, 0x00000153ed8b3800,
0x00000153ed8b7000, 0x00000153ed8b5000, 0x00000153ed8b6000, 0x00000153ed8b2000,
0x00000153ed8b1000, 0x00000153ed8bd800, 0x00000153ed8bb800, 0x00000153ed8bc800,
0x00000153ed8b7800, 0x00000153ed8bb000, 0x00000153ed8be000, 0x00000153ed8b8800,
0x00000153ed8ba000, 0x00000153ed8bf000, 0x00000153ed8b9000, 0x00000153ed8c0000,
0x00000153ed82b000, 0x00000153ed82a800, 0x00000153f5d40800
}

Java Threads: ( => current thread )
  0x00000153ce24b800 JavaThread "main" [_thread_blocked, id=10008, stack(0x00000032fb900000,0x00000032fba00000)]
  0x00000153e8cc7800 JavaThread "Reference Handler" daemon [_thread_blocked, id=7740, stack(0x00000032fc000000,0x00000032fc100000)]
  0x00000153e8cd1800 JavaThread "Finalizer" daemon [_thread_blocked, id=7244, stack(0x00000032fc100000,0x00000032fc200000)]
  0x00000153e8d23800 JavaThread "Signal Dispatcher" daemon [_thread_blocked, id=6164, stack(0x00000032fc200000,0x00000032fc300000)]
  0x00000153e8d25000 JavaThread "Attach Listener" daemon [_thread_blocked, id=9056, stack(0x00000032fc300000,0x00000032fc400000)]
  0x00000153e8d26800 JavaThread "C2 CompilerThread0" daemon [_thread_blocked, id=7292, stack(0x00000032fc400000,0x00000032fc500000)]
  0x00000153e8d2e800 JavaThread "C1 CompilerThread0" daemon [_thread_blocked, id=12200, stack(0x00000032fc500000,0x00000032fc600000)]
  0x00000153e8d32800 JavaThread "Sweeper thread" daemon [_thread_blocked, id=15192, stack(0x00000032fc600000,0x00000032fc700000)]
  0x00000153e97ac000 JavaThread "Common-Cleaner" daemon [_thread_blocked, id=11444, stack(0x00000032fc700000,0x00000032fc800000)]
  0x00000153e97ba000 JavaThread "Service Thread" daemon [_thread_blocked, id=14164, stack(0x00000032fc800000,0x00000032fc900000)]
  0x00000153eaa69000 JavaThread "Daemon health stats" [_thread_blocked, id=13776, stack(0x00000032fcb00000,0x00000032fcc00000)]
  0x00000153eaca8000 JavaThread "Incoming local TCP Connector on port 61940" [_thread_in_native, id=15952, stack(0x00000032fd000000,0x00000032fd100000)]
  0x00000153ead51800 JavaThread "Daemon periodic checks" [_thread_blocked, id=15944, stack(0x00000032fd100000,0x00000032fd200000)]
  0x00000153eb3df800 JavaThread "Daemon" [_thread_blocked, id=9868, stack(0x00000032fd200000,0x00000032fd300000)]
  0x00000153eaabc000 JavaThread "Handler for socket connection from /127.0.0.1:61940 to /127.0.0.1:61941" [_thread_in_native, id=8068, stack(0x00000032fd300000,0x00000032fd400000)]
  0x00000153eb3c2000 JavaThread "Cancel handler" [_thread_blocked, id=6544, stack(0x00000032fd400000,0x00000032fd500000)]
  0x00000153eb79c800 JavaThread "Daemon worker" [_thread_blocked, id=15728, stack(0x00000032fd500000,0x00000032fd600000)]
  0x00000153ea5b3000 JavaThread "Asynchronous log dispatcher for DefaultDaemonConnection: socket connection from /127.0.0.1:61940 to /127.0.0.1:61941" [_thread_blocked, id=5932, stack(0x00000032fd600000,0x00000032fd700000)]
  0x00000153ea94b000 JavaThread "Stdin handler" [_thread_blocked, id=15492, stack(0x00000032fd700000,0x00000032fd800000)]
  0x00000153eb7a3800 JavaThread "Thread-8" [_thread_blocked, id=16296, stack(0x00000032fd800000,0x00000032fd900000)]
  0x00000153eb3e3800 JavaThread "Cache worker for file hash cache (C:\Users\lozan\.gradle\caches\6.7.1\fileHashes)" [_thread_blocked, id=12756, stack(0x00000032fdd00000,0x00000032fde00000)]
  0x00000153eb3e3000 JavaThread "File lock request listener" [_thread_in_native, id=5144, stack(0x00000032fde00000,0x00000032fdf00000)]
  0x00000153eb3e7000 JavaThread "Cache worker for journal cache (C:\Users\lozan\.gradle\caches\journal-1)" [_thread_blocked, id=1528, stack(0x00000032fe000000,0x00000032fe100000)]
  0x00000153eb3e9800 JavaThread "Cache worker for file hash cache (D:\Repositories\lozanasc_projects\FVOZEngage App\FVOZEngage\.gradle\6.7.1\fileHashes)" [_thread_blocked, id=4408, stack(0x00000032fe100000,0x00000032fe200000)]
  0x00000153eb3e7800 JavaThread "jar transforms" [_thread_blocked, id=10112, stack(0x00000032fe200000,0x00000032fe300000)]
  0x00000153eb3e4800 JavaThread "jar transforms Thread 2" [_thread_blocked, id=5588, stack(0x00000032fe300000,0x00000032fe400000)]
  0x00000153eb3e8800 JavaThread "jar transforms Thread 3" [_thread_blocked, id=5568, stack(0x00000032fe400000,0x00000032fe500000)]
  0x00000153eb3e5000 JavaThread "jar transforms Thread 4" [_thread_blocked, id=8612, stack(0x00000032fe500000,0x00000032fe600000)]
  0x00000153eb3e6000 JavaThread "jar transforms Thread 5" [_thread_blocked, id=3992, stack(0x00000032fe600000,0x00000032fe700000)]
  0x00000153ed8b4800 JavaThread "jar transforms Thread 6" [_thread_blocked, id=12960, stack(0x00000032fe700000,0x00000032fe800000)]
  0x00000153ed8b2800 JavaThread "jar transforms Thread 7" [_thread_blocked, id=956, stack(0x00000032fe800000,0x00000032fe900000)]
  0x00000153ed8b3800 JavaThread "jar transforms Thread 8" [_thread_blocked, id=13864, stack(0x00000032fe900000,0x00000032fea00000)]
  0x00000153ed8b7000 JavaThread "jar transforms Thread 9" [_thread_blocked, id=3756, stack(0x00000032fea00000,0x00000032feb00000)]
  0x00000153ed8b5000 JavaThread "jar transforms Thread 10" [_thread_blocked, id=10492, stack(0x00000032feb00000,0x00000032fec00000)]
  0x00000153ed8b6000 JavaThread "jar transforms Thread 11" [_thread_blocked, id=5388, stack(0x00000032fec00000,0x00000032fed00000)]
  0x00000153ed8b2000 JavaThread "jar transforms Thread 12" [_thread_blocked, id=8504, stack(0x00000032fed00000,0x00000032fee00000)]
  0x00000153ed8b1000 JavaThread "jar transforms Thread 13" [_thread_blocked, id=16320, stack(0x00000032fee00000,0x00000032fef00000)]
  0x00000153ed8bd800 JavaThread "jar transforms Thread 14" [_thread_blocked, id=12852, stack(0x00000032fef00000,0x00000032ff000000)]
  0x00000153ed8bb800 JavaThread "jar transforms Thread 15" [_thread_blocked, id=8060, stack(0x00000032ff000000,0x00000032ff100000)]
  0x00000153ed8bc800 JavaThread "jar transforms Thread 16" [_thread_blocked, id=13968, stack(0x00000032ff100000,0x00000032ff200000)]
  0x00000153ed8b7800 JavaThread "jar transforms Thread 17" [_thread_blocked, id=13364, stack(0x00000032ff200000,0x00000032ff300000)]
  0x00000153ed8bb000 JavaThread "jar transforms Thread 18" [_thread_blocked, id=14476, stack(0x00000032ff300000,0x00000032ff400000)]
  0x00000153ed8be000 JavaThread "jar transforms Thread 19" [_thread_blocked, id=2272, stack(0x00000032ff400000,0x00000032ff500000)]
  0x00000153ed8b8800 JavaThread "jar transforms Thread 20" [_thread_blocked, id=6892, stack(0x00000032ff500000,0x00000032ff600000)]
  0x00000153ed8ba000 JavaThread "jar transforms Thread 21" [_thread_blocked, id=16272, stack(0x00000032ff600000,0x00000032ff700000)]
  0x00000153ed8bf000 JavaThread "Cache worker for checksums cache (D:\Repositories\lozanasc_projects\FVOZEngage App\FVOZEngage\.gradle\checksums)" [_thread_blocked, id=6672, stack(0x00000032ff700000,0x00000032ff800000)]
  0x00000153ed8b9000 JavaThread "Cache worker for cache directory md-supplier (C:\Users\lozan\.gradle\caches\6.7.1\md-supplier)" [_thread_blocked, id=12148, stack(0x00000032ff800000,0x00000032ff900000)]
  0x00000153ed8c0000 JavaThread "Cache worker for cache directory md-rule (C:\Users\lozan\.gradle\caches\6.7.1\md-rule)" [_thread_blocked, id=16284, stack(0x00000032ff900000,0x00000032ffa00000)]
  0x00000153ed82b000 JavaThread "Cache worker for execution history cache (C:\Users\lozan\.gradle\caches\6.7.1\executionHistory)" [_thread_blocked, id=9684, stack(0x00000032ffa00000,0x00000032ffb00000)]
  0x00000153ed82a800 JavaThread "Cache worker for file content cache (C:\Users\lozan\.gradle\caches\6.7.1\fileContent)" [_thread_blocked, id=5044, stack(0x00000032ffb00000,0x00000032ffc00000)]
  0x00000153f5d40800 JavaThread "C2 CompilerThread1" daemon [_thread_blocked, id=10604, stack(0x00000032ffc00000,0x00000032ffd00000)]

Other Threads:
=>0x00000153e8cc0800 VMThread "VM Thread" [stack: 0x00000032fbf00000,0x00000032fc000000] [id=10836]
  0x00000153e97db800 WatcherThread [stack: 0x00000032fc900000,0x00000032fca00000] [id=1128]
  0x00000153ce262800 GCTaskThread "GC Thread#0" [stack: 0x00000032fba00000,0x00000032fbb00000] [id=14612]
  0x00000153e9ff5000 GCTaskThread "GC Thread#1" [stack: 0x00000032fca00000,0x00000032fcb00000] [id=5444]
  0x00000153eb1b3000 GCTaskThread "GC Thread#2" [stack: 0x00000032fcc00000,0x00000032fcd00000] [id=6636]
  0x00000153eadad000 GCTaskThread "GC Thread#3" [stack: 0x00000032fcd00000,0x00000032fce00000] [id=2324]
  0x00000153eb60a800 GCTaskThread "GC Thread#4" [stack: 0x00000032fd900000,0x00000032fda00000] [id=14040]
  0x00000153eae54000 GCTaskThread "GC Thread#5" [stack: 0x00000032fda00000,0x00000032fdb00000] [id=8384]
  0x00000153eb22e000 GCTaskThread "GC Thread#6" [stack: 0x00000032fdb00000,0x00000032fdc00000] [id=10080]
  0x00000153eb95a800 GCTaskThread "GC Thread#7" [stack: 0x00000032fdc00000,0x00000032fdd00000] [id=6904]
  0x00000153ce293800 ConcurrentGCThread "G1 Main Marker" [stack: 0x00000032fbb00000,0x00000032fbc00000] [id=14752]
  0x00000153ce296800 ConcurrentGCThread "G1 Conc#0" [stack: 0x00000032fbc00000,0x00000032fbd00000] [id=2920]
  0x00000153eb954000 ConcurrentGCThread "G1 Conc#1" [stack: 0x00000032fdf00000,0x00000032fe000000] [id=14872]
  0x00000153ce2ed000 ConcurrentGCThread "G1 Refine#0" [stack: 0x00000032fbd00000,0x00000032fbe00000] [id=4464]
  0x00000153ce2f0000 ConcurrentGCThread "G1 Young RemSet Sampling" [stack: 0x00000032fbe00000,0x00000032fbf00000] [id=9960]

Threads with active compile tasks:
C2 CompilerThread0   9666 3587       4       java.lang.PublicMethods$MethodList::filter (104 bytes)
C2 CompilerThread1   9667 3556       4       sun.nio.fs.WindowsPathParser::normalize (233 bytes)

VM state:at safepoint (normal execution)

VM Mutex/Monitor currently owned by a thread:  ([mutex/lock_event])
[0x00000153ce246ec0] Threads_lock - owner thread: 0x00000153e8cc0800
[0x00000153ce2481e0] Heap_lock - owner thread: 0x00000153eb79c800

Heap address: 0x0000000080000000, size: 2048 MB, Compressed Oops mode: 32-bit
Narrow klass base: 0x0000000000000000, Narrow klass shift: 3
Compressed class space size: 1073741824 Address: 0x0000000100000000

Heap:
 garbage-first heap   total 623616K, used 85931K [0x0000000080000000, 0x0000000100000000)
  region size 1024K, 3 young (3072K), 3 survivors (3072K)
 Metaspace       used 43228K, capacity 44132K, committed 44288K, reserved 1087488K
  class space    used 5473K, capacity 5842K, committed 5888K, reserved 1048576K
Heap Regions: E=young(eden), S=young(survivor), O=old, HS=humongous(starts), HC=humongous(continues), CS=collection set, F=free, A=archive, TAMS=top-at-mark-start (previous, next)
|   0|0x0000000080000000, 0x0000000080100000, 0x0000000080100000|100%| O|  |TAMS 0x0000000080100000, 0x0000000080000000| Untracked 
|   1|0x0000000080100000, 0x0000000080200000, 0x0000000080200000|100%| O|  |TAMS 0x0000000080200000, 0x0000000080100000| Untracked 
|   2|0x0000000080200000, 0x0000000080300000, 0x0000000080300000|100%| O|  |TAMS 0x0000000080300000, 0x0000000080200000| Untracked 
|   3|0x0000000080300000, 0x0000000080400000, 0x0000000080400000|100%|HS|  |TAMS 0x0000000080400000, 0x0000000080300000| Complete 
|   4|0x0000000080400000, 0x0000000080500000, 0x0000000080500000|100%|HC|  |TAMS 0x0000000080500000, 0x0000000080400000| Complete 
|   5|0x0000000080500000, 0x0000000080600000, 0x0000000080600000|100%|HC|  |TAMS 0x0000000080600000, 0x0000000080500000| Complete 
|   6|0x0000000080600000, 0x0000000080700000, 0x0000000080700000|100%| O|  |TAMS 0x0000000080700000, 0x0000000080600000| Untracked 
|   7|0x0000000080700000, 0x0000000080800000, 0x0000000080800000|100%| O|  |TAMS 0x0000000080800000, 0x0000000080700000| Untracked 
|   8|0x0000000080800000, 0x0000000080900000, 0x0000000080900000|100%| O|  |TAMS 0x0000000080900000, 0x0000000080800000| Untracked 
|   9|0x0000000080900000, 0x0000000080a00000, 0x0000000080a00000|100%| O|  |TAMS 0x0000000080a00000, 0x0000000080900000| Untracked 
|  10|0x0000000080a00000, 0x0000000080affff8, 0x0000000080b00000| 99%| O|  |TAMS 0x0000000080affff8, 0x0000000080a00000| Untracked 
|  11|0x0000000080b00000, 0x0000000080c00000, 0x0000000080c00000|100%| O|  |TAMS 0x0000000080c00000, 0x0000000080b00000| Untracked 
|  12|0x0000000080c00000, 0x0000000080d00000, 0x0000000080d00000|100%| O|  |TAMS 0x0000000080d00000, 0x0000000080c00000| Untracked 
|  13|0x0000000080d00000, 0x0000000080e00000, 0x0000000080e00000|100%| O|  |TAMS 0x0000000080e00000, 0x0000000080d00000| Untracked 
|  14|0x0000000080e00000, 0x0000000080f00000, 0x0000000080f00000|100%| O|  |TAMS 0x0000000080f00000, 0x0000000080e00000| Untracked 
|  15|0x0000000080f00000, 0x0000000081000000, 0x0000000081000000|100%| O|  |TAMS 0x0000000081000000, 0x0000000080f00000| Untracked 
|  16|0x0000000081000000, 0x0000000081100000, 0x0000000081100000|100%|HS|  |TAMS 0x0000000081100000, 0x0000000081000000| Complete 
|  17|0x0000000081100000, 0x0000000081200000, 0x0000000081200000|100%|HC|  |TAMS 0x0000000081200000, 0x0000000081100000| Complete 
|  18|0x0000000081200000, 0x0000000081300000, 0x0000000081300000|100%|HS|  |TAMS 0x0000000081300000, 0x0000000081200000| Complete 
|  19|0x0000000081300000, 0x0000000081400000, 0x0000000081400000|100%|HC|  |TAMS 0x0000000081400000, 0x0000000081300000| Complete 
|  20|0x0000000081400000, 0x0000000081500000, 0x0000000081500000|100%|HC|  |TAMS 0x0000000081500000, 0x0000000081400000| Complete 
|  21|0x0000000081500000, 0x0000000081600000, 0x0000000081600000|100%|HS|  |TAMS 0x0000000081600000, 0x0000000081500000| Complete 
|  22|0x0000000081600000, 0x0000000081700000, 0x0000000081700000|100%|HC|  |TAMS 0x0000000081700000, 0x0000000081600000| Complete 
|  23|0x0000000081700000, 0x0000000081800000, 0x0000000081800000|100%|HC|  |TAMS 0x0000000081800000, 0x0000000081700000| Complete 
|  24|0x0000000081800000, 0x0000000081900000, 0x0000000081900000|100%|HC|  |TAMS 0x0000000081900000, 0x0000000081800000| Complete 
|  25|0x0000000081900000, 0x0000000081a00000, 0x0000000081a00000|100%| O|  |TAMS 0x0000000081a00000, 0x0000000081900000| Untracked 
|  26|0x0000000081a00000, 0x0000000081b00000, 0x0000000081b00000|100%| O|  |TAMS 0x0000000081b00000, 0x0000000081a00000| Untracked 
|  27|0x0000000081b00000, 0x0000000081c00000, 0x0000000081c00000|100%| O|  |TAMS 0x0000000081c00000, 0x0000000081b00000| Untracked 
|  28|0x0000000081c00000, 0x0000000081d00000, 0x0000000081d00000|100%| O|  |TAMS 0x0000000081d00000, 0x0000000081c00000| Untracked 
|  29|0x0000000081d00000, 0x0000000081e00000, 0x0000000081e00000|100%| O|  |TAMS 0x0000000081e00000, 0x0000000081d00000| Untracked 
|  30|0x0000000081e00000, 0x0000000081f00000, 0x0000000081f00000|100%| O|  |TAMS 0x0000000081f00000, 0x0000000081e00000| Untracked 
|  31|0x0000000081f00000, 0x0000000082000000, 0x0000000082000000|100%| O|  |TAMS 0x0000000081f00000, 0x0000000081f00000| Untracked 
|  32|0x0000000082000000, 0x0000000082100000, 0x0000000082100000|100%| O|  |TAMS 0x0000000082100000, 0x0000000082000000| Untracked 
|  33|0x0000000082100000, 0x0000000082200000, 0x0000000082200000|100%| O|  |TAMS 0x0000000082200000, 0x0000000082100000| Untracked 
|  34|0x0000000082200000, 0x0000000082300000, 0x0000000082300000|100%| O|  |TAMS 0x0000000082300000, 0x0000000082200000| Untracked 
|  35|0x0000000082300000, 0x0000000082300000, 0x0000000082400000|  0%| F|  |TAMS 0x0000000082300000, 0x0000000082300000| Untracked 
|  36|0x0000000082400000, 0x0000000082400000, 0x0000000082500000|  0%| F|  |TAMS 0x0000000082400000, 0x0000000082400000| Untracked 
|  37|0x0000000082500000, 0x0000000082500000, 0x0000000082600000|  0%| F|  |TAMS 0x0000000082500000, 0x0000000082500000| Untracked 
|  38|0x0000000082600000, 0x0000000082600000, 0x0000000082700000|  0%| F|  |TAMS 0x0000000082600000, 0x0000000082600000| Untracked 
|  39|0x0000000082700000, 0x0000000082800000, 0x0000000082800000|100%| O|  |TAMS 0x0000000082800000, 0x0000000082700000| Untracked 
|  40|0x0000000082800000, 0x0000000082900000, 0x0000000082900000|100%| O|  |TAMS 0x0000000082900000, 0x0000000082800000| Untracked 
|  41|0x0000000082900000, 0x0000000082a00000, 0x0000000082a00000|100%| O|  |TAMS 0x0000000082a00000, 0x0000000082900000| Untracked 
|  42|0x0000000082a00000, 0x0000000082b00000, 0x0000000082b00000|100%| O|  |TAMS 0x0000000082b00000, 0x0000000082a00000| Untracked 
|  43|0x0000000082b00000, 0x0000000082c00000, 0x0000000082c00000|100%| O|  |TAMS 0x0000000082c00000, 0x0000000082b00000| Untracked 
|  44|0x0000000082c00000, 0x0000000082d00000, 0x0000000082d00000|100%| O|  |TAMS 0x0000000082d00000, 0x0000000082c00000| Untracked 
|  45|0x0000000082d00000, 0x0000000082e00000, 0x0000000082e00000|100%| O|  |TAMS 0x0000000082e00000, 0x0000000082d00000| Untracked 
|  46|0x0000000082e00000, 0x0000000082f00000, 0x0000000082f00000|100%| O|  |TAMS 0x0000000082f00000, 0x0000000082e00000| Untracked 
|  47|0x0000000082f00000, 0x0000000083000000, 0x0000000083000000|100%| O|  |TAMS 0x0000000082f00000, 0x0000000082f00000| Untracked 
|  48|0x0000000083000000, 0x0000000083100000, 0x0000000083100000|100%| O|  |TAMS 0x0000000083000000, 0x0000000083000000| Untracked 
|  49|0x0000000083100000, 0x0000000083200000, 0x0000000083200000|100%| O|  |TAMS 0x0000000083200000, 0x0000000083100000| Untracked 
|  50|0x0000000083200000, 0x0000000083300000, 0x0000000083300000|100%| O|  |TAMS 0x0000000083300000, 0x0000000083200000| Untracked 
|  51|0x0000000083300000, 0x0000000083400000, 0x0000000083400000|100%| O|  |TAMS 0x0000000083400000, 0x0000000083300000| Untracked 
|  52|0x0000000083400000, 0x0000000083500000, 0x0000000083500000|100%| O|  |TAMS 0x0000000083500000, 0x0000000083400000| Untracked 
|  53|0x0000000083500000, 0x0000000083600000, 0x0000000083600000|100%| O|  |TAMS 0x0000000083600000, 0x0000000083500000| Untracked 
|  54|0x0000000083600000, 0x0000000083700000, 0x0000000083700000|100%| O|  |TAMS 0x0000000083696000, 0x0000000083600000| Untracked 
|  55|0x0000000083700000, 0x0000000083800000, 0x0000000083800000|100%| O|  |TAMS 0x0000000083700000, 0x0000000083700000| Untracked 
|  56|0x0000000083800000, 0x0000000083900000, 0x0000000083900000|100%| O|  |TAMS 0x0000000083800000, 0x0000000083800000| Untracked 
|  57|0x0000000083900000, 0x0000000083a00000, 0x0000000083a00000|100%| O|  |TAMS 0x0000000083900000, 0x0000000083900000| Untracked 
|  58|0x0000000083a00000, 0x0000000083b00000, 0x0000000083b00000|100%| O|  |TAMS 0x0000000083a00000, 0x0000000083a00000| Untracked 
|  59|0x0000000083b00000, 0x0000000083c00000, 0x0000000083c00000|100%| O|  |TAMS 0x0000000083b00000, 0x0000000083b00000| Untracked 
|  60|0x0000000083c00000, 0x0000000083d00000, 0x0000000083d00000|100%| O|  |TAMS 0x0000000083c00000, 0x0000000083c00000| Untracked 
|  61|0x0000000083d00000, 0x0000000083e00000, 0x0000000083e00000|100%| O|  |TAMS 0x0000000083d00000, 0x0000000083d00000| Untracked 
|  62|0x0000000083e00000, 0x0000000083f00000, 0x0000000083f00000|100%| O|  |TAMS 0x0000000083e00000, 0x0000000083e00000| Untracked 
|  63|0x0000000083f00000, 0x0000000084000000, 0x0000000084000000|100%| O|  |TAMS 0x0000000083f00000, 0x0000000083f00000| Untracked 
|  64|0x0000000084000000, 0x0000000084100000, 0x0000000084100000|100%| O|  |TAMS 0x0000000084000000, 0x0000000084000000| Untracked 
|  65|0x0000000084100000, 0x0000000084200000, 0x0000000084200000|100%| O|  |TAMS 0x0000000084100000, 0x0000000084100000| Untracked 
|  66|0x0000000084200000, 0x0000000084300000, 0x0000000084300000|100%| O|  |TAMS 0x0000000084200000, 0x0000000084200000| Untracked 
|  67|0x0000000084300000, 0x0000000084400000, 0x0000000084400000|100%| O|  |TAMS 0x0000000084300000, 0x0000000084300000| Untracked 
|  68|0x0000000084400000, 0x0000000084500000, 0x0000000084500000|100%| O|  |TAMS 0x0000000084400000, 0x0000000084400000| Untracked 
|  69|0x0000000084500000, 0x0000000084600000, 0x0000000084600000|100%| O|  |TAMS 0x0000000084500000, 0x0000000084500000| Untracked 
|  70|0x0000000084600000, 0x0000000084700000, 0x0000000084700000|100%| O|  |TAMS 0x0000000084600000, 0x0000000084600000| Untracked 
|  71|0x0000000084700000, 0x0000000084800000, 0x0000000084800000|100%| O|  |TAMS 0x0000000084700000, 0x0000000084700000| Untracked 
|  72|0x0000000084800000, 0x0000000084900000, 0x0000000084900000|100%| O|  |TAMS 0x0000000084800000, 0x0000000084800000| Untracked 
|  73|0x0000000084900000, 0x0000000084a00000, 0x0000000084a00000|100%| O|  |TAMS 0x0000000084900000, 0x0000000084900000| Untracked 
|  74|0x0000000084a00000, 0x0000000084b00000, 0x0000000084b00000|100%| O|  |TAMS 0x0000000084a00000, 0x0000000084a00000| Untracked 
|  75|0x0000000084b00000, 0x0000000084c00000, 0x0000000084c00000|100%| O|  |TAMS 0x0000000084b00000, 0x0000000084b00000| Untracked 
|  76|0x0000000084c00000, 0x0000000084d00000, 0x0000000084d00000|100%| O|  |TAMS 0x0000000084c00000, 0x0000000084c00000| Untracked 
|  77|0x0000000084d00000, 0x0000000084e00000, 0x0000000084e00000|100%| O|  |TAMS 0x0000000084d00000, 0x0000000084d00000| Untracked 
|  78|0x0000000084e00000, 0x0000000084f00000, 0x0000000084f00000|100%| O|  |TAMS 0x0000000084e00000, 0x0000000084e00000| Untracked 
|  79|0x0000000084f00000, 0x0000000085000000, 0x0000000085000000|100%| O|  |TAMS 0x0000000084f00000, 0x0000000084f00000| Untracked 
|  80|0x0000000085000000, 0x00000000850eb000, 0x0000000085100000| 91%| O|  |TAMS 0x0000000085000000, 0x0000000085000000| Untracked 
|  81|0x0000000085100000, 0x0000000085200000, 0x0000000085200000|100%|HS|  |TAMS 0x0000000085100000, 0x0000000085100000| Complete 
|  82|0x0000000085200000, 0x0000000085300000, 0x0000000085300000|100%|HC|  |TAMS 0x0000000085200000, 0x0000000085200000| Complete 
|  83|0x0000000085300000, 0x0000000085400000, 0x0000000085400000|100%|HC|  |TAMS 0x0000000085300000, 0x0000000085300000| Complete 
|  84|0x0000000085400000, 0x0000000085500000, 0x0000000085500000|100%|HC|  |TAMS 0x0000000085400000, 0x0000000085400000| Complete 
|  85|0x0000000085500000, 0x0000000085500000, 0x0000000085600000|  0%| F|  |TAMS 0x0000000085500000, 0x0000000085500000| Untracked 
|  86|0x0000000085600000, 0x0000000085600000, 0x0000000085700000|  0%| F|  |TAMS 0x0000000085600000, 0x0000000085600000| Untracked 
|  87|0x0000000085700000, 0x0000000085700000, 0x0000000085800000|  0%| F|  |TAMS 0x0000000085700000, 0x0000000085700000| Untracked 
|  88|0x0000000085800000, 0x0000000085800000, 0x0000000085900000|  0%| F|  |TAMS 0x0000000085800000, 0x0000000085800000| Untracked 
|  89|0x0000000085900000, 0x0000000085900000, 0x0000000085a00000|  0%| F|  |TAMS 0x0000000085900000, 0x0000000085900000| Untracked 
|  90|0x0000000085a00000, 0x0000000085a00000, 0x0000000085b00000|  0%| F|  |TAMS 0x0000000085a00000, 0x0000000085a00000| Untracked 
|  91|0x0000000085b00000, 0x0000000085b00000, 0x0000000085c00000|  0%| F|  |TAMS 0x0000000085b00000, 0x0000000085b00000| Untracked 
|  92|0x0000000085c00000, 0x0000000085c00000, 0x0000000085d00000|  0%| F|  |TAMS 0x0000000085c00000, 0x0000000085c00000| Untracked 
|  93|0x0000000085d00000, 0x0000000085d00000, 0x0000000085e00000|  0%| F|  |TAMS 0x0000000085d00000, 0x0000000085d00000| Untracked 
|  94|0x0000000085e00000, 0x0000000085e00000, 0x0000000085f00000|  0%| F|  |TAMS 0x0000000085e00000, 0x0000000085e00000| Untracked 
|  95|0x0000000085f00000, 0x0000000085f00000, 0x0000000086000000|  0%| F|  |TAMS 0x0000000085f00000, 0x0000000085f00000| Untracked 
|  96|0x0000000086000000, 0x0000000086000000, 0x0000000086100000|  0%| F|  |TAMS 0x0000000086000000, 0x0000000086000000| Untracked 
|  97|0x0000000086100000, 0x0000000086100000, 0x0000000086200000|  0%| F|  |TAMS 0x0000000086100000, 0x0000000086100000| Untracked 
|  98|0x0000000086200000, 0x0000000086200000, 0x0000000086300000|  0%| F|  |TAMS 0x0000000086200000, 0x0000000086200000| Untracked 
|  99|0x0000000086300000, 0x0000000086300000, 0x0000000086400000|  0%| F|  |TAMS 0x0000000086300000, 0x0000000086300000| Untracked 
| 100|0x0000000086400000, 0x0000000086400000, 0x0000000086500000|  0%| F|  |TAMS 0x0000000086400000, 0x0000000086400000| Untracked 
| 101|0x0000000086500000, 0x0000000086500000, 0x0000000086600000|  0%| F|  |TAMS 0x0000000086500000, 0x0000000086500000| Untracked 
| 102|0x0000000086600000, 0x0000000086600000, 0x0000000086700000|  0%| F|  |TAMS 0x0000000086600000, 0x0000000086600000| Untracked 
| 103|0x0000000086700000, 0x0000000086700000, 0x0000000086800000|  0%| F|  |TAMS 0x0000000086700000, 0x0000000086700000| Untracked 
| 104|0x0000000086800000, 0x0000000086800000, 0x0000000086900000|  0%| F|  |TAMS 0x0000000086800000, 0x0000000086800000| Untracked 
| 105|0x0000000086900000, 0x0000000086900000, 0x0000000086a00000|  0%| F|  |TAMS 0x0000000086900000, 0x0000000086900000| Untracked 
| 106|0x0000000086a00000, 0x0000000086a00000, 0x0000000086b00000|  0%| F|  |TAMS 0x0000000086a00000, 0x0000000086a00000| Untracked 
| 107|0x0000000086b00000, 0x0000000086b00000, 0x0000000086c00000|  0%| F|  |TAMS 0x0000000086b00000, 0x0000000086b00000| Untracked 
| 108|0x0000000086c00000, 0x0000000086c00000, 0x0000000086d00000|  0%| F|  |TAMS 0x0000000086c00000, 0x0000000086c00000| Untracked 
| 109|0x0000000086d00000, 0x0000000086d00000, 0x0000000086e00000|  0%| F|  |TAMS 0x0000000086d00000, 0x0000000086d00000| Untracked 
| 110|0x0000000086e00000, 0x0000000086e00000, 0x0000000086f00000|  0%| F|  |TAMS 0x0000000086e00000, 0x0000000086e00000| Untracked 
| 111|0x0000000086f00000, 0x0000000086f00000, 0x0000000087000000|  0%| F|  |TAMS 0x0000000086f00000, 0x0000000086f00000| Untracked 
| 112|0x0000000087000000, 0x0000000087000000, 0x0000000087100000|  0%| F|  |TAMS 0x0000000087000000, 0x0000000087000000| Untracked 
| 113|0x0000000087100000, 0x0000000087100000, 0x0000000087200000|  0%| F|  |TAMS 0x0000000087100000, 0x0000000087100000| Untracked 
| 114|0x0000000087200000, 0x0000000087200000, 0x0000000087300000|  0%| F|  |TAMS 0x0000000087200000, 0x0000000087200000| Untracked 
| 115|0x0000000087300000, 0x0000000087300000, 0x0000000087400000|  0%| F|  |TAMS 0x0000000087300000, 0x0000000087300000| Untracked 
| 116|0x0000000087400000, 0x0000000087400000, 0x0000000087500000|  0%| F|  |TAMS 0x0000000087400000, 0x0000000087400000| Untracked 
| 117|0x0000000087500000, 0x0000000087500000, 0x0000000087600000|  0%| F|  |TAMS 0x0000000087500000, 0x0000000087500000| Untracked 
| 118|0x0000000087600000, 0x0000000087600000, 0x0000000087700000|  0%| F|  |TAMS 0x0000000087600000, 0x0000000087600000| Untracked 
| 119|0x0000000087700000, 0x0000000087700000, 0x0000000087800000|  0%| F|  |TAMS 0x0000000087700000, 0x0000000087700000| Untracked 
| 120|0x0000000087800000, 0x0000000087800000, 0x0000000087900000|  0%| F|  |TAMS 0x0000000087800000, 0x0000000087800000| Untracked 
| 121|0x0000000087900000, 0x0000000087900000, 0x0000000087a00000|  0%| F|  |TAMS 0x0000000087900000, 0x0000000087900000| Untracked 
| 122|0x0000000087a00000, 0x0000000087a00000, 0x0000000087b00000|  0%| F|  |TAMS 0x0000000087a00000, 0x0000000087a00000| Untracked 
| 123|0x0000000087b00000, 0x0000000087b00000, 0x0000000087c00000|  0%| F|  |TAMS 0x0000000087b00000, 0x0000000087b00000| Untracked 
| 124|0x0000000087c00000, 0x0000000087c00000, 0x0000000087d00000|  0%| F|  |TAMS 0x0000000087c00000, 0x0000000087c00000| Untracked 
| 125|0x0000000087d00000, 0x0000000087d00000, 0x0000000087e00000|  0%| F|  |TAMS 0x0000000087d00000, 0x0000000087d00000| Untracked 
| 126|0x0000000087e00000, 0x0000000087e00000, 0x0000000087f00000|  0%| F|  |TAMS 0x0000000087e00000, 0x0000000087e00000| Untracked 
| 127|0x0000000087f00000, 0x0000000087f00000, 0x0000000088000000|  0%| F|  |TAMS 0x0000000087f00000, 0x0000000087f00000| Untracked 
| 128|0x0000000088000000, 0x0000000088000000, 0x0000000088100000|  0%| F|  |TAMS 0x0000000088000000, 0x0000000088000000| Untracked 
| 129|0x0000000088100000, 0x0000000088100000, 0x0000000088200000|  0%| F|  |TAMS 0x0000000088100000, 0x0000000088100000| Untracked 
| 130|0x0000000088200000, 0x0000000088200000, 0x0000000088300000|  0%| F|  |TAMS 0x0000000088200000, 0x0000000088200000| Untracked 
| 131|0x0000000088300000, 0x0000000088300000, 0x0000000088400000|  0%| F|  |TAMS 0x0000000088300000, 0x0000000088300000| Untracked 
| 132|0x0000000088400000, 0x0000000088400000, 0x0000000088500000|  0%| F|  |TAMS 0x0000000088400000, 0x0000000088400000| Untracked 
| 133|0x0000000088500000, 0x0000000088500000, 0x0000000088600000|  0%| F|  |TAMS 0x0000000088500000, 0x0000000088500000| Untracked 
| 134|0x0000000088600000, 0x0000000088600000, 0x0000000088700000|  0%| F|  |TAMS 0x0000000088600000, 0x0000000088600000| Untracked 
| 135|0x0000000088700000, 0x0000000088700000, 0x0000000088800000|  0%| F|  |TAMS 0x0000000088700000, 0x0000000088700000| Untracked 
| 136|0x0000000088800000, 0x0000000088800000, 0x0000000088900000|  0%| F|  |TAMS 0x0000000088800000, 0x0000000088800000| Untracked 
| 137|0x0000000088900000, 0x0000000088900000, 0x0000000088a00000|  0%| F|  |TAMS 0x0000000088900000, 0x0000000088900000| Untracked 
| 138|0x0000000088a00000, 0x0000000088a00000, 0x0000000088b00000|  0%| F|  |TAMS 0x0000000088a00000, 0x0000000088a00000| Untracked 
| 139|0x0000000088b00000, 0x0000000088b00000, 0x0000000088c00000|  0%| F|  |TAMS 0x0000000088b00000, 0x0000000088b00000| Untracked 
| 140|0x0000000088c00000, 0x0000000088c00000, 0x0000000088d00000|  0%| F|  |TAMS 0x0000000088c00000, 0x0000000088c00000| Untracked 
| 141|0x0000000088d00000, 0x0000000088d00000, 0x0000000088e00000|  0%| F|  |TAMS 0x0000000088d00000, 0x0000000088d00000| Untracked 
| 142|0x0000000088e00000, 0x0000000088e00000, 0x0000000088f00000|  0%| F|  |TAMS 0x0000000088e00000, 0x0000000088e00000| Untracked 
| 143|0x0000000088f00000, 0x0000000088f00000, 0x0000000089000000|  0%| F|  |TAMS 0x0000000088f00000, 0x0000000088f00000| Untracked 
| 144|0x0000000089000000, 0x0000000089000000, 0x0000000089100000|  0%| F|  |TAMS 0x0000000089000000, 0x0000000089000000| Untracked 
| 145|0x0000000089100000, 0x0000000089100000, 0x0000000089200000|  0%| F|  |TAMS 0x0000000089100000, 0x0000000089100000| Untracked 
| 146|0x0000000089200000, 0x0000000089200000, 0x0000000089300000|  0%| F|  |TAMS 0x0000000089200000, 0x0000000089200000| Untracked 
| 147|0x0000000089300000, 0x0000000089300000, 0x0000000089400000|  0%| F|  |TAMS 0x0000000089300000, 0x0000000089300000| Untracked 
| 148|0x0000000089400000, 0x0000000089400000, 0x0000000089500000|  0%| F|  |TAMS 0x0000000089400000, 0x0000000089400000| Untracked 
| 149|0x0000000089500000, 0x0000000089500000, 0x0000000089600000|  0%| F|  |TAMS 0x0000000089500000, 0x0000000089500000| Untracked 
| 150|0x0000000089600000, 0x0000000089600000, 0x0000000089700000|  0%| F|  |TAMS 0x0000000089600000, 0x0000000089600000| Untracked 
| 151|0x0000000089700000, 0x0000000089700000, 0x0000000089800000|  0%| F|  |TAMS 0x0000000089700000, 0x0000000089700000| Untracked 
| 152|0x0000000089800000, 0x0000000089900000, 0x0000000089900000|100%| S|CS|TAMS 0x0000000089800000, 0x0000000089800000| Complete 
| 153|0x0000000089900000, 0x0000000089a00000, 0x0000000089a00000|100%| S|CS|TAMS 0x0000000089900000, 0x0000000089900000| Complete 
| 154|0x0000000089a00000, 0x0000000089b00000, 0x0000000089b00000|100%| S|CS|TAMS 0x0000000089a00000, 0x0000000089a00000| Complete 
| 155|0x0000000089b00000, 0x0000000089b00000, 0x0000000089c00000|  0%| F|  |TAMS 0x0000000089b00000, 0x0000000089b00000| Untracked 
| 156|0x0000000089c00000, 0x0000000089c00000, 0x0000000089d00000|  0%| F|  |TAMS 0x0000000089c00000, 0x0000000089c00000| Untracked 
| 157|0x0000000089d00000, 0x0000000089d00000, 0x0000000089e00000|  0%| F|  |TAMS 0x0000000089d00000, 0x0000000089d00000| Untracked 
| 158|0x0000000089e00000, 0x0000000089e00000, 0x0000000089f00000|  0%| F|  |TAMS 0x0000000089e00000, 0x0000000089e00000| Untracked 
| 159|0x0000000089f00000, 0x0000000089f00000, 0x000000008a000000|  0%| F|  |TAMS 0x0000000089f00000, 0x0000000089f00000| Untracked 
| 160|0x000000008a000000, 0x000000008a000000, 0x000000008a100000|  0%| F|  |TAMS 0x000000008a000000, 0x000000008a000000| Untracked 
| 161|0x000000008a100000, 0x000000008a100000, 0x000000008a200000|  0%| F|  |TAMS 0x000000008a100000, 0x000000008a100000| Untracked 
| 162|0x000000008a200000, 0x000000008a200000, 0x000000008a300000|  0%| F|  |TAMS 0x000000008a200000, 0x000000008a200000| Untracked 
| 163|0x000000008a300000, 0x000000008a300000, 0x000000008a400000|  0%| F|  |TAMS 0x000000008a300000, 0x000000008a300000| Untracked 
| 164|0x000000008a400000, 0x000000008a400000, 0x000000008a500000|  0%| F|  |TAMS 0x000000008a400000, 0x000000008a400000| Untracked 
| 165|0x000000008a500000, 0x000000008a500000, 0x000000008a600000|  0%| F|  |TAMS 0x000000008a500000, 0x000000008a500000| Untracked 
| 166|0x000000008a600000, 0x000000008a600000, 0x000000008a700000|  0%| F|  |TAMS 0x000000008a600000, 0x000000008a600000| Untracked 
| 167|0x000000008a700000, 0x000000008a700000, 0x000000008a800000|  0%| F|  |TAMS 0x000000008a700000, 0x000000008a700000| Untracked 
| 168|0x000000008a800000, 0x000000008a800000, 0x000000008a900000|  0%| F|  |TAMS 0x000000008a800000, 0x000000008a800000| Untracked 
| 169|0x000000008a900000, 0x000000008a900000, 0x000000008aa00000|  0%| F|  |TAMS 0x000000008a900000, 0x000000008a900000| Untracked 
| 170|0x000000008aa00000, 0x000000008aa00000, 0x000000008ab00000|  0%| F|  |TAMS 0x000000008aa00000, 0x000000008aa00000| Untracked 
| 171|0x000000008ab00000, 0x000000008ab00000, 0x000000008ac00000|  0%| F|  |TAMS 0x000000008ab00000, 0x000000008ab00000| Untracked 
| 172|0x000000008ac00000, 0x000000008ac00000, 0x000000008ad00000|  0%| F|  |TAMS 0x000000008ac00000, 0x000000008ac00000| Untracked 
| 173|0x000000008ad00000, 0x000000008ad00000, 0x000000008ae00000|  0%| F|  |TAMS 0x000000008ad00000, 0x000000008ad00000| Untracked 
| 174|0x000000008ae00000, 0x000000008ae00000, 0x000000008af00000|  0%| F|  |TAMS 0x000000008ae00000, 0x000000008ae00000| Untracked 
| 175|0x000000008af00000, 0x000000008af00000, 0x000000008b000000|  0%| F|  |TAMS 0x000000008af00000, 0x000000008af00000| Untracked 
| 176|0x000000008b000000, 0x000000008b000000, 0x000000008b100000|  0%| F|  |TAMS 0x000000008b000000, 0x000000008b000000| Untracked 
| 177|0x000000008b100000, 0x000000008b100000, 0x000000008b200000|  0%| F|  |TAMS 0x000000008b100000, 0x000000008b100000| Untracked 
| 178|0x000000008b200000, 0x000000008b200000, 0x000000008b300000|  0%| F|  |TAMS 0x000000008b200000, 0x000000008b200000| Untracked 
| 179|0x000000008b300000, 0x000000008b300000, 0x000000008b400000|  0%| F|  |TAMS 0x000000008b300000, 0x000000008b300000| Untracked 
| 180|0x000000008b400000, 0x000000008b400000, 0x000000008b500000|  0%| F|  |TAMS 0x000000008b400000, 0x000000008b400000| Untracked 
| 181|0x000000008b500000, 0x000000008b500000, 0x000000008b600000|  0%| F|  |TAMS 0x000000008b500000, 0x000000008b500000| Untracked 
| 182|0x000000008b600000, 0x000000008b600000, 0x000000008b700000|  0%| F|  |TAMS 0x000000008b600000, 0x000000008b600000| Untracked 
| 183|0x000000008b700000, 0x000000008b700000, 0x000000008b800000|  0%| F|  |TAMS 0x000000008b700000, 0x000000008b700000| Untracked 
| 184|0x000000008b800000, 0x000000008b800000, 0x000000008b900000|  0%| F|  |TAMS 0x000000008b800000, 0x000000008b800000| Untracked 
| 185|0x000000008b900000, 0x000000008b900000, 0x000000008ba00000|  0%| F|  |TAMS 0x000000008b900000, 0x000000008b900000| Untracked 
| 186|0x000000008ba00000, 0x000000008ba00000, 0x000000008bb00000|  0%| F|  |TAMS 0x000000008ba00000, 0x000000008ba00000| Untracked 
| 187|0x000000008bb00000, 0x000000008bb00000, 0x000000008bc00000|  0%| F|  |TAMS 0x000000008bb00000, 0x000000008bb00000| Untracked 
| 188|0x000000008bc00000, 0x000000008bc00000, 0x000000008bd00000|  0%| F|  |TAMS 0x000000008bc00000, 0x000000008bc00000| Untracked 
| 189|0x000000008bd00000, 0x000000008bd00000, 0x000000008be00000|  0%| F|  |TAMS 0x000000008bd00000, 0x000000008bd00000| Untracked 
| 190|0x000000008be00000, 0x000000008be00000, 0x000000008bf00000|  0%| F|  |TAMS 0x000000008be00000, 0x000000008be00000| Untracked 
| 191|0x000000008bf00000, 0x000000008bf00000, 0x000000008c000000|  0%| F|  |TAMS 0x000000008bf00000, 0x000000008bf00000| Untracked 
| 192|0x000000008c000000, 0x000000008c000000, 0x000000008c100000|  0%| F|  |TAMS 0x000000008c000000, 0x000000008c000000| Untracked 
| 193|0x000000008c100000, 0x000000008c100000, 0x000000008c200000|  0%| F|  |TAMS 0x000000008c100000, 0x000000008c100000| Untracked 
| 194|0x000000008c200000, 0x000000008c200000, 0x000000008c300000|  0%| F|  |TAMS 0x000000008c200000, 0x000000008c200000| Untracked 
| 195|0x000000008c300000, 0x000000008c300000, 0x000000008c400000|  0%| F|  |TAMS 0x000000008c300000, 0x000000008c300000| Untracked 
| 196|0x000000008c400000, 0x000000008c400000, 0x000000008c500000|  0%| F|  |TAMS 0x000000008c400000, 0x000000008c400000| Untracked 
| 197|0x000000008c500000, 0x000000008c500000, 0x000000008c600000|  0%| F|  |TAMS 0x000000008c500000, 0x000000008c500000| Untracked 
| 198|0x000000008c600000, 0x000000008c600000, 0x000000008c700000|  0%| F|  |TAMS 0x000000008c600000, 0x000000008c600000| Untracked 
| 199|0x000000008c700000, 0x000000008c700000, 0x000000008c800000|  0%| F|  |TAMS 0x000000008c700000, 0x000000008c700000| Untracked 
| 200|0x000000008c800000, 0x000000008c800000, 0x000000008c900000|  0%| F|  |TAMS 0x000000008c800000, 0x000000008c800000| Untracked 
| 201|0x000000008c900000, 0x000000008c900000, 0x000000008ca00000|  0%| F|  |TAMS 0x000000008c900000, 0x000000008c900000| Untracked 
| 202|0x000000008ca00000, 0x000000008ca00000, 0x000000008cb00000|  0%| F|  |TAMS 0x000000008ca00000, 0x000000008ca00000| Untracked 

Card table byte_map: [0x00000153e1a40000,0x00000153e1e40000] _byte_map_base: 0x00000153e1640000

Marking Bits (Prev, Next): (CMBitMap*) 0x00000153ce28a9b0, (CMBitMap*) 0x00000153ce28a978
 Prev Bits: [0x00000153e4240000, 0x00000153e6240000)
 Next Bits: [0x00000153e2240000, 0x00000153e4240000)

Polling page: 0x00000153cca30000

Metaspace:

Usage:
  Non-class:     37.39 MB capacity,    36.87 MB ( 99%) used,   446.58 KB (  1%) free+waste,    88.19 KB ( <1%) overhead. 
      Class:      5.71 MB capacity,     5.34 MB ( 94%) used,   326.47 KB (  6%) free+waste,    42.50 KB ( <1%) overhead. 
       Both:     43.10 MB capacity,    42.22 MB ( 98%) used,   773.05 KB (  2%) free+waste,   130.69 KB ( <1%) overhead. 

Virtual space:
  Non-class space:       38.00 MB reserved,      37.50 MB ( 99%) committed 
      Class space:        1.00 GB reserved,       5.75 MB ( <1%) committed 
             Both:        1.04 GB reserved,      43.25 MB (  4%) committed 

Chunk freelists:
   Non-Class:  46.00 KB
       Class:  14.00 KB
        Both:  60.00 KB

MaxMetaspaceSize: 17179869184.00 GB
CompressedClassSpaceSize: 1.00 GB

CodeHeap 'non-profiled nmethods': size=120000Kb used=1797Kb max_used=1797Kb free=118203Kb
 bounds [0x00000153d96a0000, 0x00000153d9910000, 0x00000153e0bd0000]
CodeHeap 'profiled nmethods': size=120000Kb used=7054Kb max_used=7054Kb free=112945Kb
 bounds [0x00000153d2170000, 0x00000153d2860000, 0x00000153d96a0000]
CodeHeap 'non-nmethods': size=5760Kb used=2208Kb max_used=2256Kb free=3551Kb
 bounds [0x00000153d1bd0000, 0x00000153d1e40000, 0x00000153d2170000]
 total_blobs=4129 nmethods=3349 adapters=691
 compilation: enabled
              stopped_count=0, restarted_count=0
 full_count=0

Compilation events (20 events):
Event: 9.518 Thread 0x00000153e8d2e800 3580       3       org.codehaus.groovy.util.ComplexKeyHashMap$1::nextEntry (69 bytes)
Event: 9.519 Thread 0x00000153e8d2e800 nmethod 3580 0x00000153d2850690 code [0x00000153d2850880, 0x00000153d2850c08]
Event: 9.519 Thread 0x00000153e8d2e800 3581  s!   3       java.beans.PropertyDescriptor::getPropertyType (33 bytes)
Event: 9.519 Thread 0x00000153e8d2e800 nmethod 3581 0x00000153d2850e10 code [0x00000153d2851060, 0x00000153d2851ac8]
Event: 9.519 Thread 0x00000153e8d2e800 3582       3       org.codehaus.groovy.util.ComplexKeyHashMap$1::next (5 bytes)
Event: 9.520 Thread 0x00000153e8d2e800 nmethod 3582 0x00000153d2851e10 code [0x00000153d2851fc0, 0x00000153d2852108]
Event: 9.522 Thread 0x00000153e8d2e800 3583       3       java.lang.ClassValue$Entry::assertNotPromise (22 bytes)
Event: 9.522 Thread 0x00000153e8d2e800 nmethod 3583 0x00000153d2852190 code [0x00000153d2852340, 0x00000153d2852458]
Event: 9.524 Thread 0x00000153e8d2e800 3584       3       org.codehaus.groovy.util.ComplexKeyHashMap::<init> (11 bytes)
Event: 9.525 Thread 0x00000153e8d2e800 nmethod 3584 0x00000153d2852510 code [0x00000153d28526e0, 0x00000153d2852a18]
Event: 9.525 Thread 0x00000153e8d2e800 3586       3       java.lang.ClassValue$Entry::value (9 bytes)
Event: 9.525 Thread 0x00000153e8d2e800 nmethod 3586 0x00000153d2852b10 code [0x00000153d2852cc0, 0x00000153d2852e38]
Event: 9.525 Thread 0x00000153e8d2e800 3585       3       org.codehaus.groovy.util.ComplexKeyHashMap::init (20 bytes)
Event: 9.525 Thread 0x00000153e8d2e800 nmethod 3585 0x00000153d2852f10 code [0x00000153d28530c0, 0x00000153d28532d8]
Event: 9.528 Thread 0x00000153e8d2e800 3588       3       java.lang.ClassValue$ClassValueMap::probeBackupLocations (151 bytes)
Event: 9.530 Thread 0x00000153e8d2e800 nmethod 3588 0x00000153d2853390 code [0x00000153d2853640, 0x00000153d2854b98]
Event: 9.530 Thread 0x00000153e8d2e800 3589   !   3       java.lang.ClassValue::getFromHashMap (70 bytes)
Event: 9.531 Thread 0x00000153e8d2e800 nmethod 3589 0x00000153d2855090 code [0x00000153d2855320, 0x00000153d2855f58]
Event: 9.537 Thread 0x00000153e8d26800 nmethod 3562 0x00000153d985fc10 code [0x00000153d985fe60, 0x00000153d9860af8]
Event: 9.537 Thread 0x00000153e8d26800 3587       4       java.lang.PublicMethods$MethodList::filter (104 bytes)

GC Heap History (20 events):
Event: 6.395 GC heap after
{Heap after GC invocations=29 (full 0):
 garbage-first heap   total 83968K, used 49882K [0x0000000080000000, 0x0000000100000000)
  region size 1024K, 1 young (1024K), 1 survivors (1024K)
 Metaspace       used 39982K, capacity 40944K, committed 41216K, reserved 1085440K
  class space    used 5142K, capacity 5508K, committed 5632K, reserved 1048576K
}
Event: 6.439 GC heap before
{Heap before GC invocations=29 (full 0):
 garbage-first heap   total 83968K, used 63194K [0x0000000080000000, 0x0000000100000000)
  region size 1024K, 14 young (14336K), 1 survivors (1024K)
 Metaspace       used 39982K, capacity 40944K, committed 41216K, reserved 1085440K
  class space    used 5142K, capacity 5508K, committed 5632K, reserved 1048576K
}
Event: 6.442 GC heap after
{Heap after GC invocations=30 (full 0):
 garbage-first heap   total 83968K, used 53586K [0x0000000080000000, 0x0000000100000000)
  region size 1024K, 2 young (2048K), 2 survivors (2048K)
 Metaspace       used 39982K, capacity 40944K, committed 41216K, reserved 1085440K
  class space    used 5142K, capacity 5508K, committed 5632K, reserved 1048576K
}
Event: 6.486 GC heap before
{Heap before GC invocations=31 (full 0):
 garbage-first heap   total 83968K, used 64850K [0x0000000080000000, 0x0000000100000000)
  region size 1024K, 13 young (13312K), 2 survivors (2048K)
 Metaspace       used 39984K, capacity 40944K, committed 41216K, reserved 1085440K
  class space    used 5142K, capacity 5508K, committed 5632K, reserved 1048576K
}
Event: 6.488 GC heap after
{Heap after GC invocations=32 (full 0):
 garbage-first heap   total 103424K, used 55601K [0x0000000080000000, 0x0000000100000000)
  region size 1024K, 2 young (2048K), 2 survivors (2048K)
 Metaspace       used 39984K, capacity 40944K, committed 41216K, reserved 1085440K
  class space    used 5142K, capacity 5508K, committed 5632K, reserved 1048576K
}
Event: 6.497 GC heap before
{Heap before GC invocations=32 (full 0):
 garbage-first heap   total 103424K, used 58673K [0x0000000080000000, 0x0000000100000000)
  region size 1024K, 5 young (5120K), 2 survivors (2048K)
 Metaspace       used 39984K, capacity 40944K, committed 41216K, reserved 1085440K
  class space    used 5142K, capacity 5508K, committed 5632K, reserved 1048576K
}
Event: 6.500 GC heap after
{Heap after GC invocations=33 (full 0):
 garbage-first heap   total 103424K, used 55432K [0x0000000080000000, 0x0000000100000000)
  region size 1024K, 1 young (1024K), 1 survivors (1024K)
 Metaspace       used 39984K, capacity 40944K, committed 41216K, reserved 1085440K
  class space    used 5142K, capacity 5508K, committed 5632K, reserved 1048576K
}
Event: 6.679 GC heap before
{Heap before GC invocations=33 (full 0):
 garbage-first heap   total 103424K, used 76936K [0x0000000080000000, 0x0000000100000000)
  region size 1024K, 22 young (22528K), 1 survivors (1024K)
 Metaspace       used 39988K, capacity 40944K, committed 41216K, reserved 1085440K
  class space    used 5142K, capacity 5508K, committed 5632K, reserved 1048576K
}
Event: 6.694 GC heap after
{Heap after GC invocations=34 (full 0):
 garbage-first heap   total 103424K, used 57126K [0x0000000080000000, 0x0000000100000000)
  region size 1024K, 3 young (3072K), 3 survivors (3072K)
 Metaspace       used 39988K, capacity 40944K, committed 41216K, reserved 1085440K
  class space    used 5142K, capacity 5508K, committed 5632K, reserved 1048576K
}
Event: 6.803 GC heap before
{Heap before GC invocations=34 (full 0):
 garbage-first heap   total 103424K, used 77606K [0x0000000080000000, 0x0000000100000000)
  region size 1024K, 24 young (24576K), 3 survivors (3072K)
 Metaspace       used 39988K, capacity 40944K, committed 41216K, reserved 1085440K
  class space    used 5142K, capacity 5508K, committed 5632K, reserved 1048576K
}
Event: 6.814 GC heap after
{Heap after GC invocations=35 (full 0):
 garbage-first heap   total 103424K, used 57846K [0x0000000080000000, 0x0000000100000000)
  region size 1024K, 3 young (3072K), 3 survivors (3072K)
 Metaspace       used 39988K, capacity 40944K, committed 41216K, reserved 1085440K
  class space    used 5142K, capacity 5508K, committed 5632K, reserved 1048576K
}
Event: 6.921 GC heap before
{Heap before GC invocations=36 (full 0):
 garbage-first heap   total 103424K, used 79350K [0x0000000080000000, 0x0000000100000000)
  region size 1024K, 24 young (24576K), 3 survivors (3072K)
 Metaspace       used 39988K, capacity 40944K, committed 41216K, reserved 1085440K
  class space    used 5142K, capacity 5508K, committed 5632K, reserved 1048576K
}
Event: 6.945 GC heap after
{Heap after GC invocations=37 (full 0):
 garbage-first heap   total 207872K, used 58199K [0x0000000080000000, 0x0000000100000000)
  region size 1024K, 3 young (3072K), 3 survivors (3072K)
 Metaspace       used 39988K, capacity 40944K, committed 41216K, reserved 1085440K
  class space    used 5142K, capacity 5508K, committed 5632K, reserved 1048576K
}
Event: 6.994 GC heap before
{Heap before GC invocations=37 (full 0):
 garbage-first heap   total 207872K, used 65367K [0x0000000080000000, 0x0000000100000000)
  region size 1024K, 10 young (10240K), 3 survivors (3072K)
 Metaspace       used 39988K, capacity 40944K, committed 41216K, reserved 1085440K
  class space    used 5142K, capacity 5508K, committed 5632K, reserved 1048576K
}
Event: 7.012 GC heap after
{Heap after GC invocations=38 (full 0):
 garbage-first heap   total 207872K, used 55393K [0x0000000080000000, 0x0000000100000000)
  region size 1024K, 1 young (1024K), 1 survivors (1024K)
 Metaspace       used 39988K, capacity 40944K, committed 41216K, reserved 1085440K
  class space    used 5142K, capacity 5508K, committed 5632K, reserved 1048576K
}
Event: 7.684 GC heap before
{Heap before GC invocations=38 (full 0):
 garbage-first heap   total 207872K, used 145505K [0x0000000080000000, 0x0000000100000000)
  region size 1024K, 89 young (91136K), 1 survivors (1024K)
 Metaspace       used 40019K, capacity 40944K, committed 41216K, reserved 1085440K
  class space    used 5146K, capacity 5508K, committed 5632K, reserved 1048576K
}
Event: 7.806 GC heap after
{Heap after GC invocations=39 (full 0):
 garbage-first heap   total 207872K, used 80622K [0x0000000080000000, 0x0000000100000000)
  region size 1024K, 12 young (12288K), 12 survivors (12288K)
 Metaspace       used 40019K, capacity 40944K, committed 41216K, reserved 1085440K
  class space    used 5146K, capacity 5508K, committed 5632K, reserved 1048576K
}
Event: 8.046 GC heap before
{Heap before GC invocations=39 (full 0):
 garbage-first heap   total 207872K, used 133870K [0x0000000080000000, 0x0000000100000000)
  region size 1024K, 64 young (65536K), 12 survivors (12288K)
 Metaspace       used 40020K, capacity 40944K, committed 41216K, reserved 1085440K
  class space    used 5146K, capacity 5508K, committed 5632K, reserved 1048576K
}
Event: 8.118 GC heap after
{Heap after GC invocations=40 (full 0):
 garbage-first heap   total 207872K, used 90515K [0x0000000080000000, 0x0000000100000000)
  region size 1024K, 8 young (8192K), 8 survivors (8192K)
 Metaspace       used 40020K, capacity 40944K, committed 41216K, reserved 1085440K
  class space    used 5146K, capacity 5508K, committed 5632K, reserved 1048576K
}
Event: 9.545 GC heap before
{Heap before GC invocations=40 (full 0):
 garbage-first heap   total 207872K, used 143763K [0x0000000080000000, 0x0000000100000000)
  region size 1024K, 56 young (57344K), 8 survivors (8192K)
 Metaspace       used 43228K, capacity 44132K, committed 44288K, reserved 1087488K
  class space    used 5473K, capacity 5842K, committed 5888K, reserved 1048576K
}

Deoptimization events (20 events):
Event: 9.468 Thread 0x00000153ed8b8800 Uncommon trap: trap_request=0xffffffde fr.pc=0x00000153d9800e2c relative=0x000000000000068c
Event: 9.468 Thread 0x00000153ed8b8800 Uncommon trap: reason=class_check action=maybe_recompile pc=0x00000153d9800e2c method=sun.security.provider.DigestBase.engineDigest([BII)I @ 97 c2
Event: 9.468 Thread 0x00000153ed8b8800 DEOPT PACKING pc=0x00000153d9800e2c sp=0x00000032ff5fe380
Event: 9.468 Thread 0x00000153ed8b8800 DEOPT UNPACKING pc=0x00000153d1bf74af sp=0x00000032ff5fe350 mode 2
Event: 9.468 Thread 0x00000153ed8b8800 Uncommon trap: trap_request=0xffffffde fr.pc=0x00000153d9804bcc relative=0x000000000000018c
Event: 9.469 Thread 0x00000153ed8b8800 Uncommon trap: reason=class_check action=maybe_recompile pc=0x00000153d9804bcc method=java.security.MessageDigest$Delegate.engineDigest()[B @ 4 c2
Event: 9.469 Thread 0x00000153ed8b8800 DEOPT PACKING pc=0x00000153d9804bcc sp=0x00000032ff5fe3a0
Event: 9.469 Thread 0x00000153ed8b8800 DEOPT UNPACKING pc=0x00000153d1bf74af sp=0x00000032ff5fe338 mode 2
Event: 9.469 Thread 0x00000153ed8b8800 Uncommon trap: trap_request=0xffffffde fr.pc=0x00000153d9800e2c relative=0x000000000000068c
Event: 9.469 Thread 0x00000153ed8b8800 Uncommon trap: reason=class_check action=maybe_recompile pc=0x00000153d9800e2c method=sun.security.provider.DigestBase.engineDigest([BII)I @ 97 c2
Event: 9.469 Thread 0x00000153ed8b8800 DEOPT PACKING pc=0x00000153d9800e2c sp=0x00000032ff5fe270
Event: 9.469 Thread 0x00000153ed8b8800 DEOPT UNPACKING pc=0x00000153d1bf74af sp=0x00000032ff5fe240 mode 2
Event: 9.469 Thread 0x00000153ed8b8800 Uncommon trap: trap_request=0xffffffde fr.pc=0x00000153d9804bcc relative=0x000000000000018c
Event: 9.469 Thread 0x00000153ed8b8800 Uncommon trap: reason=class_check action=maybe_recompile pc=0x00000153d9804bcc method=java.security.MessageDigest$Delegate.engineDigest()[B @ 4 c2
Event: 9.469 Thread 0x00000153ed8b8800 DEOPT PACKING pc=0x00000153d9804bcc sp=0x00000032ff5fe4a0
Event: 9.469 Thread 0x00000153ed8b8800 DEOPT UNPACKING pc=0x00000153d1bf74af sp=0x00000032ff5fe438 mode 2
Event: 9.469 Thread 0x00000153ed8b8800 Uncommon trap: trap_request=0xffffffde fr.pc=0x00000153d9800e2c relative=0x000000000000068c
Event: 9.469 Thread 0x00000153ed8b8800 Uncommon trap: reason=class_check action=maybe_recompile pc=0x00000153d9800e2c method=sun.security.provider.DigestBase.engineDigest([BII)I @ 97 c2
Event: 9.469 Thread 0x00000153ed8b8800 DEOPT PACKING pc=0x00000153d9800e2c sp=0x00000032ff5fe370
Event: 9.469 Thread 0x00000153ed8b8800 DEOPT UNPACKING pc=0x00000153d1bf74af sp=0x00000032ff5fe340 mode 2

Classes redefined (0 events):
No events

Internal exceptions (20 events):
Event: 5.586 Thread 0x00000153eb79c800 Exception <a 'java/lang/ClassNotFoundException'{0x0000000084036c50}: org/gradle/internal/metaobject/ConfigureDelegateCustomizer> (0x0000000084036c50) thrown at [./src/hotspot/share/classfile/systemDictionary.cpp, line 231]
Event: 5.592 Thread 0x00000153eb79c800 Exception <a 'java/lang/ClassNotFoundException'{0x0000000084093158}: org/gradle/api/internal/initialization/DefaultScriptHandlerBeanInfo> (0x0000000084093158) thrown at [./src/hotspot/share/classfile/systemDictionary.cpp, line 231]
Event: 5.592 Thread 0x00000153eb79c800 Exception <a 'java/lang/ClassNotFoundException'{0x00000000840b3f98}: org/gradle/api/internal/initialization/DefaultScriptHandlerCustomizer> (0x00000000840b3f98) thrown at [./src/hotspot/share/classfile/systemDictionary.cpp, line 231]
Event: 5.697 Thread 0x00000153eb79c800 Exception <a 'java/lang/ClassNotFoundException'{0x00000000839b91c0}: org/gradle/api/internal/artifacts/dsl/dependencies/DefaultDependencyHandler_DecoratedBeanInfo> (0x00000000839b91c0) thrown at [./src/hotspot/share/classfile/systemDictionary.cpp, line 231]
Event: 5.698 Thread 0x00000153eb79c800 Exception <a 'java/lang/ClassNotFoundException'{0x00000000839ec708}: org/gradle/api/internal/artifacts/dsl/dependencies/DefaultDependencyHandlerBeanInfo> (0x00000000839ec708) thrown at [./src/hotspot/share/classfile/systemDictionary.cpp, line 231]
Event: 5.699 Thread 0x00000153eb79c800 Exception <a 'java/lang/ClassNotFoundException'{0x000000008381fcd0}: org/gradle/api/internal/artifacts/dsl/dependencies/DefaultDependencyHandlerCustomizer> (0x000000008381fcd0) thrown at [./src/hotspot/share/classfile/systemDictionary.cpp, line 231]
Event: 5.702 Thread 0x00000153eb79c800 Exception <a 'java/lang/ClassNotFoundException'{0x0000000083871e00}: org/gradle/api/internal/artifacts/dsl/dependencies/DefaultDependencyHandler_DecoratedCustomizer> (0x0000000083871e00) thrown at [./src/hotspot/share/classfile/systemDictionary.cpp, line 231]
Event: 5.868 Thread 0x00000153eb79c800 Exception <a 'java/lang/NoSuchMethodError'{0x0000000083c91da0}: 'java.lang.Object java.lang.invoke.DirectMethodHandle$Holder.invokeStatic(java.lang.Object, java.lang.Object, java.lang.Object, int)'> (0x0000000083c91da0) thrown at [./src/hotspot/share/interpreter/linkResolver.cpp, line 773]
Event: 5.868 Thread 0x00000153eb79c800 Exception <a 'java/lang/NoSuchMethodError'{0x0000000083c963b8}: 'java.lang.Object java.lang.invoke.DirectMethodHandle$Holder.invokeSpecial(java.lang.Object, java.lang.Object, java.lang.Object, java.lang.Object, int)'> (0x0000000083c963b8) thrown at [./src/hotspot/share/interpreter/linkResolver.cpp, line 773]
Event: 5.869 Thread 0x00000153eb79c800 Exception <a 'java/lang/NoSuchMethodError'{0x0000000083c9a2f0}: 'java.lang.Object java.lang.invoke.Invokers$Holder.linkToTargetMethod(java.lang.Object, java.lang.Object, int, java.lang.Object)'> (0x0000000083c9a2f0) thrown at [./src/hotspot/share/interpreter/linkResolver.cpp, line 773]
Event: 5.874 Thread 0x00000153eb79c800 Exception <a 'java/lang/NoSuchMethodError'{0x0000000083cdc098}: 'int java.lang.invoke.DirectMethodHandle$Holder.invokeInterface(java.lang.Object, java.lang.Object)'> (0x0000000083cdc098) thrown at [./src/hotspot/share/interpreter/linkResolver.cpp, line 773]
Event: 5.875 Thread 0x00000153eb79c800 Exception <a 'java/lang/IncompatibleClassChangeError'{0x0000000083cdf8d0}: Found class java.lang.Object, but interface was expected> (0x0000000083cdf8d0) thrown at [./src/hotspot/share/interpreter/linkResolver.cpp, line 839]
Event: 5.900 Thread 0x00000153eb79c800 Exception <a 'java/lang/NoSuchMethodError'{0x0000000083a3f1a0}: 'java.lang.Object java.lang.invoke.Invokers$Holder.linkToTargetMethod(java.lang.Object, int, java.lang.Object)'> (0x0000000083a3f1a0) thrown at [./src/hotspot/share/interpreter/linkResolver.cpp, line 773]
Event: 5.939 Thread 0x00000153eb79c800 Exception <a 'java/lang/NoSuchMethodError'{0x000000008375d678}: 'int java.lang.invoke.DirectMethodHandle$Holder.invokeStaticInit(java.lang.Object)'> (0x000000008375d678) thrown at [./src/hotspot/share/interpreter/linkResolver.cpp, line 773]
Event: 6.012 Thread 0x00000153eb79c800 Exception <a 'java/lang/NoSuchMethodError'{0x00000000843b57b0}: 'void java.lang.invoke.DirectMethodHandle$Holder.invokeStatic(java.lang.Object, java.lang.Object, java.lang.Object, java.lang.Object, java.lang.Object)'> (0x00000000843b57b0) thrown at [./src/hotspot/share/interpreter/linkResolver.cpp, line 773]
Event: 8.448 Thread 0x00000153eb79c800 Implicit null exception at 0x00000153d97f8814 to 0x00000153d97f9364
Event: 9.490 Thread 0x00000153ed8b8800 Exception <a 'sun/nio/fs/WindowsException'{0x0000000089cde148}> (0x0000000089cde148) thrown at [./src/hotspot/share/prims/jni.cpp, line 615]
Event: 9.492 Thread 0x00000153ed8b8800 Exception <a 'sun/nio/fs/WindowsException'{0x0000000089cde328}> (0x0000000089cde328) thrown at [./src/hotspot/share/prims/jni.cpp, line 615]
Event: 9.513 Thread 0x00000153eb79c800 Exception <a 'java/lang/ClassNotFoundException'{0x0000000089b4f3a0}: sync_studio_tooling2_6xz1xfzye76vv26g8w1c157ivBeanInfo> (0x0000000089b4f3a0) thrown at [./src/hotspot/share/classfile/systemDictionary.cpp, line 231]
Event: 9.514 Thread 0x00000153eb79c800 Exception <a 'java/lang/ClassNotFoundException'{0x0000000089b58e38}: sync_studio_tooling2_6xz1xfzye76vv26g8w1c157ivCustomizer> (0x0000000089b58e38) thrown at [./src/hotspot/share/classfile/systemDictionary.cpp, line 231]

Events (20 events):
Event: 9.530 loading class org/gradle/vcs/SourceControl done
Event: 9.531 loading class org/gradle/plugin/management/PluginManagementSpec
Event: 9.531 loading class org/gradle/plugin/management/PluginManagementSpec done
Event: 9.532 loading class org/gradle/api/internal/project/ProjectStateInternal
Event: 9.532 loading class org/gradle/api/internal/project/ProjectStateInternal done
Event: 9.534 loading class org/gradle/api/internal/tasks/TaskContainerInternal
Event: 9.534 loading class org/gradle/api/internal/tasks/TaskContainerInternal done
Event: 9.538 loading class org/gradle/internal/model/RuleBasedPluginListener
Event: 9.538 loading class org/gradle/internal/model/RuleBasedPluginListener done
Event: 9.539 loading class org/gradle/configuration/project/ProjectConfigurationActionContainer
Event: 9.539 loading class org/gradle/configuration/project/ProjectConfigurationActionContainer done
Event: 9.540 loading class org/gradle/model/internal/registry/ModelRegistry
Event: 9.540 loading class org/gradle/model/internal/registry/ModelRegistry done
Event: 9.542 loading class org/gradle/api/AntBuilder
Event: 9.542 loading class org/gradle/api/AntBuilder done
Event: 9.542 loading class groovy/util/AntBuilder
Event: 9.542 loading class groovy/util/AntBuilder done
Event: 9.544 loading class groovy/util/BuilderSupport
Event: 9.544 loading class groovy/util/BuilderSupport done
Event: 9.544 Executing VM operation: G1CollectForAllocation


Dynamic libraries:
0x00007ff6049c0000 - 0x00007ff6049ca000 	C:\Program Files\Android\Android Studio\jre\bin\java.exe
0x00007ff881430000 - 0x00007ff881625000 	C:\Windows\SYSTEM32\ntdll.dll
0x00007ff87f6e0000 - 0x00007ff87f79d000 	C:\Windows\System32\KERNEL32.DLL
0x00007ff87ede0000 - 0x00007ff87f0a9000 	C:\Windows\System32\KERNELBASE.dll
0x00007ff87f3a0000 - 0x00007ff87f4a0000 	C:\Windows\System32\ucrtbase.dll
0x00007ff87a560000 - 0x00007ff87a579000 	C:\Program Files\Android\Android Studio\jre\bin\jli.dll
0x00007ff8811e0000 - 0x00007ff881380000 	C:\Windows\System32\USER32.dll
0x00007ff87eb70000 - 0x00007ff87eb92000 	C:\Windows\System32\win32u.dll
0x00007ff878cb0000 - 0x00007ff878cc7000 	C:\Program Files\Android\Android Studio\jre\bin\VCRUNTIME140.dll
0x00007ff880fe0000 - 0x00007ff88100a000 	C:\Windows\System32\GDI32.dll
0x00007ff87f290000 - 0x00007ff87f39b000 	C:\Windows\System32\gdi32full.dll
0x00007ff87f0b0000 - 0x00007ff87f14d000 	C:\Windows\System32\msvcp_win.dll
0x00007ff86c860000 - 0x00007ff86cafa000 	C:\Windows\WinSxS\amd64_microsoft.windows.common-controls_6595b64144ccf1df_6.0.19041.1083_none_60bbe31371f34e71\COMCTL32.dll
0x00007ff87f590000 - 0x00007ff87f62e000 	C:\Windows\System32\msvcrt.dll
0x00007ff8811b0000 - 0x00007ff8811e0000 	C:\Windows\System32\IMM32.DLL
0x00007ff8679d0000 - 0x00007ff867a6d000 	C:\Program Files\Android\Android Studio\jre\bin\msvcp140.dll
0x00007ff850490000 - 0x00007ff850f4c000 	C:\Program Files\Android\Android Studio\jre\bin\server\jvm.dll
0x00007ff87f810000 - 0x00007ff87f8bc000 	C:\Windows\System32\ADVAPI32.dll
0x00007ff880a90000 - 0x00007ff880b2b000 	C:\Windows\System32\sechost.dll
0x00007ff87fc80000 - 0x00007ff87fdaa000 	C:\Windows\System32\RPCRT4.dll
0x00007ff881380000 - 0x00007ff881388000 	C:\Windows\System32\PSAPI.DLL
0x00007ff8746f0000 - 0x00007ff8746fa000 	C:\Windows\SYSTEM32\VERSION.dll
0x00007ff873ff0000 - 0x00007ff874017000 	C:\Windows\SYSTEM32\WINMM.dll
0x00007ff878ca0000 - 0x00007ff878ca9000 	C:\Windows\SYSTEM32\WSOCK32.dll
0x00007ff87f7a0000 - 0x00007ff87f80b000 	C:\Windows\System32\ws2_32.DLL
0x00007ff87d410000 - 0x00007ff87d422000 	C:\Windows\SYSTEM32\kernel.appcore.dll
0x00007ff876d20000 - 0x00007ff876d31000 	C:\Program Files\Android\Android Studio\jre\bin\verify.dll
0x00007ff876370000 - 0x00007ff876554000 	C:\Windows\SYSTEM32\DBGHELP.DLL
0x00007ff86e770000 - 0x00007ff86e79c000 	C:\Windows\SYSTEM32\dbgcore.DLL
0x00007ff87ed50000 - 0x00007ff87edd3000 	C:\Windows\System32\bcryptPrimitives.dll
0x00007ff86ceb0000 - 0x00007ff86ced9000 	C:\Program Files\Android\Android Studio\jre\bin\java.dll
0x00007ff878c90000 - 0x00007ff878c9b000 	C:\Program Files\Android\Android Studio\jre\bin\jimage.dll
0x00007ff86d090000 - 0x00007ff86d0a8000 	C:\Program Files\Android\Android Studio\jre\bin\zip.dll
0x00007ff87fdd0000 - 0x00007ff88050f000 	C:\Windows\System32\SHELL32.dll
0x00007ff87c920000 - 0x00007ff87d0b1000 	C:\Windows\SYSTEM32\windows.storage.dll
0x00007ff87f920000 - 0x00007ff87fc75000 	C:\Windows\System32\combase.dll
0x00007ff87e570000 - 0x00007ff87e59c000 	C:\Windows\SYSTEM32\Wldp.dll
0x00007ff87f630000 - 0x00007ff87f6de000 	C:\Windows\System32\SHCORE.dll
0x00007ff87f8c0000 - 0x00007ff87f915000 	C:\Windows\System32\shlwapi.dll
0x00007ff87eab0000 - 0x00007ff87eacf000 	C:\Windows\SYSTEM32\profapi.dll
0x00007ff86a5f0000 - 0x00007ff86a60a000 	C:\Program Files\Android\Android Studio\jre\bin\net.dll
0x00007ff873600000 - 0x00007ff87370a000 	C:\Windows\SYSTEM32\WINHTTP.dll
0x00007ff87e270000 - 0x00007ff87e2da000 	C:\Windows\system32\mswsock.dll
0x00007ff86a510000 - 0x00007ff86a524000 	C:\Program Files\Android\Android Studio\jre\bin\nio.dll
0x00007ff86d010000 - 0x00007ff86d037000 	C:\Users\lozan\.gradle\native\fdc75f09e3144964f2cf3f50f0aa648679c211496f362492102eb8c894070792\windows-amd64\native-platform.dll
0x00007ff858c20000 - 0x00007ff858db6000 	C:\Users\lozan\.gradle\native\12488b8bf47d2d4c9fbf2f6322a914ad602e24e48041cd04a747c6da556b65c4\windows-amd64\native-platform-file-events.dll
0x00007ff876d70000 - 0x00007ff876d7a000 	C:\Program Files\Android\Android Studio\jre\bin\management.dll
0x00007ff876d60000 - 0x00007ff876d6c000 	C:\Program Files\Android\Android Studio\jre\bin\management_ext.dll
0x00007ff87e460000 - 0x00007ff87e478000 	C:\Windows\SYSTEM32\CRYPTSP.dll
0x00007ff87dc10000 - 0x00007ff87dc44000 	C:\Windows\system32\rsaenh.dll
0x00007ff87f1b0000 - 0x00007ff87f1d7000 	C:\Windows\System32\bcrypt.dll
0x00007ff87ea30000 - 0x00007ff87ea5e000 	C:\Windows\SYSTEM32\USERENV.dll
0x00007ff87e450000 - 0x00007ff87e45c000 	C:\Windows\SYSTEM32\CRYPTBASE.dll
0x00007ff87df60000 - 0x00007ff87df9b000 	C:\Windows\SYSTEM32\IPHLPAPI.DLL
0x00007ff87f4a0000 - 0x00007ff87f4a8000 	C:\Windows\System32\NSI.dll
0x00007ff874540000 - 0x00007ff874557000 	C:\Windows\SYSTEM32\dhcpcsvc6.DLL
0x00007ff8777d0000 - 0x00007ff8777ed000 	C:\Windows\SYSTEM32\dhcpcsvc.DLL
0x00007ff87dfa0000 - 0x00007ff87e06c000 	C:\Windows\SYSTEM32\DNSAPI.dll
0x00007ff877ae0000 - 0x00007ff877aeb000 	C:\Windows\SYSTEM32\WINNSI.DLL

dbghelp: loaded successfully - version: 4.0.5 - missing functions: none
symbol engine: initialized successfully - sym options: 0x614 - pdb path: .;C:\Program Files\Android\Android Studio\jre\bin;C:\Windows\SYSTEM32;C:\Windows\WinSxS\amd64_microsoft.windows.common-controls_6595b64144ccf1df_6.0.19041.1083_none_60bbe31371f34e71;C:\Program Files\Android\Android Studio\jre\bin\server;C:\Users\lozan\.gradle\native\fdc75f09e3144964f2cf3f50f0aa648679c211496f362492102eb8c894070792\windows-amd64;C:\Users\lozan\.gradle\native\12488b8bf47d2d4c9fbf2f6322a914ad602e24e48041cd04a747c6da556b65c4\windows-amd64

VM Arguments:
jvm_args: --add-opens=java.base/java.util=ALL-UNNAMED --add-opens=java.base/java.lang=ALL-UNNAMED --add-opens=java.base/java.lang.invoke=ALL-UNNAMED --add-opens=java.prefs/java.util.prefs=ALL-UNNAMED -Xmx2048m -Dfile.encoding=UTF-8 -Duser.country=US -Duser.language=en -Duser.variant 
java_command: org.gradle.launcher.daemon.bootstrap.GradleDaemon 6.7.1
java_class_path (initial): C:\Users\lozan\.gradle\wrapper\dists\gradle-6.7.1-all\2moa8rlfac5eqlcfgk98k0deb\gradle-6.7.1\lib\gradle-launcher-6.7.1.jar
Launcher Type: SUN_STANDARD

[Global flags]
     intx CICompilerCount                          = 4                                         {product} {ergonomic}
     uint ConcGCThreads                            = 2                                         {product} {ergonomic}
     uint G1ConcRefinementThreads                  = 8                                         {product} {ergonomic}
   size_t G1HeapRegionSize                         = 1048576                                   {product} {ergonomic}
    uintx GCDrainStackTargetSize                   = 64                                        {product} {ergonomic}
   size_t InitialHeapSize                          = 58720256                                  {product} {ergonomic}
   size_t MarkStackSize                            = 4194304                                   {product} {ergonomic}
   size_t MaxHeapSize                              = 2147483648                                {product} {command line}
   size_t MaxNewSize                               = 1287651328                                {product} {ergonomic}
   size_t MinHeapDeltaBytes                        = 1048576                                   {product} {ergonomic}
    uintx NonNMethodCodeHeapSize                   = 5836300                                {pd product} {ergonomic}
    uintx NonProfiledCodeHeapSize                  = 122910970                              {pd product} {ergonomic}
    uintx ProfiledCodeHeapSize                     = 122910970                              {pd product} {ergonomic}
    uintx ReservedCodeCacheSize                    = 251658240                              {pd product} {ergonomic}
     bool SegmentedCodeCache                       = true                                      {product} {ergonomic}
     bool UseCompressedClassPointers               = true                                 {lp64_product} {ergonomic}
     bool UseCompressedOops                        = true                                 {lp64_product} {ergonomic}
     bool UseG1GC                                  = true                                      {product} {ergonomic}
     bool UseLargePagesIndividualAllocation        = false                                  {pd product} {ergonomic}

Logging:
Log output configuration:
 #0: stdout all=warning uptime,level,tags
 #1: stderr all=off uptime,level,tags

Environment Variables:
PATH=C:\Python39\Scripts\;C:\Python39\;C:\Program Files\Common Files\Oracle\Java\javapath;C:\Program Files (x86)\Common Files\Oracle\Java\javapath;C:\Windows\system32;C:\Windows;C:\Windows\System32\Wbem;C:\Windows\System32\WindowsPowerShell\v1.0\;C:\Windows\System32\OpenSSH\;C:\Program Files\Git\cmd;C:\Program Files\Microsoft SQL Server\130\Tools\Binn\;C:\ProgramData\chocolatey\bin;C:\Program Files\dotnet\;C:\Program Files\Microsoft SQL Server\Client SDK\ODBC\170\Tools\Binn\;C:\Program Files\nodejs\;C:\Program Files\MySQL\MySQL Shell 8.0\bin\;C:\Users\lozan\AppData\Local\Microsoft\WindowsApps;;C:\Users\lozan\AppData\Local\Programs\Microsoft VS Code\bin;C:\Users\lozan\.dotnet\tools;C:\Users\lozan\AppData\Roaming\npm
USERNAME=lozan
OS=Windows_NT
PROCESSOR_IDENTIFIER=AMD64 Family 23 Model 24 Stepping 1, AuthenticAMD



---------------  S Y S T E M  ---------------

OS: Windows 10 , 64 bit Build 19041 (10.0.19041.1023)
OS uptime: 1 days 10:19 hours

CPU:total 8 (initial active 8) (8 cores per cpu, 2 threads per core) family 23 model 24 stepping 1, cmov, cx8, fxsr, mmx, sse, sse2, sse3, ssse3, sse4.1, sse4.2, popcnt, avx, avx2, aes, clmul, mmxext, 3dnowpref, lzcnt, sse4a, ht, tsc, tscinvbit, tscinv, bmi1, bmi2, adx, sha, fma

Memory: 4k page, system-wide physical 3514M (283M free)
TotalPageFile size 14266M (AvailPageFile size 274M)
current process WorkingSet (physical memory assigned to process): 188M, peak: 280M
current process commit charge ("private bytes"): 388M, peak: 794M

vm_info: OpenJDK 64-Bit Server VM (11.0.8+10-b944.6842174) for windows-amd64 JRE (11.0.8+10-b944.6842174), built on Sep 19 2020 01:11:42 by "builder" with MS VC++ 14.0 (VS2015)

END.
