#
# There is insufficient memory for the Java Runtime Environment to continue.
# Native memory allocation (malloc) failed to allocate 367936 bytes for Chunk::new
# Possible reasons:
#   The system is out of physical RAM or swap space
#   The process is running with CompressedOops enabled, and the Java Heap may be blocking the growth of the native heap
# Possible solutions:
#   Reduce memory load on the system
#   Increase physical memory or swap space
#   Check if swap backing store is full
#   Decrease Java heap size (-Xmx/-Xms)
#   Decrease number of Java threads
#   Decrease Java thread stack sizes (-Xss)
#   Set larger code cache with -XX:ReservedCodeCacheSize=
#   JVM is running with Unscaled Compressed Oops mode in which the Java heap is
#     placed in the first 4GB address space. The Java Heap base address is the
#     maximum limit for the native heap growth. Please use -XX:HeapBaseMinAddress
#     to set the Java Heap base and to place the Java Heap above 4GB virtual address.
# This output file may be truncated or incomplete.
#
#  Out of Memory Error (./src/hotspot/share/memory/arena.cpp:197), pid=15660, tid=5388
#
# JRE version: OpenJDK Runtime Environment (11.0.8+10) (build 11.0.8+10-b944.6842174)
# Java VM: OpenJDK 64-Bit Server VM (11.0.8+10-b944.6842174, mixed mode, tiered, compressed oops, g1 gc, windows-amd64)
# No core dump will be written. Minidumps are not enabled by default on client versions of Windows
#

---------------  S U M M A R Y ------------

Command Line: --add-opens=java.base/java.util=ALL-UNNAMED --add-opens=java.base/java.lang=ALL-UNNAMED --add-opens=java.base/java.lang.invoke=ALL-UNNAMED --add-opens=java.prefs/java.util.prefs=ALL-UNNAMED -Xmx2048m -Dfile.encoding=UTF-8 -Duser.country=US -Duser.language=en -Duser.variant org.gradle.launcher.daemon.bootstrap.GradleDaemon 6.7.1

Host: AMD Ryzen 5 3500U with Radeon Vega Mobile Gfx  , 8 cores, 3G,  Windows 10 , 64 bit Build 19041 (10.0.19041.1023)
Time: Thu Jul 15 18:25:21 2021 China Standard Time elapsed time: 15 seconds (0d 0h 0m 15s)

---------------  T H R E A D  ---------------

Current thread (0x0000024493e34800):  JavaThread "C2 CompilerThread0" daemon [_thread_in_native, id=5388, stack(0x0000006cdb000000,0x0000006cdb100000)]


Current CompileTask:
C2:  15668 4039       4       org.gradle.api.internal.changedetection.state.ZipHasher::isZipFile (19 bytes)

Stack: [0x0000006cdb000000,0x0000006cdb100000]
Native frames: (J=compiled Java code, j=interpreted, Vv=VM code, C=native code)
V  [jvm.dll+0x5de50a]
V  [jvm.dll+0x7122f5]
V  [jvm.dll+0x71384d]
V  [jvm.dll+0x713f03]
V  [jvm.dll+0x23e728]
V  [jvm.dll+0xb899c]
V  [jvm.dll+0xb8e9c]
V  [jvm.dll+0x2b20e4]
V  [jvm.dll+0x502098]
V  [jvm.dll+0x1ff393]
V  [jvm.dll+0x1f917c]
V  [jvm.dll+0x1f685f]
V  [jvm.dll+0x17f32c]
V  [jvm.dll+0x205047]
V  [jvm.dll+0x203891]
V  [jvm.dll+0x6dad3f]
V  [jvm.dll+0x6d3895]
V  [jvm.dll+0x5dd4a6]
C  [ucrtbase.dll+0x21bb2]
C  [KERNEL32.DLL+0x17034]
C  [ntdll.dll+0x52651]


---------------  P R O C E S S  ---------------

Threads class SMR info:
_java_thread_list=0x0000024499d20f10, length=50, elements={
0x00000244f719a800, 0x00000244934a7800, 0x00000244934ab000, 0x0000024493e32800,
0x0000024493e33800, 0x0000024493e34800, 0x0000024493e3b000, 0x0000024493e3d800,
0x0000024493fad800, 0x0000024493fb6800, 0x000002449590b800, 0x0000024495155000,
0x000002449517d800, 0x0000024494fe1000, 0x00000244957bb800, 0x000002449570e000,
0x0000024495d8f800, 0x0000024495ff9800, 0x0000024495163800, 0x00000244951ae000,
0x0000024495581800, 0x000002449557f000, 0x0000024495580000, 0x0000024495581000,
0x0000024496559000, 0x0000024496558800, 0x0000024496554800, 0x0000024496555000,
0x0000024496556000, 0x000002449655c800, 0x000002449655b000, 0x000002449655b800,
0x0000024496556800, 0x000002449655d000, 0x000002449655a000, 0x0000024496557800,
0x0000024496563000, 0x000002449655e000, 0x000002449655f000, 0x000002449655f800,
0x0000024496560800, 0x0000024496562000, 0x0000024496561800, 0x000002449813b800,
0x000002449813c000, 0x0000024498139000, 0x000002449813d000, 0x0000024498139800,
0x0000024498137800, 0x0000024498138000
}

Java Threads: ( => current thread )
  0x00000244f719a800 JavaThread "main" [_thread_blocked, id=15504, stack(0x0000006cda500000,0x0000006cda600000)]
  0x00000244934a7800 JavaThread "Reference Handler" daemon [_thread_blocked, id=9784, stack(0x0000006cdac00000,0x0000006cdad00000)]
  0x00000244934ab000 JavaThread "Finalizer" daemon [_thread_blocked, id=6244, stack(0x0000006cdad00000,0x0000006cdae00000)]
  0x0000024493e32800 JavaThread "Signal Dispatcher" daemon [_thread_blocked, id=6980, stack(0x0000006cdae00000,0x0000006cdaf00000)]
  0x0000024493e33800 JavaThread "Attach Listener" daemon [_thread_blocked, id=11892, stack(0x0000006cdaf00000,0x0000006cdb000000)]
=>0x0000024493e34800 JavaThread "C2 CompilerThread0" daemon [_thread_in_native, id=5388, stack(0x0000006cdb000000,0x0000006cdb100000)]
  0x0000024493e3b000 JavaThread "C1 CompilerThread0" daemon [_thread_blocked, id=14516, stack(0x0000006cdb100000,0x0000006cdb200000)]
  0x0000024493e3d800 JavaThread "Sweeper thread" daemon [_thread_blocked, id=7184, stack(0x0000006cdb200000,0x0000006cdb300000)]
  0x0000024493fad800 JavaThread "Common-Cleaner" daemon [_thread_blocked, id=14108, stack(0x0000006cdb300000,0x0000006cdb400000)]
  0x0000024493fb6800 JavaThread "Service Thread" daemon [_thread_blocked, id=14060, stack(0x0000006cdb400000,0x0000006cdb500000)]
  0x000002449590b800 JavaThread "Daemon health stats" [_thread_blocked, id=12196, stack(0x0000006cdb700000,0x0000006cdb800000)]
  0x0000024495155000 JavaThread "Incoming local TCP Connector on port 58880" [_thread_in_native, id=12760, stack(0x0000006cdbc00000,0x0000006cdbd00000)]
  0x000002449517d800 JavaThread "Daemon periodic checks" [_thread_blocked, id=9544, stack(0x0000006cdbd00000,0x0000006cdbe00000)]
  0x0000024494fe1000 JavaThread "Daemon" [_thread_blocked, id=2696, stack(0x0000006cdbe00000,0x0000006cdbf00000)]
  0x00000244957bb800 JavaThread "Handler for socket connection from /127.0.0.1:58880 to /127.0.0.1:58881" [_thread_in_native, id=6768, stack(0x0000006cdbf00000,0x0000006cdc000000)]
  0x000002449570e000 JavaThread "Cancel handler" [_thread_blocked, id=14888, stack(0x0000006cdc000000,0x0000006cdc100000)]
  0x0000024495d8f800 JavaThread "Daemon worker" [_thread_in_native, id=2192, stack(0x0000006cdc100000,0x0000006cdc200000)]
  0x0000024495ff9800 JavaThread "Asynchronous log dispatcher for DefaultDaemonConnection: socket connection from /127.0.0.1:58880 to /127.0.0.1:58881" [_thread_blocked, id=10836, stack(0x0000006cdc200000,0x0000006cdc300000)]
  0x0000024495163800 JavaThread "Stdin handler" [_thread_blocked, id=10660, stack(0x0000006cdc300000,0x0000006cdc400000)]
  0x00000244951ae000 JavaThread "Thread-8" [_thread_blocked, id=9420, stack(0x0000006cdc400000,0x0000006cdc500000)]
  0x0000024495581800 JavaThread "Cache worker for file hash cache (C:\Users\lozan\.gradle\caches\6.7.1\fileHashes)" [_thread_blocked, id=8496, stack(0x0000006cdc900000,0x0000006cdca00000)]
  0x000002449557f000 JavaThread "File lock request listener" [_thread_in_native, id=7052, stack(0x0000006cdca00000,0x0000006cdcb00000)]
  0x0000024495580000 JavaThread "Cache worker for journal cache (C:\Users\lozan\.gradle\caches\journal-1)" [_thread_blocked, id=14812, stack(0x0000006cdcc00000,0x0000006cdcd00000)]
  0x0000024495581000 JavaThread "Cache worker for file hash cache (D:\Repositories\lozanasc_projects\FVOZEngage App\FVOZEngage\.gradle\6.7.1\fileHashes)" [_thread_blocked, id=6988, stack(0x0000006cdcd00000,0x0000006cdce00000)]
  0x0000024496559000 JavaThread "jar transforms" [_thread_blocked, id=14872, stack(0x0000006cdce00000,0x0000006cdcf00000)]
  0x0000024496558800 JavaThread "jar transforms Thread 2" [_thread_blocked, id=592, stack(0x0000006cdcf00000,0x0000006cdd000000)]
  0x0000024496554800 JavaThread "jar transforms Thread 3" [_thread_blocked, id=14508, stack(0x0000006cdd000000,0x0000006cdd100000)]
  0x0000024496555000 JavaThread "jar transforms Thread 4" [_thread_blocked, id=11404, stack(0x0000006cdd100000,0x0000006cdd200000)]
  0x0000024496556000 JavaThread "jar transforms Thread 5" [_thread_blocked, id=712, stack(0x0000006cdd200000,0x0000006cdd300000)]
  0x000002449655c800 JavaThread "jar transforms Thread 6" [_thread_blocked, id=3420, stack(0x0000006cdd300000,0x0000006cdd400000)]
  0x000002449655b000 JavaThread "jar transforms Thread 7" [_thread_blocked, id=11500, stack(0x0000006cdd400000,0x0000006cdd500000)]
  0x000002449655b800 JavaThread "jar transforms Thread 8" [_thread_blocked, id=9540, stack(0x0000006cdd500000,0x0000006cdd600000)]
  0x0000024496556800 JavaThread "jar transforms Thread 9" [_thread_blocked, id=14848, stack(0x0000006cdd600000,0x0000006cdd700000)]
  0x000002449655d000 JavaThread "jar transforms Thread 10" [_thread_blocked, id=9352, stack(0x0000006cdd700000,0x0000006cdd800000)]
  0x000002449655a000 JavaThread "jar transforms Thread 11" [_thread_blocked, id=14676, stack(0x0000006cdd800000,0x0000006cdd900000)]
  0x0000024496557800 JavaThread "jar transforms Thread 12" [_thread_blocked, id=15412, stack(0x0000006cdd900000,0x0000006cdda00000)]
  0x0000024496563000 JavaThread "jar transforms Thread 13" [_thread_blocked, id=11392, stack(0x0000006cdda00000,0x0000006cddb00000)]
  0x000002449655e000 JavaThread "jar transforms Thread 14" [_thread_blocked, id=13536, stack(0x0000006cddb00000,0x0000006cddc00000)]
  0x000002449655f000 JavaThread "jar transforms Thread 15" [_thread_blocked, id=8868, stack(0x0000006cddc00000,0x0000006cddd00000)]
  0x000002449655f800 JavaThread "jar transforms Thread 16" [_thread_blocked, id=12216, stack(0x0000006cddd00000,0x0000006cdde00000)]
  0x0000024496560800 JavaThread "jar transforms Thread 17" [_thread_blocked, id=13228, stack(0x0000006cdde00000,0x0000006cddf00000)]
  0x0000024496562000 JavaThread "jar transforms Thread 18" [_thread_blocked, id=7032, stack(0x0000006cddf00000,0x0000006cde000000)]
  0x0000024496561800 JavaThread "jar transforms Thread 19" [_thread_blocked, id=13944, stack(0x0000006cde000000,0x0000006cde100000)]
  0x000002449813b800 JavaThread "jar transforms Thread 20" [_thread_blocked, id=10280, stack(0x0000006cde100000,0x0000006cde200000)]
  0x000002449813c000 JavaThread "jar transforms Thread 21" [_thread_blocked, id=15868, stack(0x0000006cde200000,0x0000006cde300000)]
  0x0000024498139000 JavaThread "Cache worker for checksums cache (D:\Repositories\lozanasc_projects\FVOZEngage App\FVOZEngage\.gradle\checksums)" [_thread_blocked, id=12540, stack(0x0000006cde300000,0x0000006cde400000)]
  0x000002449813d000 JavaThread "Cache worker for cache directory md-supplier (C:\Users\lozan\.gradle\caches\6.7.1\md-supplier)" [_thread_blocked, id=13796, stack(0x0000006cde400000,0x0000006cde500000)]
  0x0000024498139800 JavaThread "Cache worker for cache directory md-rule (C:\Users\lozan\.gradle\caches\6.7.1\md-rule)" [_thread_blocked, id=5136, stack(0x0000006cde500000,0x0000006cde600000)]
  0x0000024498137800 JavaThread "Cache worker for execution history cache (C:\Users\lozan\.gradle\caches\6.7.1\executionHistory)" [_thread_blocked, id=16156, stack(0x0000006cde600000,0x0000006cde700000)]
  0x0000024498138000 JavaThread "Cache worker for file content cache (C:\Users\lozan\.gradle\caches\6.7.1\fileContent)" [_thread_blocked, id=12940, stack(0x0000006cde700000,0x0000006cde800000)]

Other Threads:
  0x00000244934a1800 VMThread "VM Thread" [stack: 0x0000006cdab00000,0x0000006cdac00000] [id=5200]
  0x0000024493fb7000 WatcherThread [stack: 0x0000006cdb500000,0x0000006cdb600000] [id=10856]
  0x00000244f71b1000 GCTaskThread "GC Thread#0" [stack: 0x0000006cda600000,0x0000006cda700000] [id=14552]
  0x0000024494910800 GCTaskThread "GC Thread#1" [stack: 0x0000006cdb600000,0x0000006cdb700000] [id=8440]
  0x000002449599b800 GCTaskThread "GC Thread#2" [stack: 0x0000006cdb800000,0x0000006cdb900000] [id=7596]
  0x0000024494bdf000 GCTaskThread "GC Thread#3" [stack: 0x0000006cdb900000,0x0000006cdba00000] [id=6872]
  0x00000244960be000 GCTaskThread "GC Thread#4" [stack: 0x0000006cdc500000,0x0000006cdc600000] [id=15408]
  0x0000024496076000 GCTaskThread "GC Thread#5" [stack: 0x0000006cdc600000,0x0000006cdc700000] [id=8916]
  0x0000024495586000 GCTaskThread "GC Thread#6" [stack: 0x0000006cdc700000,0x0000006cdc800000] [id=9432]
  0x0000024495cb6800 GCTaskThread "GC Thread#7" [stack: 0x0000006cdc800000,0x0000006cdc900000] [id=9960]
  0x00000244f71e1800 ConcurrentGCThread "G1 Main Marker" [stack: 0x0000006cda700000,0x0000006cda800000] [id=14332]
  0x00000244f71e8000 ConcurrentGCThread "G1 Conc#0" [stack: 0x0000006cda800000,0x0000006cda900000] [id=14944]
  0x0000024495caf800 ConcurrentGCThread "G1 Conc#1" [stack: 0x0000006cdcb00000,0x0000006cdcc00000] [id=9708]
  0x00000244f723f800 ConcurrentGCThread "G1 Refine#0" [stack: 0x0000006cda900000,0x0000006cdaa00000] [id=7340]
  0x00000244f7242800 ConcurrentGCThread "G1 Young RemSet Sampling" [stack: 0x0000006cdaa00000,0x0000006cdab00000] [id=12112]

Threads with active compile tasks:
C2 CompilerThread0  15726 4039       4       org.gradle.api.internal.changedetection.state.ZipHasher::isZipFile (19 bytes)

VM state:not at safepoint (normal execution)

VM Mutex/Monitor currently owned by a thread: None

OutOfMemory and StackOverflow Exception counts:
OutOfMemoryError java_heap_errors=1
LinkageErrors=101

Heap address: 0x0000000080000000, size: 2048 MB, Compressed Oops mode: 32-bit
Narrow klass base: 0x0000000000000000, Narrow klass shift: 3
Compressed class space size: 1073741824 Address: 0x0000000100000000

Heap:
 garbage-first heap   total 284672K, used 214558K [0x0000000080000000, 0x0000000100000000)
  region size 1024K, 158 young (161792K), 5 survivors (5120K)
 Metaspace       used 43325K, capacity 44358K, committed 44544K, reserved 1087488K
  class space    used 5445K, capacity 5832K, committed 5888K, reserved 1048576K
Heap Regions: E=young(eden), S=young(survivor), O=old, HS=humongous(starts), HC=humongous(continues), CS=collection set, F=free, A=archive, TAMS=top-at-mark-start (previous, next)
|   0|0x0000000080000000, 0x0000000080100000, 0x0000000080100000|100%| O|  |TAMS 0x0000000080100000, 0x0000000080000000| Untracked 
|   1|0x0000000080100000, 0x0000000080200000, 0x0000000080200000|100%| O|  |TAMS 0x0000000080200000, 0x0000000080100000| Untracked 
|   2|0x0000000080200000, 0x0000000080300000, 0x0000000080300000|100%| O|  |TAMS 0x0000000080300000, 0x0000000080200000| Untracked 
|   3|0x0000000080300000, 0x0000000080400000, 0x0000000080400000|100%|HS|  |TAMS 0x0000000080400000, 0x0000000080300000| Complete 
|   4|0x0000000080400000, 0x0000000080500000, 0x0000000080500000|100%|HC|  |TAMS 0x0000000080500000, 0x0000000080400000| Complete 
|   5|0x0000000080500000, 0x0000000080600000, 0x0000000080600000|100%|HC|  |TAMS 0x0000000080600000, 0x0000000080500000| Complete 
|   6|0x0000000080600000, 0x0000000080700000, 0x0000000080700000|100%| O|  |TAMS 0x0000000080700000, 0x0000000080600000| Untracked 
|   7|0x0000000080700000, 0x0000000080800000, 0x0000000080800000|100%| O|  |TAMS 0x0000000080800000, 0x0000000080700000| Untracked 
|   8|0x0000000080800000, 0x0000000080900000, 0x0000000080900000|100%| O|  |TAMS 0x0000000080900000, 0x0000000080800000| Untracked 
|   9|0x0000000080900000, 0x0000000080a00000, 0x0000000080a00000|100%| O|  |TAMS 0x0000000080a00000, 0x0000000080900000| Untracked 
|  10|0x0000000080a00000, 0x0000000080b00000, 0x0000000080b00000|100%| O|  |TAMS 0x0000000080b00000, 0x0000000080a00000| Untracked 
|  11|0x0000000080b00000, 0x0000000080c00000, 0x0000000080c00000|100%| O|  |TAMS 0x0000000080c00000, 0x0000000080b00000| Untracked 
|  12|0x0000000080c00000, 0x0000000080d00000, 0x0000000080d00000|100%| O|  |TAMS 0x0000000080d00000, 0x0000000080c00000| Untracked 
|  13|0x0000000080d00000, 0x0000000080e00000, 0x0000000080e00000|100%| O|  |TAMS 0x0000000080e00000, 0x0000000080d00000| Untracked 
|  14|0x0000000080e00000, 0x0000000080f00000, 0x0000000080f00000|100%| O|  |TAMS 0x0000000080f00000, 0x0000000080e00000| Untracked 
|  15|0x0000000080f00000, 0x0000000081000000, 0x0000000081000000|100%| O|  |TAMS 0x0000000081000000, 0x0000000080f00000| Untracked 
|  16|0x0000000081000000, 0x0000000081100000, 0x0000000081100000|100%| O|  |TAMS 0x0000000081100000, 0x0000000081000000| Untracked 
|  17|0x0000000081100000, 0x0000000081200000, 0x0000000081200000|100%|HS|  |TAMS 0x0000000081200000, 0x0000000081100000| Complete 
|  18|0x0000000081200000, 0x0000000081300000, 0x0000000081300000|100%|HC|  |TAMS 0x0000000081300000, 0x0000000081200000| Complete 
|  19|0x0000000081300000, 0x0000000081400000, 0x0000000081400000|100%|HS|  |TAMS 0x0000000081400000, 0x0000000081300000| Complete 
|  20|0x0000000081400000, 0x0000000081500000, 0x0000000081500000|100%|HC|  |TAMS 0x0000000081500000, 0x0000000081400000| Complete 
|  21|0x0000000081500000, 0x0000000081600000, 0x0000000081600000|100%|HC|  |TAMS 0x0000000081600000, 0x0000000081500000| Complete 
|  22|0x0000000081600000, 0x0000000081700000, 0x0000000081700000|100%| O|  |TAMS 0x0000000081700000, 0x0000000081600000| Untracked 
|  23|0x0000000081700000, 0x0000000081800000, 0x0000000081800000|100%|HS|  |TAMS 0x0000000081800000, 0x0000000081700000| Complete 
|  24|0x0000000081800000, 0x0000000081900000, 0x0000000081900000|100%|HC|  |TAMS 0x0000000081900000, 0x0000000081800000| Complete 
|  25|0x0000000081900000, 0x0000000081a00000, 0x0000000081a00000|100%|HC|  |TAMS 0x0000000081a00000, 0x0000000081900000| Complete 
|  26|0x0000000081a00000, 0x0000000081b00000, 0x0000000081b00000|100%|HC|  |TAMS 0x0000000081b00000, 0x0000000081a00000| Complete 
|  27|0x0000000081b00000, 0x0000000081c00000, 0x0000000081c00000|100%| O|  |TAMS 0x0000000081c00000, 0x0000000081b00000| Untracked 
|  28|0x0000000081c00000, 0x0000000081d00000, 0x0000000081d00000|100%| O|  |TAMS 0x0000000081d00000, 0x0000000081c00000| Untracked 
|  29|0x0000000081d00000, 0x0000000081e00000, 0x0000000081e00000|100%| O|  |TAMS 0x0000000081e00000, 0x0000000081d00000| Untracked 
|  30|0x0000000081e00000, 0x0000000081f00000, 0x0000000081f00000|100%| O|  |TAMS 0x0000000081f00000, 0x0000000081e00000| Untracked 
|  31|0x0000000081f00000, 0x0000000082000000, 0x0000000082000000|100%| O|  |TAMS 0x0000000082000000, 0x0000000081f00000| Untracked 
|  32|0x0000000082000000, 0x0000000082100000, 0x0000000082100000|100%| O|  |TAMS 0x0000000082100000, 0x0000000082000000| Untracked 
|  33|0x0000000082100000, 0x0000000082200000, 0x0000000082200000|100%| O|  |TAMS 0x0000000082200000, 0x0000000082100000| Untracked 
|  34|0x0000000082200000, 0x0000000082300000, 0x0000000082300000|100%| O|  |TAMS 0x0000000082300000, 0x0000000082200000| Untracked 
|  35|0x0000000082300000, 0x0000000082400000, 0x0000000082400000|100%| O|  |TAMS 0x0000000082400000, 0x0000000082300000| Untracked 
|  36|0x0000000082400000, 0x0000000082500000, 0x0000000082500000|100%| O|  |TAMS 0x0000000082500000, 0x0000000082400000| Untracked 
|  37|0x0000000082500000, 0x0000000082600000, 0x0000000082600000|100%| O|  |TAMS 0x0000000082600000, 0x0000000082500000| Untracked 
|  38|0x0000000082600000, 0x0000000082700000, 0x0000000082700000|100%| O|  |TAMS 0x0000000082700000, 0x0000000082600000| Untracked 
|  39|0x0000000082700000, 0x0000000082700000, 0x0000000082800000|  0%| F|  |TAMS 0x0000000082700000, 0x0000000082700000| Untracked 
|  40|0x0000000082800000, 0x0000000082800000, 0x0000000082900000|  0%| F|  |TAMS 0x0000000082800000, 0x0000000082800000| Untracked 
|  41|0x0000000082900000, 0x0000000082900000, 0x0000000082a00000|  0%| F|  |TAMS 0x0000000082900000, 0x0000000082900000| Untracked 
|  42|0x0000000082a00000, 0x0000000082a00000, 0x0000000082b00000|  0%| F|  |TAMS 0x0000000082a00000, 0x0000000082a00000| Untracked 
|  43|0x0000000082b00000, 0x0000000082c00000, 0x0000000082c00000|100%| O|  |TAMS 0x0000000082b00000, 0x0000000082b00000| Untracked 
|  44|0x0000000082c00000, 0x0000000082d00000, 0x0000000082d00000|100%| O|  |TAMS 0x0000000082c00000, 0x0000000082c00000| Untracked 
|  45|0x0000000082d00000, 0x0000000082e00000, 0x0000000082e00000|100%| O|  |TAMS 0x0000000082dad800, 0x0000000082d00000| Untracked 
|  46|0x0000000082e00000, 0x0000000082f00000, 0x0000000082f00000|100%| O|  |TAMS 0x0000000082f00000, 0x0000000082e00000| Untracked 
|  47|0x0000000082f00000, 0x0000000083000000, 0x0000000083000000|100%| O|  |TAMS 0x0000000082f00000, 0x0000000082f00000| Untracked 
|  48|0x0000000083000000, 0x0000000083100000, 0x0000000083100000|100%| O|  |TAMS 0x0000000083000000, 0x0000000083000000| Untracked 
|  49|0x0000000083100000, 0x0000000083200000, 0x0000000083200000|100%| O|  |TAMS 0x0000000083100000, 0x0000000083100000| Untracked 
|  50|0x0000000083200000, 0x0000000083300000, 0x0000000083300000|100%| O|  |TAMS 0x0000000083200000, 0x0000000083200000| Untracked 
|  51|0x0000000083300000, 0x0000000083400000, 0x0000000083400000|100%| O|  |TAMS 0x0000000083300000, 0x0000000083300000| Untracked 
|  52|0x0000000083400000, 0x00000000834dc800, 0x0000000083500000| 86%| O|  |TAMS 0x0000000083400000, 0x0000000083400000| Untracked 
|  53|0x0000000083500000, 0x0000000083600000, 0x0000000083600000|100%|HS|  |TAMS 0x0000000083500000, 0x0000000083500000| Complete 
|  54|0x0000000083600000, 0x0000000083700000, 0x0000000083700000|100%|HC|  |TAMS 0x0000000083600000, 0x0000000083600000| Complete 
|  55|0x0000000083700000, 0x0000000083800000, 0x0000000083800000|100%|HC|  |TAMS 0x0000000083700000, 0x0000000083700000| Complete 
|  56|0x0000000083800000, 0x0000000083900000, 0x0000000083900000|100%|HC|  |TAMS 0x0000000083800000, 0x0000000083800000| Complete 
|  57|0x0000000083900000, 0x0000000083900000, 0x0000000083a00000|  0%| F|  |TAMS 0x0000000083900000, 0x0000000083900000| Untracked 
|  58|0x0000000083a00000, 0x0000000083a00000, 0x0000000083b00000|  0%| F|  |TAMS 0x0000000083a00000, 0x0000000083a00000| Untracked 
|  59|0x0000000083b00000, 0x0000000083b00000, 0x0000000083c00000|  0%| F|  |TAMS 0x0000000083b00000, 0x0000000083b00000| Untracked 
|  60|0x0000000083c00000, 0x0000000083c00000, 0x0000000083d00000|  0%| F|  |TAMS 0x0000000083c00000, 0x0000000083c00000| Untracked 
|  61|0x0000000083d00000, 0x0000000083d00000, 0x0000000083e00000|  0%| F|  |TAMS 0x0000000083d00000, 0x0000000083d00000| Untracked 
|  62|0x0000000083e00000, 0x0000000083e00000, 0x0000000083f00000|  0%| F|  |TAMS 0x0000000083e00000, 0x0000000083e00000| Untracked 
|  63|0x0000000083f00000, 0x0000000083f00000, 0x0000000084000000|  0%| F|  |TAMS 0x0000000083f00000, 0x0000000083f00000| Untracked 
|  64|0x0000000084000000, 0x0000000084000000, 0x0000000084100000|  0%| F|  |TAMS 0x0000000084000000, 0x0000000084000000| Untracked 
|  65|0x0000000084100000, 0x0000000084100000, 0x0000000084200000|  0%| F|  |TAMS 0x0000000084100000, 0x0000000084100000| Untracked 
|  66|0x0000000084200000, 0x0000000084200000, 0x0000000084300000|  0%| F|  |TAMS 0x0000000084200000, 0x0000000084200000| Untracked 
|  67|0x0000000084300000, 0x0000000084300000, 0x0000000084400000|  0%| F|  |TAMS 0x0000000084300000, 0x0000000084300000| Untracked 
|  68|0x0000000084400000, 0x0000000084400000, 0x0000000084500000|  0%| F|  |TAMS 0x0000000084400000, 0x0000000084400000| Untracked 
|  69|0x0000000084500000, 0x0000000084500000, 0x0000000084600000|  0%| F|  |TAMS 0x0000000084500000, 0x0000000084500000| Untracked 
|  70|0x0000000084600000, 0x0000000084600000, 0x0000000084700000|  0%| F|  |TAMS 0x0000000084600000, 0x0000000084600000| Untracked 
|  71|0x0000000084700000, 0x0000000084700000, 0x0000000084800000|  0%| F|  |TAMS 0x0000000084700000, 0x0000000084700000| Untracked 
|  72|0x0000000084800000, 0x0000000084800000, 0x0000000084900000|  0%| F|  |TAMS 0x0000000084800000, 0x0000000084800000| Untracked 
|  73|0x0000000084900000, 0x0000000084900000, 0x0000000084a00000|  0%| F|  |TAMS 0x0000000084900000, 0x0000000084900000| Untracked 
|  74|0x0000000084a00000, 0x0000000084a00000, 0x0000000084b00000|  0%| F|  |TAMS 0x0000000084a00000, 0x0000000084a00000| Untracked 
|  75|0x0000000084b00000, 0x0000000084b00000, 0x0000000084c00000|  0%| F|  |TAMS 0x0000000084b00000, 0x0000000084b00000| Untracked 
|  76|0x0000000084c00000, 0x0000000084c00000, 0x0000000084d00000|  0%| F|  |TAMS 0x0000000084c00000, 0x0000000084c00000| Untracked 
|  77|0x0000000084d00000, 0x0000000084d00000, 0x0000000084e00000|  0%| F|  |TAMS 0x0000000084d00000, 0x0000000084d00000| Untracked 
|  78|0x0000000084e00000, 0x0000000084e00000, 0x0000000084f00000|  0%| F|  |TAMS 0x0000000084e00000, 0x0000000084e00000| Untracked 
|  79|0x0000000084f00000, 0x0000000084f00000, 0x0000000085000000|  0%| F|  |TAMS 0x0000000084f00000, 0x0000000084f00000| Untracked 
|  80|0x0000000085000000, 0x0000000085000000, 0x0000000085100000|  0%| F|  |TAMS 0x0000000085000000, 0x0000000085000000| Untracked 
|  81|0x0000000085100000, 0x0000000085100000, 0x0000000085200000|  0%| F|  |TAMS 0x0000000085100000, 0x0000000085100000| Untracked 
|  82|0x0000000085200000, 0x0000000085200000, 0x0000000085300000|  0%| F|  |TAMS 0x0000000085200000, 0x0000000085200000| Untracked 
|  83|0x0000000085300000, 0x0000000085300000, 0x0000000085400000|  0%| F|  |TAMS 0x0000000085300000, 0x0000000085300000| Untracked 
|  84|0x0000000085400000, 0x0000000085400000, 0x0000000085500000|  0%| F|  |TAMS 0x0000000085400000, 0x0000000085400000| Untracked 
|  85|0x0000000085500000, 0x0000000085500000, 0x0000000085600000|  0%| F|  |TAMS 0x0000000085500000, 0x0000000085500000| Untracked 
|  86|0x0000000085600000, 0x0000000085600000, 0x0000000085700000|  0%| F|  |TAMS 0x0000000085600000, 0x0000000085600000| Untracked 
|  87|0x0000000085700000, 0x0000000085700000, 0x0000000085800000|  0%| F|  |TAMS 0x0000000085700000, 0x0000000085700000| Untracked 
|  88|0x0000000085800000, 0x0000000085800000, 0x0000000085900000|  0%| F|  |TAMS 0x0000000085800000, 0x0000000085800000| Untracked 
|  89|0x0000000085900000, 0x0000000085900000, 0x0000000085a00000|  0%| F|  |TAMS 0x0000000085900000, 0x0000000085900000| Untracked 
|  90|0x0000000085a00000, 0x0000000085a00000, 0x0000000085b00000|  0%| F|  |TAMS 0x0000000085a00000, 0x0000000085a00000| Untracked 
|  91|0x0000000085b00000, 0x0000000085b00000, 0x0000000085c00000|  0%| F|  |TAMS 0x0000000085b00000, 0x0000000085b00000| Untracked 
|  92|0x0000000085c00000, 0x0000000085c00000, 0x0000000085d00000|  0%| F|  |TAMS 0x0000000085c00000, 0x0000000085c00000| Untracked 
|  93|0x0000000085d00000, 0x0000000085d00000, 0x0000000085e00000|  0%| F|  |TAMS 0x0000000085d00000, 0x0000000085d00000| Untracked 
|  94|0x0000000085e00000, 0x0000000085e00000, 0x0000000085f00000|  0%| F|  |TAMS 0x0000000085e00000, 0x0000000085e00000| Untracked 
|  95|0x0000000085f00000, 0x0000000085f00000, 0x0000000086000000|  0%| F|  |TAMS 0x0000000085f00000, 0x0000000085f00000| Untracked 
|  96|0x0000000086000000, 0x0000000086000000, 0x0000000086100000|  0%| F|  |TAMS 0x0000000086000000, 0x0000000086000000| Untracked 
|  97|0x0000000086100000, 0x0000000086100000, 0x0000000086200000|  0%| F|  |TAMS 0x0000000086100000, 0x0000000086100000| Untracked 
|  98|0x0000000086200000, 0x0000000086200000, 0x0000000086300000|  0%| F|  |TAMS 0x0000000086200000, 0x0000000086200000| Untracked 
|  99|0x0000000086300000, 0x0000000086300000, 0x0000000086400000|  0%| F|  |TAMS 0x0000000086300000, 0x0000000086300000| Untracked 
| 100|0x0000000086400000, 0x0000000086400000, 0x0000000086500000|  0%| F|  |TAMS 0x0000000086400000, 0x0000000086400000| Untracked 
| 101|0x0000000086500000, 0x0000000086500000, 0x0000000086600000|  0%| F|  |TAMS 0x0000000086500000, 0x0000000086500000| Untracked 
| 102|0x0000000086600000, 0x0000000086600000, 0x0000000086700000|  0%| F|  |TAMS 0x0000000086600000, 0x0000000086600000| Untracked 
| 103|0x0000000086700000, 0x0000000086700000, 0x0000000086800000|  0%| F|  |TAMS 0x0000000086700000, 0x0000000086700000| Untracked 
| 104|0x0000000086800000, 0x0000000086800000, 0x0000000086900000|  0%| F|  |TAMS 0x0000000086800000, 0x0000000086800000| Untracked 
| 105|0x0000000086900000, 0x0000000086900000, 0x0000000086a00000|  0%| F|  |TAMS 0x0000000086900000, 0x0000000086900000| Untracked 
| 106|0x0000000086a00000, 0x0000000086a00000, 0x0000000086b00000|  0%| F|  |TAMS 0x0000000086a00000, 0x0000000086a00000| Untracked 
| 107|0x0000000086b00000, 0x0000000086b00000, 0x0000000086c00000|  0%| F|  |TAMS 0x0000000086b00000, 0x0000000086b00000| Untracked 
| 108|0x0000000086c00000, 0x0000000086c00000, 0x0000000086d00000|  0%| F|  |TAMS 0x0000000086c00000, 0x0000000086c00000| Untracked 
| 109|0x0000000086d00000, 0x0000000086d00000, 0x0000000086e00000|  0%| F|  |TAMS 0x0000000086d00000, 0x0000000086d00000| Untracked 
| 110|0x0000000086e00000, 0x0000000086e00000, 0x0000000086f00000|  0%| F|  |TAMS 0x0000000086e00000, 0x0000000086e00000| Untracked 
| 111|0x0000000086f00000, 0x0000000086f00000, 0x0000000087000000|  0%| F|  |TAMS 0x0000000086f00000, 0x0000000086f00000| Untracked 
| 112|0x0000000087000000, 0x0000000087000000, 0x0000000087100000|  0%| F|  |TAMS 0x0000000087000000, 0x0000000087000000| Untracked 
| 113|0x0000000087100000, 0x0000000087100000, 0x0000000087200000|  0%| F|  |TAMS 0x0000000087100000, 0x0000000087100000| Untracked 
| 114|0x0000000087200000, 0x0000000087200000, 0x0000000087300000|  0%| F|  |TAMS 0x0000000087200000, 0x0000000087200000| Untracked 
| 115|0x0000000087300000, 0x0000000087300000, 0x0000000087400000|  0%| F|  |TAMS 0x0000000087300000, 0x0000000087300000| Untracked 
| 116|0x0000000087400000, 0x0000000087400000, 0x0000000087500000|  0%| F|  |TAMS 0x0000000087400000, 0x0000000087400000| Untracked 
| 117|0x0000000087500000, 0x0000000087500000, 0x0000000087600000|  0%| F|  |TAMS 0x0000000087500000, 0x0000000087500000| Untracked 
| 118|0x0000000087600000, 0x0000000087600000, 0x0000000087700000|  0%| F|  |TAMS 0x0000000087600000, 0x0000000087600000| Untracked 
| 119|0x0000000087700000, 0x0000000087700000, 0x0000000087800000|  0%| F|  |TAMS 0x0000000087700000, 0x0000000087700000| Untracked 
| 120|0x0000000087800000, 0x0000000087882010, 0x0000000087900000| 50%| E|  |TAMS 0x0000000087800000, 0x0000000087800000| Complete 
| 121|0x0000000087900000, 0x0000000087a00000, 0x0000000087a00000|100%| E|CS|TAMS 0x0000000087900000, 0x0000000087900000| Complete 
| 122|0x0000000087a00000, 0x0000000087aab060, 0x0000000087b00000| 66%| S|CS|TAMS 0x0000000087a00000, 0x0000000087a00000| Complete 
| 123|0x0000000087b00000, 0x0000000087c00000, 0x0000000087c00000|100%| S|CS|TAMS 0x0000000087b00000, 0x0000000087b00000| Complete 
| 124|0x0000000087c00000, 0x0000000087d00000, 0x0000000087d00000|100%| S|CS|TAMS 0x0000000087c00000, 0x0000000087c00000| Complete 
| 125|0x0000000087d00000, 0x0000000087e00000, 0x0000000087e00000|100%| S|CS|TAMS 0x0000000087d00000, 0x0000000087d00000| Complete 
| 126|0x0000000087e00000, 0x0000000087f00000, 0x0000000087f00000|100%| S|CS|TAMS 0x0000000087e00000, 0x0000000087e00000| Complete 
| 127|0x0000000087f00000, 0x0000000088000000, 0x0000000088000000|100%| E|CS|TAMS 0x0000000087f00000, 0x0000000087f00000| Complete 
| 128|0x0000000088000000, 0x0000000088100000, 0x0000000088100000|100%| E|CS|TAMS 0x0000000088000000, 0x0000000088000000| Complete 
| 129|0x0000000088100000, 0x0000000088200000, 0x0000000088200000|100%| E|CS|TAMS 0x0000000088100000, 0x0000000088100000| Complete 
| 130|0x0000000088200000, 0x0000000088300000, 0x0000000088300000|100%| E|CS|TAMS 0x0000000088200000, 0x0000000088200000| Complete 
| 131|0x0000000088300000, 0x0000000088400000, 0x0000000088400000|100%| E|CS|TAMS 0x0000000088300000, 0x0000000088300000| Complete 
| 132|0x0000000088400000, 0x0000000088500000, 0x0000000088500000|100%| E|CS|TAMS 0x0000000088400000, 0x0000000088400000| Complete 
| 133|0x0000000088500000, 0x0000000088600000, 0x0000000088600000|100%| E|CS|TAMS 0x0000000088500000, 0x0000000088500000| Complete 
| 134|0x0000000088600000, 0x0000000088700000, 0x0000000088700000|100%| E|CS|TAMS 0x0000000088600000, 0x0000000088600000| Complete 
| 135|0x0000000088700000, 0x0000000088800000, 0x0000000088800000|100%| E|CS|TAMS 0x0000000088700000, 0x0000000088700000| Complete 
| 136|0x0000000088800000, 0x0000000088900000, 0x0000000088900000|100%| E|CS|TAMS 0x0000000088800000, 0x0000000088800000| Complete 
| 137|0x0000000088900000, 0x0000000088a00000, 0x0000000088a00000|100%| E|CS|TAMS 0x0000000088900000, 0x0000000088900000| Complete 
| 138|0x0000000088a00000, 0x0000000088b00000, 0x0000000088b00000|100%| E|CS|TAMS 0x0000000088a00000, 0x0000000088a00000| Complete 
| 139|0x0000000088b00000, 0x0000000088c00000, 0x0000000088c00000|100%| E|CS|TAMS 0x0000000088b00000, 0x0000000088b00000| Complete 
| 140|0x0000000088c00000, 0x0000000088d00000, 0x0000000088d00000|100%| E|CS|TAMS 0x0000000088c00000, 0x0000000088c00000| Complete 
| 141|0x0000000088d00000, 0x0000000088e00000, 0x0000000088e00000|100%| E|CS|TAMS 0x0000000088d00000, 0x0000000088d00000| Complete 
| 142|0x0000000088e00000, 0x0000000088f00000, 0x0000000088f00000|100%| E|CS|TAMS 0x0000000088e00000, 0x0000000088e00000| Complete 
| 143|0x0000000088f00000, 0x0000000089000000, 0x0000000089000000|100%| E|CS|TAMS 0x0000000088f00000, 0x0000000088f00000| Complete 
| 144|0x0000000089000000, 0x0000000089100000, 0x0000000089100000|100%| E|CS|TAMS 0x0000000089000000, 0x0000000089000000| Complete 
| 145|0x0000000089100000, 0x0000000089200000, 0x0000000089200000|100%| E|CS|TAMS 0x0000000089100000, 0x0000000089100000| Complete 
| 146|0x0000000089200000, 0x0000000089300000, 0x0000000089300000|100%| E|CS|TAMS 0x0000000089200000, 0x0000000089200000| Complete 
| 147|0x0000000089300000, 0x0000000089400000, 0x0000000089400000|100%| E|CS|TAMS 0x0000000089300000, 0x0000000089300000| Complete 
| 148|0x0000000089400000, 0x0000000089500000, 0x0000000089500000|100%| E|CS|TAMS 0x0000000089400000, 0x0000000089400000| Complete 
| 149|0x0000000089500000, 0x0000000089600000, 0x0000000089600000|100%| E|CS|TAMS 0x0000000089500000, 0x0000000089500000| Complete 
| 150|0x0000000089600000, 0x0000000089700000, 0x0000000089700000|100%| E|CS|TAMS 0x0000000089600000, 0x0000000089600000| Complete 
| 151|0x0000000089700000, 0x0000000089800000, 0x0000000089800000|100%| E|CS|TAMS 0x0000000089700000, 0x0000000089700000| Complete 
| 152|0x0000000089800000, 0x0000000089900000, 0x0000000089900000|100%| E|CS|TAMS 0x0000000089800000, 0x0000000089800000| Complete 
| 153|0x0000000089900000, 0x0000000089a00000, 0x0000000089a00000|100%| E|CS|TAMS 0x0000000089900000, 0x0000000089900000| Complete 
| 154|0x0000000089a00000, 0x0000000089b00000, 0x0000000089b00000|100%| E|CS|TAMS 0x0000000089a00000, 0x0000000089a00000| Complete 
| 155|0x0000000089b00000, 0x0000000089c00000, 0x0000000089c00000|100%| E|CS|TAMS 0x0000000089b00000, 0x0000000089b00000| Complete 
| 156|0x0000000089c00000, 0x0000000089d00000, 0x0000000089d00000|100%| E|CS|TAMS 0x0000000089c00000, 0x0000000089c00000| Complete 
| 157|0x0000000089d00000, 0x0000000089e00000, 0x0000000089e00000|100%| E|CS|TAMS 0x0000000089d00000, 0x0000000089d00000| Complete 
| 158|0x0000000089e00000, 0x0000000089f00000, 0x0000000089f00000|100%| E|CS|TAMS 0x0000000089e00000, 0x0000000089e00000| Complete 
| 159|0x0000000089f00000, 0x000000008a000000, 0x000000008a000000|100%| E|CS|TAMS 0x0000000089f00000, 0x0000000089f00000| Complete 
| 160|0x000000008a000000, 0x000000008a100000, 0x000000008a100000|100%| E|CS|TAMS 0x000000008a000000, 0x000000008a000000| Complete 
| 161|0x000000008a100000, 0x000000008a200000, 0x000000008a200000|100%| E|CS|TAMS 0x000000008a100000, 0x000000008a100000| Complete 
| 162|0x000000008a200000, 0x000000008a300000, 0x000000008a300000|100%| E|CS|TAMS 0x000000008a200000, 0x000000008a200000| Complete 
| 163|0x000000008a300000, 0x000000008a400000, 0x000000008a400000|100%| E|CS|TAMS 0x000000008a300000, 0x000000008a300000| Complete 
| 164|0x000000008a400000, 0x000000008a500000, 0x000000008a500000|100%| E|CS|TAMS 0x000000008a400000, 0x000000008a400000| Complete 
| 165|0x000000008a500000, 0x000000008a600000, 0x000000008a600000|100%| E|CS|TAMS 0x000000008a500000, 0x000000008a500000| Complete 
| 166|0x000000008a600000, 0x000000008a700000, 0x000000008a700000|100%| E|CS|TAMS 0x000000008a600000, 0x000000008a600000| Complete 
| 167|0x000000008a700000, 0x000000008a800000, 0x000000008a800000|100%| E|CS|TAMS 0x000000008a700000, 0x000000008a700000| Complete 
| 168|0x000000008a800000, 0x000000008a900000, 0x000000008a900000|100%| E|CS|TAMS 0x000000008a800000, 0x000000008a800000| Complete 
| 169|0x000000008a900000, 0x000000008aa00000, 0x000000008aa00000|100%| E|CS|TAMS 0x000000008a900000, 0x000000008a900000| Complete 
| 170|0x000000008aa00000, 0x000000008ab00000, 0x000000008ab00000|100%| E|CS|TAMS 0x000000008aa00000, 0x000000008aa00000| Complete 
| 171|0x000000008ab00000, 0x000000008ac00000, 0x000000008ac00000|100%| E|CS|TAMS 0x000000008ab00000, 0x000000008ab00000| Complete 
| 172|0x000000008ac00000, 0x000000008ad00000, 0x000000008ad00000|100%| E|CS|TAMS 0x000000008ac00000, 0x000000008ac00000| Complete 
| 173|0x000000008ad00000, 0x000000008ae00000, 0x000000008ae00000|100%| E|CS|TAMS 0x000000008ad00000, 0x000000008ad00000| Complete 
| 174|0x000000008ae00000, 0x000000008af00000, 0x000000008af00000|100%| E|CS|TAMS 0x000000008ae00000, 0x000000008ae00000| Complete 
| 175|0x000000008af00000, 0x000000008b000000, 0x000000008b000000|100%| E|CS|TAMS 0x000000008af00000, 0x000000008af00000| Complete 
| 176|0x000000008b000000, 0x000000008b100000, 0x000000008b100000|100%| E|CS|TAMS 0x000000008b000000, 0x000000008b000000| Complete 
| 177|0x000000008b100000, 0x000000008b200000, 0x000000008b200000|100%| E|CS|TAMS 0x000000008b100000, 0x000000008b100000| Complete 
| 178|0x000000008b200000, 0x000000008b300000, 0x000000008b300000|100%| E|CS|TAMS 0x000000008b200000, 0x000000008b200000| Complete 
| 179|0x000000008b300000, 0x000000008b400000, 0x000000008b400000|100%| E|CS|TAMS 0x000000008b300000, 0x000000008b300000| Complete 
| 180|0x000000008b400000, 0x000000008b500000, 0x000000008b500000|100%| E|CS|TAMS 0x000000008b400000, 0x000000008b400000| Complete 
| 181|0x000000008b500000, 0x000000008b600000, 0x000000008b600000|100%| E|CS|TAMS 0x000000008b500000, 0x000000008b500000| Complete 
| 182|0x000000008b600000, 0x000000008b700000, 0x000000008b700000|100%| E|CS|TAMS 0x000000008b600000, 0x000000008b600000| Complete 
| 183|0x000000008b700000, 0x000000008b800000, 0x000000008b800000|100%| E|CS|TAMS 0x000000008b700000, 0x000000008b700000| Complete 
| 184|0x000000008b800000, 0x000000008b900000, 0x000000008b900000|100%| E|CS|TAMS 0x000000008b800000, 0x000000008b800000| Complete 
| 185|0x000000008b900000, 0x000000008ba00000, 0x000000008ba00000|100%| E|CS|TAMS 0x000000008b900000, 0x000000008b900000| Complete 
| 186|0x000000008ba00000, 0x000000008bb00000, 0x000000008bb00000|100%| E|CS|TAMS 0x000000008ba00000, 0x000000008ba00000| Complete 
| 187|0x000000008bb00000, 0x000000008bc00000, 0x000000008bc00000|100%| E|CS|TAMS 0x000000008bb00000, 0x000000008bb00000| Complete 
| 188|0x000000008bc00000, 0x000000008bd00000, 0x000000008bd00000|100%| E|CS|TAMS 0x000000008bc00000, 0x000000008bc00000| Complete 
| 189|0x000000008bd00000, 0x000000008be00000, 0x000000008be00000|100%| E|CS|TAMS 0x000000008bd00000, 0x000000008bd00000| Complete 
| 190|0x000000008be00000, 0x000000008bf00000, 0x000000008bf00000|100%| E|CS|TAMS 0x000000008be00000, 0x000000008be00000| Complete 
| 191|0x000000008bf00000, 0x000000008c000000, 0x000000008c000000|100%| E|CS|TAMS 0x000000008bf00000, 0x000000008bf00000| Complete 
| 192|0x000000008c000000, 0x000000008c100000, 0x000000008c100000|100%| E|CS|TAMS 0x000000008c000000, 0x000000008c000000| Complete 
| 193|0x000000008c100000, 0x000000008c200000, 0x000000008c200000|100%| E|CS|TAMS 0x000000008c100000, 0x000000008c100000| Complete 
| 194|0x000000008c200000, 0x000000008c300000, 0x000000008c300000|100%| E|CS|TAMS 0x000000008c200000, 0x000000008c200000| Complete 
| 195|0x000000008c300000, 0x000000008c400000, 0x000000008c400000|100%| E|CS|TAMS 0x000000008c300000, 0x000000008c300000| Complete 
| 196|0x000000008c400000, 0x000000008c500000, 0x000000008c500000|100%| E|CS|TAMS 0x000000008c400000, 0x000000008c400000| Complete 
| 197|0x000000008c500000, 0x000000008c600000, 0x000000008c600000|100%| E|CS|TAMS 0x000000008c500000, 0x000000008c500000| Complete 
| 198|0x000000008c600000, 0x000000008c700000, 0x000000008c700000|100%| E|CS|TAMS 0x000000008c600000, 0x000000008c600000| Complete 
| 199|0x000000008c700000, 0x000000008c800000, 0x000000008c800000|100%| E|CS|TAMS 0x000000008c700000, 0x000000008c700000| Complete 
| 200|0x000000008c800000, 0x000000008c900000, 0x000000008c900000|100%| E|CS|TAMS 0x000000008c800000, 0x000000008c800000| Complete 
| 201|0x000000008c900000, 0x000000008ca00000, 0x000000008ca00000|100%| E|CS|TAMS 0x000000008c900000, 0x000000008c900000| Complete 
| 202|0x000000008ca00000, 0x000000008cb00000, 0x000000008cb00000|100%| E|CS|TAMS 0x000000008ca00000, 0x000000008ca00000| Complete 
| 203|0x000000008cb00000, 0x000000008cc00000, 0x000000008cc00000|100%| E|CS|TAMS 0x000000008cb00000, 0x000000008cb00000| Complete 
| 204|0x000000008cc00000, 0x000000008cd00000, 0x000000008cd00000|100%| E|CS|TAMS 0x000000008cc00000, 0x000000008cc00000| Complete 
| 205|0x000000008cd00000, 0x000000008ce00000, 0x000000008ce00000|100%| E|CS|TAMS 0x000000008cd00000, 0x000000008cd00000| Complete 
| 206|0x000000008ce00000, 0x000000008cf00000, 0x000000008cf00000|100%| E|CS|TAMS 0x000000008ce00000, 0x000000008ce00000| Complete 
| 207|0x000000008cf00000, 0x000000008d000000, 0x000000008d000000|100%| E|CS|TAMS 0x000000008cf00000, 0x000000008cf00000| Complete 
| 208|0x000000008d000000, 0x000000008d100000, 0x000000008d100000|100%| E|CS|TAMS 0x000000008d000000, 0x000000008d000000| Complete 
| 209|0x000000008d100000, 0x000000008d200000, 0x000000008d200000|100%| E|CS|TAMS 0x000000008d100000, 0x000000008d100000| Complete 
| 210|0x000000008d200000, 0x000000008d300000, 0x000000008d300000|100%| E|CS|TAMS 0x000000008d200000, 0x000000008d200000| Complete 
| 211|0x000000008d300000, 0x000000008d400000, 0x000000008d400000|100%| E|CS|TAMS 0x000000008d300000, 0x000000008d300000| Complete 
| 212|0x000000008d400000, 0x000000008d500000, 0x000000008d500000|100%| E|CS|TAMS 0x000000008d400000, 0x000000008d400000| Complete 
| 213|0x000000008d500000, 0x000000008d600000, 0x000000008d600000|100%| E|CS|TAMS 0x000000008d500000, 0x000000008d500000| Complete 
| 214|0x000000008d600000, 0x000000008d700000, 0x000000008d700000|100%| E|CS|TAMS 0x000000008d600000, 0x000000008d600000| Complete 
| 215|0x000000008d700000, 0x000000008d800000, 0x000000008d800000|100%| E|CS|TAMS 0x000000008d700000, 0x000000008d700000| Complete 
| 216|0x000000008d800000, 0x000000008d900000, 0x000000008d900000|100%| E|CS|TAMS 0x000000008d800000, 0x000000008d800000| Complete 
| 217|0x000000008d900000, 0x000000008da00000, 0x000000008da00000|100%| E|CS|TAMS 0x000000008d900000, 0x000000008d900000| Complete 
| 218|0x000000008da00000, 0x000000008db00000, 0x000000008db00000|100%| E|CS|TAMS 0x000000008da00000, 0x000000008da00000| Complete 
| 219|0x000000008db00000, 0x000000008dc00000, 0x000000008dc00000|100%| E|CS|TAMS 0x000000008db00000, 0x000000008db00000| Complete 
| 220|0x000000008dc00000, 0x000000008dd00000, 0x000000008dd00000|100%| E|CS|TAMS 0x000000008dc00000, 0x000000008dc00000| Complete 
| 221|0x000000008dd00000, 0x000000008de00000, 0x000000008de00000|100%| E|CS|TAMS 0x000000008dd00000, 0x000000008dd00000| Complete 
| 222|0x000000008de00000, 0x000000008df00000, 0x000000008df00000|100%| E|CS|TAMS 0x000000008de00000, 0x000000008de00000| Complete 
| 223|0x000000008df00000, 0x000000008e000000, 0x000000008e000000|100%| E|CS|TAMS 0x000000008df00000, 0x000000008df00000| Complete 
| 224|0x000000008e000000, 0x000000008e100000, 0x000000008e100000|100%| E|CS|TAMS 0x000000008e000000, 0x000000008e000000| Complete 
| 225|0x000000008e100000, 0x000000008e200000, 0x000000008e200000|100%| E|CS|TAMS 0x000000008e100000, 0x000000008e100000| Complete 
| 226|0x000000008e200000, 0x000000008e300000, 0x000000008e300000|100%| E|CS|TAMS 0x000000008e200000, 0x000000008e200000| Complete 
| 227|0x000000008e300000, 0x000000008e400000, 0x000000008e400000|100%| E|CS|TAMS 0x000000008e300000, 0x000000008e300000| Complete 
| 228|0x000000008e400000, 0x000000008e500000, 0x000000008e500000|100%| E|CS|TAMS 0x000000008e400000, 0x000000008e400000| Complete 
| 229|0x000000008e500000, 0x000000008e600000, 0x000000008e600000|100%| E|CS|TAMS 0x000000008e500000, 0x000000008e500000| Complete 
| 230|0x000000008e600000, 0x000000008e700000, 0x000000008e700000|100%| E|CS|TAMS 0x000000008e600000, 0x000000008e600000| Complete 
| 231|0x000000008e700000, 0x000000008e800000, 0x000000008e800000|100%| E|CS|TAMS 0x000000008e700000, 0x000000008e700000| Complete 
| 232|0x000000008e800000, 0x000000008e900000, 0x000000008e900000|100%| E|CS|TAMS 0x000000008e800000, 0x000000008e800000| Complete 
| 233|0x000000008e900000, 0x000000008ea00000, 0x000000008ea00000|100%| E|CS|TAMS 0x000000008e900000, 0x000000008e900000| Complete 
| 234|0x000000008ea00000, 0x000000008eb00000, 0x000000008eb00000|100%| E|CS|TAMS 0x000000008ea00000, 0x000000008ea00000| Complete 
| 235|0x000000008eb00000, 0x000000008ec00000, 0x000000008ec00000|100%| E|CS|TAMS 0x000000008eb00000, 0x000000008eb00000| Complete 
| 236|0x000000008ec00000, 0x000000008ed00000, 0x000000008ed00000|100%| E|CS|TAMS 0x000000008ec00000, 0x000000008ec00000| Complete 
| 237|0x000000008ed00000, 0x000000008ee00000, 0x000000008ee00000|100%| E|CS|TAMS 0x000000008ed00000, 0x000000008ed00000| Complete 
| 238|0x000000008ee00000, 0x000000008ef00000, 0x000000008ef00000|100%| E|CS|TAMS 0x000000008ee00000, 0x000000008ee00000| Complete 
| 239|0x000000008ef00000, 0x000000008f000000, 0x000000008f000000|100%| E|CS|TAMS 0x000000008ef00000, 0x000000008ef00000| Complete 
| 240|0x000000008f000000, 0x000000008f100000, 0x000000008f100000|100%| E|CS|TAMS 0x000000008f000000, 0x000000008f000000| Complete 
| 241|0x000000008f100000, 0x000000008f200000, 0x000000008f200000|100%| E|CS|TAMS 0x000000008f100000, 0x000000008f100000| Complete 
| 242|0x000000008f200000, 0x000000008f300000, 0x000000008f300000|100%| E|CS|TAMS 0x000000008f200000, 0x000000008f200000| Complete 
| 243|0x000000008f300000, 0x000000008f400000, 0x000000008f400000|100%| E|CS|TAMS 0x000000008f300000, 0x000000008f300000| Complete 
| 244|0x000000008f400000, 0x000000008f500000, 0x000000008f500000|100%| E|CS|TAMS 0x000000008f400000, 0x000000008f400000| Complete 
| 245|0x000000008f500000, 0x000000008f600000, 0x000000008f600000|100%| E|CS|TAMS 0x000000008f500000, 0x000000008f500000| Complete 
| 246|0x000000008f600000, 0x000000008f700000, 0x000000008f700000|100%| E|CS|TAMS 0x000000008f600000, 0x000000008f600000| Complete 
| 247|0x000000008f700000, 0x000000008f800000, 0x000000008f800000|100%| E|CS|TAMS 0x000000008f700000, 0x000000008f700000| Complete 
| 248|0x000000008f800000, 0x000000008f900000, 0x000000008f900000|100%| E|CS|TAMS 0x000000008f800000, 0x000000008f800000| Complete 
| 249|0x000000008f900000, 0x000000008fa00000, 0x000000008fa00000|100%| E|CS|TAMS 0x000000008f900000, 0x000000008f900000| Complete 
| 250|0x000000008fa00000, 0x000000008fb00000, 0x000000008fb00000|100%| E|CS|TAMS 0x000000008fa00000, 0x000000008fa00000| Complete 
| 251|0x000000008fb00000, 0x000000008fc00000, 0x000000008fc00000|100%| E|CS|TAMS 0x000000008fb00000, 0x000000008fb00000| Complete 
| 252|0x000000008fc00000, 0x000000008fd00000, 0x000000008fd00000|100%| E|CS|TAMS 0x000000008fc00000, 0x000000008fc00000| Complete 
| 253|0x000000008fd00000, 0x000000008fe00000, 0x000000008fe00000|100%| E|CS|TAMS 0x000000008fd00000, 0x000000008fd00000| Complete 
| 254|0x000000008fe00000, 0x000000008ff00000, 0x000000008ff00000|100%| E|CS|TAMS 0x000000008fe00000, 0x000000008fe00000| Complete 
| 255|0x000000008ff00000, 0x0000000090000000, 0x0000000090000000|100%| E|CS|TAMS 0x000000008ff00000, 0x000000008ff00000| Complete 
| 256|0x0000000090000000, 0x0000000090100000, 0x0000000090100000|100%| E|CS|TAMS 0x0000000090000000, 0x0000000090000000| Complete 
| 257|0x0000000090100000, 0x0000000090200000, 0x0000000090200000|100%| E|CS|TAMS 0x0000000090100000, 0x0000000090100000| Complete 
| 258|0x0000000090200000, 0x0000000090300000, 0x0000000090300000|100%| E|CS|TAMS 0x0000000090200000, 0x0000000090200000| Complete 
| 259|0x0000000090300000, 0x0000000090400000, 0x0000000090400000|100%| E|CS|TAMS 0x0000000090300000, 0x0000000090300000| Complete 
| 260|0x0000000090400000, 0x0000000090500000, 0x0000000090500000|100%| E|CS|TAMS 0x0000000090400000, 0x0000000090400000| Complete 
| 261|0x0000000090500000, 0x0000000090600000, 0x0000000090600000|100%| E|CS|TAMS 0x0000000090500000, 0x0000000090500000| Complete 
| 262|0x0000000090600000, 0x0000000090700000, 0x0000000090700000|100%| E|CS|TAMS 0x0000000090600000, 0x0000000090600000| Complete 
| 263|0x0000000090700000, 0x0000000090800000, 0x0000000090800000|100%| E|CS|TAMS 0x0000000090700000, 0x0000000090700000| Complete 
| 264|0x0000000090800000, 0x0000000090900000, 0x0000000090900000|100%| E|CS|TAMS 0x0000000090800000, 0x0000000090800000| Complete 
| 265|0x0000000090900000, 0x0000000090a00000, 0x0000000090a00000|100%| E|CS|TAMS 0x0000000090900000, 0x0000000090900000| Complete 
| 266|0x0000000090a00000, 0x0000000090b00000, 0x0000000090b00000|100%| E|CS|TAMS 0x0000000090a00000, 0x0000000090a00000| Complete 
| 267|0x0000000090b00000, 0x0000000090c00000, 0x0000000090c00000|100%| E|CS|TAMS 0x0000000090b00000, 0x0000000090b00000| Complete 
| 268|0x0000000090c00000, 0x0000000090d00000, 0x0000000090d00000|100%| E|CS|TAMS 0x0000000090c00000, 0x0000000090c00000| Complete 
| 269|0x0000000090d00000, 0x0000000090e00000, 0x0000000090e00000|100%| E|CS|TAMS 0x0000000090d00000, 0x0000000090d00000| Complete 
| 270|0x0000000090e00000, 0x0000000090f00000, 0x0000000090f00000|100%| E|CS|TAMS 0x0000000090e00000, 0x0000000090e00000| Complete 
| 271|0x0000000090f00000, 0x0000000091000000, 0x0000000091000000|100%| E|CS|TAMS 0x0000000090f00000, 0x0000000090f00000| Complete 
| 272|0x0000000091000000, 0x0000000091100000, 0x0000000091100000|100%| E|CS|TAMS 0x0000000091000000, 0x0000000091000000| Complete 
| 273|0x0000000091100000, 0x0000000091200000, 0x0000000091200000|100%| E|CS|TAMS 0x0000000091100000, 0x0000000091100000| Complete 
| 274|0x0000000091200000, 0x0000000091300000, 0x0000000091300000|100%| E|CS|TAMS 0x0000000091200000, 0x0000000091200000| Complete 
| 275|0x0000000091300000, 0x0000000091400000, 0x0000000091400000|100%| E|CS|TAMS 0x0000000091300000, 0x0000000091300000| Complete 
| 276|0x0000000091400000, 0x0000000091500000, 0x0000000091500000|100%| E|CS|TAMS 0x0000000091400000, 0x0000000091400000| Complete 
| 277|0x0000000091500000, 0x0000000091600000, 0x0000000091600000|100%| E|CS|TAMS 0x0000000091500000, 0x0000000091500000| Complete 

Card table byte_map: [0x00000244fd160000,0x00000244fd560000] _byte_map_base: 0x00000244fcd60000

Marking Bits (Prev, Next): (CMBitMap*) 0x00000244f71d8e40, (CMBitMap*) 0x00000244f71d8e08
 Prev Bits: [0x000002448f000000, 0x0000024491000000)
 Next Bits: [0x00000244fd960000, 0x00000244ff960000)

Polling page: 0x00000244f7280000

Metaspace:

Usage:
  Non-class:     37.62 MB capacity,    36.99 MB ( 98%) used,   557.77 KB (  1%) free+waste,    87.94 KB ( <1%) overhead. 
      Class:      5.70 MB capacity,     5.32 MB ( 93%) used,   344.80 KB (  6%) free+waste,    42.13 KB ( <1%) overhead. 
       Both:     43.32 MB capacity,    42.31 MB ( 98%) used,   902.58 KB (  2%) free+waste,   130.06 KB ( <1%) overhead. 

Virtual space:
  Non-class space:       38.00 MB reserved,      37.75 MB (>99%) committed 
      Class space:        1.00 GB reserved,       5.75 MB ( <1%) committed 
             Both:        1.04 GB reserved,      43.50 MB (  4%) committed 

Chunk freelists:
   Non-Class:  2.00 KB
       Class:  24.00 KB
        Both:  26.00 KB

MaxMetaspaceSize: 17179869184.00 GB
CompressedClassSpaceSize: 1.00 GB

CodeHeap 'non-profiled nmethods': size=120000Kb used=2663Kb max_used=2663Kb free=117336Kb
 bounds [0x0000024487ad0000, 0x0000024487d70000, 0x000002448f000000]
CodeHeap 'profiled nmethods': size=120000Kb used=8347Kb max_used=8347Kb free=111652Kb
 bounds [0x00000244805a0000, 0x0000024480de0000, 0x0000024487ad0000]
CodeHeap 'non-nmethods': size=5760Kb used=2210Kb max_used=2315Kb free=3549Kb
 bounds [0x0000024480000000, 0x0000024480270000, 0x00000244805a0000]
 total_blobs=4460 nmethods=3677 adapters=693
 compilation: enabled
              stopped_count=0, restarted_count=0
 full_count=0

Compilation events (20 events):
Event: 15.204 Thread 0x0000024493e34800 nmethod 4028 0x0000024487d63c90 code [0x0000024487d63e20, 0x0000024487d63eb8]
Event: 15.221 Thread 0x0000024493e34800 4029       4       sun.security.provider.ByteArrayAccess::i2bLittle (204 bytes)
Event: 15.228 Thread 0x0000024493e34800 nmethod 4029 0x0000024487d63f90 code [0x0000024487d64140, 0x0000024487d64438]
Event: 15.228 Thread 0x0000024493e34800 4030       4       org.gradle.internal.hash.HashingOutputStream::write (23 bytes)
Event: 15.230 Thread 0x0000024493e34800 nmethod 4030 0x0000024487d64610 code [0x0000024487d647c0, 0x0000024487d64958]
Event: 15.287 Thread 0x0000024493e34800 4031       4       org.gradle.api.internal.changedetection.state.ZipHasher$ZipEntryRelativePath::<init> (6 bytes)
Event: 15.289 Thread 0x0000024493e34800 nmethod 4031 0x0000024487d64c10 code [0x0000024487d64da0, 0x0000024487d64ed8]
Event: 15.465 Thread 0x0000024493e34800 4032       4       java.nio.ByteBuffer::order (48 bytes)
Event: 15.465 Thread 0x0000024493e34800 nmethod 4032 0x0000024487d64f90 code [0x0000024487d65120, 0x0000024487d651b8]
Event: 15.466 Thread 0x0000024493e34800 4033       4       sun.security.provider.MD5::implDigest (96 bytes)
Event: 15.478 Thread 0x0000024493e34800 nmethod 4033 0x0000024487d65290 code [0x0000024487d65480, 0x0000024487d65d50]
Event: 15.478 Thread 0x0000024493e34800 4034   !   4       org.gradle.internal.hash.Hashing$CloningMessageDigestHashFunction::createDigest (21 bytes)
Event: 15.486 Thread 0x0000024493e34800 nmethod 4034 0x0000024487d66390 code [0x0000024487d66560, 0x0000024487d66d98]
Event: 15.511 Thread 0x0000024493e34800 4035       4       org.gradle.api.internal.changedetection.state.ZipEntryContext::<init> (20 bytes)
Event: 15.514 Thread 0x0000024493e34800 nmethod 4035 0x0000024487d67090 code [0x0000024487d67220, 0x0000024487d674d8]
Event: 15.514 Thread 0x0000024493e34800 4037       4       com.google.common.io.ByteStreams::copy (51 bytes)
Event: 15.520 Thread 0x0000024493e34800 nmethod 4037 0x0000024487d67590 code [0x0000024487d67760, 0x0000024487d67af8]
Event: 15.520 Thread 0x0000024493e34800 4036       4       org.gradle.api.internal.changedetection.state.MetaInfAwareClasspathResourceHasher::hash (60 bytes)
Event: 15.578 Thread 0x0000024493e34800 nmethod 4036 0x0000024487d67f90 code [0x0000024487d68220, 0x0000024487d69000]
Event: 15.579 Thread 0x0000024493e34800 4039       4       org.gradle.api.internal.changedetection.state.ZipHasher::isZipFile (19 bytes)

GC Heap History (20 events):
Event: 10.046 GC heap before
{Heap before GC invocations=42 (full 0):
 garbage-first heap   total 93184K, used 50848K [0x0000000080000000, 0x0000000100000000)
  region size 1024K, 4 young (4096K), 1 survivors (1024K)
 Metaspace       used 43115K, capacity 44067K, committed 44160K, reserved 1087488K
  class space    used 5414K, capacity 5756K, committed 5760K, reserved 1048576K
}
Event: 10.050 GC heap after
{Heap after GC invocations=43 (full 0):
 garbage-first heap   total 151552K, used 46326K [0x0000000080000000, 0x0000000100000000)
  region size 1024K, 1 young (1024K), 1 survivors (1024K)
 Metaspace       used 43115K, capacity 44067K, committed 44160K, reserved 1087488K
  class space    used 5414K, capacity 5756K, committed 5760K, reserved 1048576K
}
Event: 10.624 GC heap before
{Heap before GC invocations=43 (full 0):
 garbage-first heap   total 151552K, used 92406K [0x0000000080000000, 0x0000000100000000)
  region size 1024K, 47 young (48128K), 1 survivors (1024K)
 Metaspace       used 43126K, capacity 44067K, committed 44160K, reserved 1087488K
  class space    used 5414K, capacity 5756K, committed 5760K, reserved 1048576K
}
Event: 10.626 GC heap after
{Heap after GC invocations=44 (full 0):
 garbage-first heap   total 151552K, used 46533K [0x0000000080000000, 0x0000000100000000)
  region size 1024K, 1 young (1024K), 1 survivors (1024K)
 Metaspace       used 43126K, capacity 44067K, committed 44160K, reserved 1087488K
  class space    used 5414K, capacity 5756K, committed 5760K, reserved 1048576K
}
Event: 11.068 GC heap before
{Heap before GC invocations=44 (full 0):
 garbage-first heap   total 151552K, used 117189K [0x0000000080000000, 0x0000000100000000)
  region size 1024K, 70 young (71680K), 1 survivors (1024K)
 Metaspace       used 43126K, capacity 44067K, committed 44160K, reserved 1087488K
  class space    used 5414K, capacity 5756K, committed 5760K, reserved 1048576K
}
Event: 11.070 GC heap after
{Heap after GC invocations=45 (full 0):
 garbage-first heap   total 151552K, used 47236K [0x0000000080000000, 0x0000000100000000)
  region size 1024K, 2 young (2048K), 2 survivors (2048K)
 Metaspace       used 43126K, capacity 44067K, committed 44160K, reserved 1087488K
  class space    used 5414K, capacity 5756K, committed 5760K, reserved 1048576K
}
Event: 11.326 GC heap before
{Heap before GC invocations=45 (full 0):
 garbage-first heap   total 151552K, used 117892K [0x0000000080000000, 0x0000000100000000)
  region size 1024K, 71 young (72704K), 2 survivors (2048K)
 Metaspace       used 43128K, capacity 44067K, committed 44160K, reserved 1087488K
  class space    used 5414K, capacity 5756K, committed 5760K, reserved 1048576K
}
Event: 11.329 GC heap after
{Heap after GC invocations=46 (full 0):
 garbage-first heap   total 151552K, used 47827K [0x0000000080000000, 0x0000000100000000)
  region size 1024K, 2 young (2048K), 2 survivors (2048K)
 Metaspace       used 43128K, capacity 44067K, committed 44160K, reserved 1087488K
  class space    used 5414K, capacity 5756K, committed 5760K, reserved 1048576K
}
Event: 11.773 GC heap before
{Heap before GC invocations=46 (full 0):
 garbage-first heap   total 151552K, used 120531K [0x0000000080000000, 0x0000000100000000)
  region size 1024K, 73 young (74752K), 2 survivors (2048K)
 Metaspace       used 43130K, capacity 44068K, committed 44160K, reserved 1087488K
  class space    used 5414K, capacity 5756K, committed 5760K, reserved 1048576K
}
Event: 11.779 GC heap after
{Heap after GC invocations=47 (full 0):
 garbage-first heap   total 196608K, used 48949K [0x0000000080000000, 0x0000000100000000)
  region size 1024K, 3 young (3072K), 3 survivors (3072K)
 Metaspace       used 43130K, capacity 44068K, committed 44160K, reserved 1087488K
  class space    used 5414K, capacity 5756K, committed 5760K, reserved 1048576K
}
Event: 12.333 GC heap before
{Heap before GC invocations=47 (full 0):
 garbage-first heap   total 196608K, used 133941K [0x0000000080000000, 0x0000000100000000)
  region size 1024K, 86 young (88064K), 3 survivors (3072K)
 Metaspace       used 43130K, capacity 44068K, committed 44160K, reserved 1087488K
  class space    used 5414K, capacity 5756K, committed 5760K, reserved 1048576K
}
Event: 12.347 GC heap after
{Heap after GC invocations=48 (full 0):
 garbage-first heap   total 196608K, used 54129K [0x0000000080000000, 0x0000000100000000)
  region size 1024K, 8 young (8192K), 8 survivors (8192K)
 Metaspace       used 43130K, capacity 44068K, committed 44160K, reserved 1087488K
  class space    used 5414K, capacity 5756K, committed 5760K, reserved 1048576K
}
Event: 12.729 GC heap before
{Heap before GC invocations=48 (full 0):
 garbage-first heap   total 196608K, used 142193K [0x0000000080000000, 0x0000000100000000)
  region size 1024K, 94 young (96256K), 8 survivors (8192K)
 Metaspace       used 43132K, capacity 44068K, committed 44160K, reserved 1087488K
  class space    used 5414K, capacity 5756K, committed 5760K, reserved 1048576K
}
Event: 12.752 GC heap after
{Heap after GC invocations=49 (full 0):
 garbage-first heap   total 196608K, used 55564K [0x0000000080000000, 0x0000000100000000)
  region size 1024K, 7 young (7168K), 7 survivors (7168K)
 Metaspace       used 43132K, capacity 44068K, committed 44160K, reserved 1087488K
  class space    used 5414K, capacity 5756K, committed 5760K, reserved 1048576K
}
Event: 13.137 GC heap before
{Heap before GC invocations=49 (full 0):
 garbage-first heap   total 196608K, used 146700K [0x0000000080000000, 0x0000000100000000)
  region size 1024K, 96 young (98304K), 7 survivors (7168K)
 Metaspace       used 43132K, capacity 44068K, committed 44160K, reserved 1087488K
  class space    used 5414K, capacity 5756K, committed 5760K, reserved 1048576K
}
Event: 13.149 GC heap after
{Heap after GC invocations=50 (full 0):
 garbage-first heap   total 196608K, used 56780K [0x0000000080000000, 0x0000000100000000)
  region size 1024K, 3 young (3072K), 3 survivors (3072K)
 Metaspace       used 43132K, capacity 44068K, committed 44160K, reserved 1087488K
  class space    used 5414K, capacity 5756K, committed 5760K, reserved 1048576K
}
Event: 13.560 GC heap before
{Heap before GC invocations=50 (full 0):
 garbage-first heap   total 196608K, used 153036K [0x0000000080000000, 0x0000000100000000)
  region size 1024K, 97 young (99328K), 3 survivors (3072K)
 Metaspace       used 43175K, capacity 44132K, committed 44160K, reserved 1087488K
  class space    used 5421K, capacity 5756K, committed 5760K, reserved 1048576K
}
Event: 13.567 GC heap after
{Heap after GC invocations=51 (full 0):
 garbage-first heap   total 284672K, used 57023K [0x0000000080000000, 0x0000000100000000)
  region size 1024K, 3 young (3072K), 3 survivors (3072K)
 Metaspace       used 43175K, capacity 44132K, committed 44160K, reserved 1087488K
  class space    used 5421K, capacity 5756K, committed 5760K, reserved 1048576K
}
Event: 14.726 GC heap before
{Heap before GC invocations=51 (full 0):
 garbage-first heap   total 284672K, used 214719K [0x0000000080000000, 0x0000000100000000)
  region size 1024K, 154 young (157696K), 3 survivors (3072K)
 Metaspace       used 43310K, capacity 44326K, committed 44544K, reserved 1087488K
  class space    used 5443K, capacity 5800K, committed 5888K, reserved 1048576K
}
Event: 14.732 GC heap after
{Heap after GC invocations=52 (full 0):
 garbage-first heap   total 284672K, used 58910K [0x0000000080000000, 0x0000000100000000)
  region size 1024K, 5 young (5120K), 5 survivors (5120K)
 Metaspace       used 43310K, capacity 44326K, committed 44544K, reserved 1087488K
  class space    used 5443K, capacity 5800K, committed 5888K, reserved 1048576K
}

Deoptimization events (20 events):
Event: 13.861 Thread 0x000002449813c000 DEOPT PACKING pc=0x0000024480d9fd00 sp=0x0000006cde2fde20
Event: 13.861 Thread 0x000002449813c000 DEOPT UNPACKING pc=0x00000244800272ce sp=0x0000006cde2fd490 mode 0
Event: 13.889 Thread 0x000002449813c000 DEOPT PACKING pc=0x0000024480da0cbe sp=0x0000006cde2fde20
Event: 13.889 Thread 0x000002449813c000 DEOPT UNPACKING pc=0x00000244800272ce sp=0x0000006cde2fd490 mode 0
Event: 13.898 Thread 0x000002449813c000 DEOPT PACKING pc=0x0000024480d9fd00 sp=0x0000006cde2fde20
Event: 13.898 Thread 0x000002449813c000 DEOPT UNPACKING pc=0x00000244800272ce sp=0x0000006cde2fd490 mode 0
Event: 13.907 Thread 0x000002449813c000 DEOPT PACKING pc=0x0000024480da0cbe sp=0x0000006cde2fde20
Event: 13.907 Thread 0x000002449813c000 DEOPT UNPACKING pc=0x00000244800272ce sp=0x0000006cde2fd490 mode 0
Event: 13.915 Thread 0x000002449813c000 DEOPT PACKING pc=0x0000024480d9fd00 sp=0x0000006cde2fde20
Event: 13.915 Thread 0x000002449813c000 DEOPT UNPACKING pc=0x00000244800272ce sp=0x0000006cde2fd490 mode 0
Event: 13.927 Thread 0x000002449813c000 DEOPT PACKING pc=0x0000024480d9fd00 sp=0x0000006cde2fde20
Event: 13.928 Thread 0x000002449813c000 DEOPT UNPACKING pc=0x00000244800272ce sp=0x0000006cde2fd490 mode 0
Event: 13.955 Thread 0x000002449813c000 DEOPT PACKING pc=0x0000024480da0cbe sp=0x0000006cde2fde20
Event: 13.955 Thread 0x000002449813c000 DEOPT UNPACKING pc=0x00000244800272ce sp=0x0000006cde2fd490 mode 0
Event: 14.623 Thread 0x0000024495581800 Uncommon trap: trap_request=0xffffffc6 fr.pc=0x0000024487ba0eac relative=0x0000000000000ecc
Event: 14.624 Thread 0x0000024495581800 Uncommon trap: reason=bimorphic_or_optimized_type_check action=maybe_recompile pc=0x0000024487ba0eac method=java.io.DataOutputStream.writeShort(I)V @ 12 c2
Event: 14.624 Thread 0x0000024495581800 DEOPT PACKING pc=0x0000024487ba0eac sp=0x0000006cdc9fe2e0
Event: 14.624 Thread 0x0000024495581800 DEOPT UNPACKING pc=0x00000244800274af sp=0x0000006cdc9fe2e8 mode 2
Event: 14.647 Thread 0x0000024495d8f800 DEOPT PACKING pc=0x00000244809f8f2a sp=0x0000006cdc1f9f20
Event: 14.647 Thread 0x0000024495d8f800 DEOPT UNPACKING pc=0x00000244800272ce sp=0x0000006cdc1f9510 mode 0

Classes redefined (0 events):
No events

Internal exceptions (20 events):
Event: 9.016 Thread 0x0000024495d8f800 Exception <a 'java/lang/ClassNotFoundException'{0x00000000837ad6d8}: org/gradle/internal/metaobject/ConfigureDelegateBeanInfo> (0x00000000837ad6d8) thrown at [./src/hotspot/share/classfile/systemDictionary.cpp, line 231]
Event: 9.016 Thread 0x0000024495d8f800 Exception <a 'java/lang/ClassNotFoundException'{0x00000000837caf20}: org/gradle/internal/metaobject/ConfigureDelegateCustomizer> (0x00000000837caf20) thrown at [./src/hotspot/share/classfile/systemDictionary.cpp, line 231]
Event: 9.021 Thread 0x0000024495d8f800 Exception <a 'java/lang/ClassNotFoundException'{0x0000000083627720}: org/gradle/api/internal/initialization/DefaultScriptHandlerBeanInfo> (0x0000000083627720) thrown at [./src/hotspot/share/classfile/systemDictionary.cpp, line 231]
Event: 9.021 Thread 0x0000024495d8f800 Exception <a 'java/lang/ClassNotFoundException'{0x00000000836487c8}: org/gradle/api/internal/initialization/DefaultScriptHandlerCustomizer> (0x00000000836487c8) thrown at [./src/hotspot/share/classfile/systemDictionary.cpp, line 231]
Event: 9.119 Thread 0x0000024495d8f800 Exception <a 'java/lang/ClassNotFoundException'{0x0000000082f3d3d8}: org/gradle/api/internal/artifacts/dsl/dependencies/DefaultDependencyHandler_DecoratedBeanInfo> (0x0000000082f3d3d8) thrown at [./src/hotspot/share/classfile/systemDictionary.cpp, line 231]
Event: 9.119 Thread 0x0000024495d8f800 Exception <a 'java/lang/ClassNotFoundException'{0x0000000082f70730}: org/gradle/api/internal/artifacts/dsl/dependencies/DefaultDependencyHandlerBeanInfo> (0x0000000082f70730) thrown at [./src/hotspot/share/classfile/systemDictionary.cpp, line 231]
Event: 9.120 Thread 0x0000024495d8f800 Exception <a 'java/lang/ClassNotFoundException'{0x0000000082fa3a88}: org/gradle/api/internal/artifacts/dsl/dependencies/DefaultDependencyHandlerCustomizer> (0x0000000082fa3a88) thrown at [./src/hotspot/share/classfile/systemDictionary.cpp, line 231]
Event: 9.122 Thread 0x0000024495d8f800 Exception <a 'java/lang/ClassNotFoundException'{0x0000000082ff6ae0}: org/gradle/api/internal/artifacts/dsl/dependencies/DefaultDependencyHandler_DecoratedCustomizer> (0x0000000082ff6ae0) thrown at [./src/hotspot/share/classfile/systemDictionary.cpp, line 231]
Event: 9.286 Thread 0x0000024495d8f800 Exception <a 'java/lang/NoSuchMethodError'{0x000000008373a570}: 'java.lang.Object java.lang.invoke.DirectMethodHandle$Holder.invokeStatic(java.lang.Object, java.lang.Object, java.lang.Object, int)'> (0x000000008373a570) thrown at [./src/hotspot/share/interpreter/linkResolver.cpp, line 773]
Event: 9.287 Thread 0x0000024495d8f800 Exception <a 'java/lang/NoSuchMethodError'{0x000000008373eb88}: 'java.lang.Object java.lang.invoke.DirectMethodHandle$Holder.invokeSpecial(java.lang.Object, java.lang.Object, java.lang.Object, java.lang.Object, int)'> (0x000000008373eb88) thrown at [./src/hotspot/share/interpreter/linkResolver.cpp, line 773]
Event: 9.287 Thread 0x0000024495d8f800 Exception <a 'java/lang/NoSuchMethodError'{0x0000000083742ac0}: 'java.lang.Object java.lang.invoke.Invokers$Holder.linkToTargetMethod(java.lang.Object, java.lang.Object, int, java.lang.Object)'> (0x0000000083742ac0) thrown at [./src/hotspot/share/interpreter/linkResolver.cpp, line 773]
Event: 9.292 Thread 0x0000024495d8f800 Exception <a 'java/lang/NoSuchMethodError'{0x0000000083785928}: 'int java.lang.invoke.DirectMethodHandle$Holder.invokeInterface(java.lang.Object, java.lang.Object)'> (0x0000000083785928) thrown at [./src/hotspot/share/interpreter/linkResolver.cpp, line 773]
Event: 9.293 Thread 0x0000024495d8f800 Exception <a 'java/lang/IncompatibleClassChangeError'{0x0000000083789160}: Found class java.lang.Object, but interface was expected> (0x0000000083789160) thrown at [./src/hotspot/share/interpreter/linkResolver.cpp, line 839]
Event: 9.328 Thread 0x0000024495d8f800 Exception <a 'java/lang/NoSuchMethodError'{0x00000000836efc20}: 'java.lang.Object java.lang.invoke.Invokers$Holder.linkToTargetMethod(java.lang.Object, int, java.lang.Object)'> (0x00000000836efc20) thrown at [./src/hotspot/share/interpreter/linkResolver.cpp, line 773]
Event: 9.366 Thread 0x0000024495d8f800 Exception <a 'java/lang/NoSuchMethodError'{0x0000000083213280}: 'int java.lang.invoke.DirectMethodHandle$Holder.invokeStaticInit(java.lang.Object)'> (0x0000000083213280) thrown at [./src/hotspot/share/interpreter/linkResolver.cpp, line 773]
Event: 10.059 Thread 0x000002449813b800 Exception <a 'sun/nio/fs/WindowsException'{0x00000000893ec1a8}> (0x00000000893ec1a8) thrown at [./src/hotspot/share/prims/jni.cpp, line 615]
Event: 10.060 Thread 0x000002449813b800 Exception <a 'sun/nio/fs/WindowsException'{0x00000000893ec360}> (0x00000000893ec360) thrown at [./src/hotspot/share/prims/jni.cpp, line 615]
Event: 14.175 Thread 0x000002449813c000 Exception <a 'sun/nio/fs/WindowsException'{0x00000000887b62b0}> (0x00000000887b62b0) thrown at [./src/hotspot/share/prims/jni.cpp, line 615]
Event: 14.176 Thread 0x000002449813c000 Exception <a 'sun/nio/fs/WindowsException'{0x00000000887b6430}> (0x00000000887b6430) thrown at [./src/hotspot/share/prims/jni.cpp, line 615]
Event: 14.671 Thread 0x0000024495d8f800 Exception <a 'java/lang/NoSuchMethodError'{0x00000000886871e0}: 'void java.lang.invoke.DirectMethodHandle$Holder.invokeStatic(java.lang.Object, java.lang.Object, java.lang.Object, java.lang.Object, java.lang.Object)'> (0x00000000886871e0) thrown at [./src/hotspot/share/interpreter/linkResolver.cpp, line 773]

Events (20 events):
Event: 14.659 loading class org/gradle/api/internal/changedetection/state/ZipEntryContext done
Event: 14.676 loading class java/util/HashMap$EntrySpliterator
Event: 14.678 loading class java/util/HashMap$EntrySpliterator done
Event: 14.678 loading class org/gradle/api/internal/changedetection/state/ManifestFileZipEntryHasher
Event: 14.678 loading class org/gradle/api/internal/changedetection/state/ManifestFileZipEntryHasher done
Event: 14.681 loading class java/util/stream/SortedOps
Event: 14.682 loading class java/util/stream/SortedOps done
Event: 14.682 loading class java/util/stream/SortedOps$OfRef
Event: 14.683 loading class java/util/stream/ReferencePipeline$StatefulOp
Event: 14.683 loading class java/util/stream/ReferencePipeline$StatefulOp done
Event: 14.683 loading class java/util/stream/SortedOps$OfRef done
Event: 14.683 loading class java/util/stream/SortedOps$RefSortingSink
Event: 14.683 loading class java/util/stream/SortedOps$AbstractRefSortingSink
Event: 14.684 loading class java/util/stream/SortedOps$AbstractRefSortingSink done
Event: 14.684 loading class java/util/stream/SortedOps$RefSortingSink done
Event: 14.726 Executing VM operation: G1CollectForAllocation
Event: 14.732 Executing VM operation: G1CollectForAllocation done
Event: 15.167 Thread 0x000002449a247000 Thread exited: 0x000002449a247000
Event: 15.276 loading class org/gradle/api/internal/changedetection/state/ZipHasher$1
Event: 15.276 loading class org/gradle/api/internal/changedetection/state/ZipHasher$1 done


Dynamic libraries:
0x00007ff798bb0000 - 0x00007ff798bba000 	C:\Program Files\Android\Android Studio\jre\bin\java.exe
0x00007ff881430000 - 0x00007ff881625000 	C:\Windows\SYSTEM32\ntdll.dll
0x00007ff87f6e0000 - 0x00007ff87f79d000 	C:\Windows\System32\KERNEL32.DLL
0x00007ff87ede0000 - 0x00007ff87f0a9000 	C:\Windows\System32\KERNELBASE.dll
0x00007ff87f3a0000 - 0x00007ff87f4a0000 	C:\Windows\System32\ucrtbase.dll
0x00007ff87a560000 - 0x00007ff87a579000 	C:\Program Files\Android\Android Studio\jre\bin\jli.dll
0x00007ff878cb0000 - 0x00007ff878cc7000 	C:\Program Files\Android\Android Studio\jre\bin\VCRUNTIME140.dll
0x00007ff8811e0000 - 0x00007ff881380000 	C:\Windows\System32\USER32.dll
0x00007ff87eb70000 - 0x00007ff87eb92000 	C:\Windows\System32\win32u.dll
0x00007ff880fe0000 - 0x00007ff88100a000 	C:\Windows\System32\GDI32.dll
0x00007ff86c860000 - 0x00007ff86cafa000 	C:\Windows\WinSxS\amd64_microsoft.windows.common-controls_6595b64144ccf1df_6.0.19041.1083_none_60bbe31371f34e71\COMCTL32.dll
0x00007ff87f290000 - 0x00007ff87f39b000 	C:\Windows\System32\gdi32full.dll
0x00007ff87f590000 - 0x00007ff87f62e000 	C:\Windows\System32\msvcrt.dll
0x00007ff87f0b0000 - 0x00007ff87f14d000 	C:\Windows\System32\msvcp_win.dll
0x00007ff8811b0000 - 0x00007ff8811e0000 	C:\Windows\System32\IMM32.DLL
0x00007ff8679d0000 - 0x00007ff867a6d000 	C:\Program Files\Android\Android Studio\jre\bin\msvcp140.dll
0x00007ff850490000 - 0x00007ff850f4c000 	C:\Program Files\Android\Android Studio\jre\bin\server\jvm.dll
0x00007ff87f810000 - 0x00007ff87f8bc000 	C:\Windows\System32\ADVAPI32.dll
0x00007ff880a90000 - 0x00007ff880b2b000 	C:\Windows\System32\sechost.dll
0x00007ff87fc80000 - 0x00007ff87fdaa000 	C:\Windows\System32\RPCRT4.dll
0x00007ff878ca0000 - 0x00007ff878ca9000 	C:\Windows\SYSTEM32\WSOCK32.dll
0x00007ff881380000 - 0x00007ff881388000 	C:\Windows\System32\PSAPI.DLL
0x00007ff8746f0000 - 0x00007ff8746fa000 	C:\Windows\SYSTEM32\VERSION.dll
0x00007ff873ff0000 - 0x00007ff874017000 	C:\Windows\SYSTEM32\WINMM.dll
0x00007ff87f7a0000 - 0x00007ff87f80b000 	C:\Windows\System32\WS2_32.dll
0x00007ff87d410000 - 0x00007ff87d422000 	C:\Windows\SYSTEM32\kernel.appcore.dll
0x00007ff876d20000 - 0x00007ff876d31000 	C:\Program Files\Android\Android Studio\jre\bin\verify.dll
0x00007ff876370000 - 0x00007ff876554000 	C:\Windows\SYSTEM32\DBGHELP.DLL
0x00007ff86e770000 - 0x00007ff86e79c000 	C:\Windows\SYSTEM32\dbgcore.DLL
0x00007ff87ed50000 - 0x00007ff87edd3000 	C:\Windows\System32\bcryptPrimitives.dll
0x00007ff86ceb0000 - 0x00007ff86ced9000 	C:\Program Files\Android\Android Studio\jre\bin\java.dll
0x00007ff878c90000 - 0x00007ff878c9b000 	C:\Program Files\Android\Android Studio\jre\bin\jimage.dll
0x00007ff86d090000 - 0x00007ff86d0a8000 	C:\Program Files\Android\Android Studio\jre\bin\zip.dll
0x00007ff87fdd0000 - 0x00007ff88050f000 	C:\Windows\System32\SHELL32.dll
0x00007ff87c920000 - 0x00007ff87d0b1000 	C:\Windows\SYSTEM32\windows.storage.dll
0x00007ff87f920000 - 0x00007ff87fc75000 	C:\Windows\System32\combase.dll
0x00007ff87e570000 - 0x00007ff87e59c000 	C:\Windows\SYSTEM32\Wldp.dll
0x00007ff87f630000 - 0x00007ff87f6de000 	C:\Windows\System32\SHCORE.dll
0x00007ff87f8c0000 - 0x00007ff87f915000 	C:\Windows\System32\shlwapi.dll
0x00007ff87eab0000 - 0x00007ff87eacf000 	C:\Windows\SYSTEM32\profapi.dll
0x00007ff86a5f0000 - 0x00007ff86a60a000 	C:\Program Files\Android\Android Studio\jre\bin\net.dll
0x00007ff873600000 - 0x00007ff87370a000 	C:\Windows\SYSTEM32\WINHTTP.dll
0x00007ff87e270000 - 0x00007ff87e2da000 	C:\Windows\system32\mswsock.dll
0x00007ff86a510000 - 0x00007ff86a524000 	C:\Program Files\Android\Android Studio\jre\bin\nio.dll
0x00007ff86d010000 - 0x00007ff86d037000 	C:\Users\lozan\.gradle\native\fdc75f09e3144964f2cf3f50f0aa648679c211496f362492102eb8c894070792\windows-amd64\native-platform.dll
0x00007ff858c20000 - 0x00007ff858db6000 	C:\Users\lozan\.gradle\native\12488b8bf47d2d4c9fbf2f6322a914ad602e24e48041cd04a747c6da556b65c4\windows-amd64\native-platform-file-events.dll
0x00007ff876d70000 - 0x00007ff876d7a000 	C:\Program Files\Android\Android Studio\jre\bin\management.dll
0x00007ff876d60000 - 0x00007ff876d6c000 	C:\Program Files\Android\Android Studio\jre\bin\management_ext.dll
0x00007ff87e460000 - 0x00007ff87e478000 	C:\Windows\SYSTEM32\CRYPTSP.dll
0x00007ff87dc10000 - 0x00007ff87dc44000 	C:\Windows\system32\rsaenh.dll
0x00007ff87f1b0000 - 0x00007ff87f1d7000 	C:\Windows\System32\bcrypt.dll
0x00007ff87ea30000 - 0x00007ff87ea5e000 	C:\Windows\SYSTEM32\USERENV.dll
0x00007ff87e450000 - 0x00007ff87e45c000 	C:\Windows\SYSTEM32\CRYPTBASE.dll
0x00007ff87df60000 - 0x00007ff87df9b000 	C:\Windows\SYSTEM32\IPHLPAPI.DLL
0x00007ff87f4a0000 - 0x00007ff87f4a8000 	C:\Windows\System32\NSI.dll
0x00007ff874540000 - 0x00007ff874557000 	C:\Windows\SYSTEM32\dhcpcsvc6.DLL
0x00007ff8777d0000 - 0x00007ff8777ed000 	C:\Windows\SYSTEM32\dhcpcsvc.DLL
0x00007ff87dfa0000 - 0x00007ff87e06c000 	C:\Windows\SYSTEM32\DNSAPI.dll
0x00007ff877ae0000 - 0x00007ff877aeb000 	C:\Windows\SYSTEM32\WINNSI.DLL

dbghelp: loaded successfully - version: 4.0.5 - missing functions: none
symbol engine: initialized successfully - sym options: 0x614 - pdb path: .;C:\Program Files\Android\Android Studio\jre\bin;C:\Windows\SYSTEM32;C:\Windows\WinSxS\amd64_microsoft.windows.common-controls_6595b64144ccf1df_6.0.19041.1083_none_60bbe31371f34e71;C:\Program Files\Android\Android Studio\jre\bin\server;C:\Users\lozan\.gradle\native\fdc75f09e3144964f2cf3f50f0aa648679c211496f362492102eb8c894070792\windows-amd64;C:\Users\lozan\.gradle\native\12488b8bf47d2d4c9fbf2f6322a914ad602e24e48041cd04a747c6da556b65c4\windows-amd64

VM Arguments:
jvm_args: --add-opens=java.base/java.util=ALL-UNNAMED --add-opens=java.base/java.lang=ALL-UNNAMED --add-opens=java.base/java.lang.invoke=ALL-UNNAMED --add-opens=java.prefs/java.util.prefs=ALL-UNNAMED -Xmx2048m -Dfile.encoding=UTF-8 -Duser.country=US -Duser.language=en -Duser.variant 
java_command: org.gradle.launcher.daemon.bootstrap.GradleDaemon 6.7.1
java_class_path (initial): C:\Users\lozan\.gradle\wrapper\dists\gradle-6.7.1-all\2moa8rlfac5eqlcfgk98k0deb\gradle-6.7.1\lib\gradle-launcher-6.7.1.jar
Launcher Type: SUN_STANDARD

[Global flags]
     intx CICompilerCount                          = 4                                         {product} {ergonomic}
     uint ConcGCThreads                            = 2                                         {product} {ergonomic}
     uint G1ConcRefinementThreads                  = 8                                         {product} {ergonomic}
   size_t G1HeapRegionSize                         = 1048576                                   {product} {ergonomic}
    uintx GCDrainStackTargetSize                   = 64                                        {product} {ergonomic}
   size_t InitialHeapSize                          = 58720256                                  {product} {ergonomic}
   size_t MarkStackSize                            = 4194304                                   {product} {ergonomic}
   size_t MaxHeapSize                              = 2147483648                                {product} {command line}
   size_t MaxNewSize                               = 1287651328                                {product} {ergonomic}
   size_t MinHeapDeltaBytes                        = 1048576                                   {product} {ergonomic}
    uintx NonNMethodCodeHeapSize                   = 5836300                                {pd product} {ergonomic}
    uintx NonProfiledCodeHeapSize                  = 122910970                              {pd product} {ergonomic}
    uintx ProfiledCodeHeapSize                     = 122910970                              {pd product} {ergonomic}
    uintx ReservedCodeCacheSize                    = 251658240                              {pd product} {ergonomic}
     bool SegmentedCodeCache                       = true                                      {product} {ergonomic}
     bool UseCompressedClassPointers               = true                                 {lp64_product} {ergonomic}
     bool UseCompressedOops                        = true                                 {lp64_product} {ergonomic}
     bool UseG1GC                                  = true                                      {product} {ergonomic}
     bool UseLargePagesIndividualAllocation        = false                                  {pd product} {ergonomic}

Logging:
Log output configuration:
 #0: stdout all=warning uptime,level,tags
 #1: stderr all=off uptime,level,tags

Environment Variables:
PATH=C:\Python39\Scripts\;C:\Python39\;C:\Program Files\Common Files\Oracle\Java\javapath;C:\Program Files (x86)\Common Files\Oracle\Java\javapath;C:\Windows\system32;C:\Windows;C:\Windows\System32\Wbem;C:\Windows\System32\WindowsPowerShell\v1.0\;C:\Windows\System32\OpenSSH\;C:\Program Files\Git\cmd;C:\Program Files\Microsoft SQL Server\130\Tools\Binn\;C:\ProgramData\chocolatey\bin;C:\Program Files\dotnet\;C:\Program Files\Microsoft SQL Server\Client SDK\ODBC\170\Tools\Binn\;C:\Program Files\nodejs\;C:\Program Files\MySQL\MySQL Shell 8.0\bin\;C:\Users\lozan\AppData\Local\Microsoft\WindowsApps;;C:\Users\lozan\AppData\Local\Programs\Microsoft VS Code\bin;C:\Users\lozan\.dotnet\tools;C:\Users\lozan\AppData\Roaming\npm
USERNAME=lozan
OS=Windows_NT
PROCESSOR_IDENTIFIER=AMD64 Family 23 Model 24 Stepping 1, AuthenticAMD



---------------  S Y S T E M  ---------------

OS: Windows 10 , 64 bit Build 19041 (10.0.19041.1023)
OS uptime: 1 days 9:58 hours

CPU:total 8 (initial active 8) (8 cores per cpu, 2 threads per core) family 23 model 24 stepping 1, cmov, cx8, fxsr, mmx, sse, sse2, sse3, ssse3, sse4.1, sse4.2, popcnt, avx, avx2, aes, clmul, mmxext, 3dnowpref, lzcnt, sse4a, ht, tsc, tscinvbit, tscinv, bmi1, bmi2, adx, sha, fma

Memory: 4k page, system-wide physical 3514M (206M free)
TotalPageFile size 14266M (AvailPageFile size 127M)
current process WorkingSet (physical memory assigned to process): 340M, peak: 483M
current process commit charge ("private bytes"): 812M, peak: 942M

vm_info: OpenJDK 64-Bit Server VM (11.0.8+10-b944.6842174) for windows-amd64 JRE (11.0.8+10-b944.6842174), built on Sep 19 2020 01:11:42 by "builder" with MS VC++ 14.0 (VS2015)

END.
