#
# There is insufficient memory for the Java Runtime Environment to continue.
# Native memory allocation (mmap) failed to map 65536 bytes for Failed to commit area from 0x000001cfe3710000 to 0x000001cfe3720000 of length 65536.
# Possible reasons:
#   The system is out of physical RAM or swap space
#   The process is running with CompressedOops enabled, and the Java Heap may be blocking the growth of the native heap
# Possible solutions:
#   Reduce memory load on the system
#   Increase physical memory or swap space
#   Check if swap backing store is full
#   Decrease Java heap size (-Xmx/-Xms)
#   Decrease number of Java threads
#   Decrease Java thread stack sizes (-Xss)
#   Set larger code cache with -XX:ReservedCodeCacheSize=
#   JVM is running with Unscaled Compressed Oops mode in which the Java heap is
#     placed in the first 4GB address space. The Java Heap base address is the
#     maximum limit for the native heap growth. Please use -XX:HeapBaseMinAddress
#     to set the Java Heap base and to place the Java Heap above 4GB virtual address.
# This output file may be truncated or incomplete.
#
#  Out of Memory Error (./src/hotspot/os/windows/os_windows.cpp:3303), pid=5192, tid=10736
#
# JRE version: OpenJDK Runtime Environment (11.0.8+10) (build 11.0.8+10-b944.6842174)
# Java VM: OpenJDK 64-Bit Server VM (11.0.8+10-b944.6842174, mixed mode, tiered, compressed oops, g1 gc, windows-amd64)
# No core dump will be written. Minidumps are not enabled by default on client versions of Windows
#

---------------  S U M M A R Y ------------

Command Line: --add-opens=java.base/java.util=ALL-UNNAMED --add-opens=java.base/java.lang=ALL-UNNAMED --add-opens=java.base/java.lang.invoke=ALL-UNNAMED --add-opens=java.prefs/java.util.prefs=ALL-UNNAMED -Xmx2048m -Dfile.encoding=UTF-8 -Duser.country=US -Duser.language=en -Duser.variant org.gradle.launcher.daemon.bootstrap.GradleDaemon 6.7.1

Host: AMD Ryzen 5 3500U with Radeon Vega Mobile Gfx  , 8 cores, 3G,  Windows 10 , 64 bit Build 19041 (10.0.19041.1023)
Time: Thu Jul 15 18:40:33 2021 China Standard Time elapsed time: 8 seconds (0d 0h 0m 8s)

---------------  T H R E A D  ---------------

Current thread (0x000001cfe7a60000):  VMThread "VM Thread" [stack: 0x000000a574300000,0x000000a574400000] [id=10736]

Stack: [0x000000a574300000,0x000000a574400000]
[error occurred during error reporting (printing stack bounds), id 0xc0000005, EXCEPTION_ACCESS_VIOLATION (0xc0000005) at pc=0x000001cfd0960dad]

Native frames: (J=compiled Java code, j=interpreted, Vv=VM code, C=native code)
V  [jvm.dll+0x5de50a]
V  [jvm.dll+0x7122f5]
V  [jvm.dll+0x71384d]
V  [jvm.dll+0x713e65]
V  [jvm.dll+0x713e1b]
V  [jvm.dll+0x5dd958]
V  [jvm.dll+0x5de0f8]
C  [ntdll.dll+0xa217f]
C  [ntdll.dll+0x51454]
C  [ntdll.dll+0xa0cae]
C  0x000001cfd0960dad

VM_Operation (0x000000a5759fa690): G1CollectForAllocation, mode: safepoint, requested by thread 0x000001cfe9216800


---------------  P R O C E S S  ---------------

Threads class SMR info:
_java_thread_list=0x000001cfea914f70, length=50, elements={
0x000001cfccfdc000, 0x000001cfe7a64800, 0x000001cfe7a68800, 0x000001cfe7ac2800,
0x000001cfe7ac3800, 0x000001cfe7ac5000, 0x000001cfe7acf800, 0x000001cfe7ad1000,
0x000001cfe8551800, 0x000001cfe857b000, 0x000001cfea1ce000, 0x000001cfe9b07000,
0x000001cfe9d04000, 0x000001cfea11d800, 0x000001cfe9f6f000, 0x000001cfe9f6f800,
0x000001cfe9216800, 0x000001cfea50f800, 0x000001cfe9d02000, 0x000001cfe9d03000,
0x000001cfea5a0000, 0x000001cfea5a1000, 0x000001cfea5a2000, 0x000001cfea5a2800,
0x000001cfea59d800, 0x000001cfea59d000, 0x000001cfea5a3800, 0x000001cfea59f800,
0x000001cfea59e800, 0x000001cfea790000, 0x000001cfea78b000, 0x000001cfea78c800,
0x000001cfea78a800, 0x000001cfea78f000, 0x000001cfea78d800, 0x000001cfea78c000,
0x000001cfea78e800, 0x000001cfea791000, 0x000001cfea797800, 0x000001cfea795000,
0x000001cfea792800, 0x000001cfea791800, 0x000001cfea799000, 0x000001cfea795800,
0x000001cfea793000, 0x000001cfea794000, 0x000001cfea796800, 0x000001cfea798000,
0x000001cfea306800, 0x000001cfea305000
}

Java Threads: ( => current thread )
  0x000001cfccfdc000 JavaThread "main" [_thread_blocked, id=11008, stack(0x000000a573d00000,0x000000a573e00000)]
  0x000001cfe7a64800 JavaThread "Reference Handler" daemon [_thread_blocked, id=12756, stack(0x000000a574400000,0x000000a574500000)]
  0x000001cfe7a68800 JavaThread "Finalizer" daemon [_thread_blocked, id=8068, stack(0x000000a574500000,0x000000a574600000)]
  0x000001cfe7ac2800 JavaThread "Signal Dispatcher" daemon [_thread_blocked, id=6544, stack(0x000000a574600000,0x000000a574700000)]
  0x000001cfe7ac3800 JavaThread "Attach Listener" daemon [_thread_blocked, id=10080, stack(0x000000a574700000,0x000000a574800000)]
  0x000001cfe7ac5000 JavaThread "C2 CompilerThread0" daemon [_thread_blocked, id=6904, stack(0x000000a574800000,0x000000a574900000)]
  0x000001cfe7acf800 JavaThread "C1 CompilerThread0" daemon [_thread_blocked, id=16296, stack(0x000000a574900000,0x000000a574a00000)]
  0x000001cfe7ad1000 JavaThread "Sweeper thread" daemon [_thread_blocked, id=14548, stack(0x000000a574a00000,0x000000a574b00000)]
  0x000001cfe8551800 JavaThread "Common-Cleaner" daemon [_thread_blocked, id=8384, stack(0x000000a574b00000,0x000000a574c00000)]
  0x000001cfe857b000 JavaThread "Service Thread" daemon [_thread_blocked, id=15492, stack(0x000000a574c00000,0x000000a574d00000)]
  0x000001cfea1ce000 JavaThread "Daemon health stats" [_thread_blocked, id=6352, stack(0x000000a574f00000,0x000000a575000000)]
  0x000001cfe9b07000 JavaThread "Incoming local TCP Connector on port 56238" [_thread_in_native, id=11556, stack(0x000000a575400000,0x000000a575500000)]
  0x000001cfe9d04000 JavaThread "Daemon periodic checks" [_thread_blocked, id=11832, stack(0x000000a575500000,0x000000a575600000)]
  0x000001cfea11d800 JavaThread "Daemon" [_thread_blocked, id=16312, stack(0x000000a575600000,0x000000a575700000)]
  0x000001cfe9f6f000 JavaThread "Handler for socket connection from /127.0.0.1:56238 to /127.0.0.1:56239" [_thread_in_native, id=13136, stack(0x000000a575700000,0x000000a575800000)]
  0x000001cfe9f6f800 JavaThread "Cancel handler" [_thread_blocked, id=2728, stack(0x000000a575800000,0x000000a575900000)]
  0x000001cfe9216800 JavaThread "Daemon worker" [_thread_blocked, id=13460, stack(0x000000a575900000,0x000000a575a00000)]
  0x000001cfea50f800 JavaThread "Asynchronous log dispatcher for DefaultDaemonConnection: socket connection from /127.0.0.1:56238 to /127.0.0.1:56239" [_thread_blocked, id=9664, stack(0x000000a575a00000,0x000000a575b00000)]
  0x000001cfe9d02000 JavaThread "Stdin handler" [_thread_blocked, id=14172, stack(0x000000a575b00000,0x000000a575c00000)]
  0x000001cfe9d03000 JavaThread "Thread-8" [_thread_blocked, id=14160, stack(0x000000a575c00000,0x000000a575d00000)]
  0x000001cfea5a0000 JavaThread "Cache worker for file hash cache (C:\Users\lozan\.gradle\caches\6.7.1\fileHashes)" [_thread_blocked, id=5464, stack(0x000000a576100000,0x000000a576200000)]
  0x000001cfea5a1000 JavaThread "File lock request listener" [_thread_in_native, id=16056, stack(0x000000a576200000,0x000000a576300000)]
  0x000001cfea5a2000 JavaThread "Cache worker for journal cache (C:\Users\lozan\.gradle\caches\journal-1)" [_thread_blocked, id=128, stack(0x000000a576400000,0x000000a576500000)]
  0x000001cfea5a2800 JavaThread "Cache worker for file hash cache (D:\Repositories\lozanasc_projects\FVOZEngage App\FVOZEngage\.gradle\6.7.1\fileHashes)" [_thread_blocked, id=13080, stack(0x000000a576500000,0x000000a576600000)]
  0x000001cfea59d800 JavaThread "jar transforms" [_thread_blocked, id=10892, stack(0x000000a576600000,0x000000a576700000)]
  0x000001cfea59d000 JavaThread "jar transforms Thread 2" [_thread_blocked, id=11348, stack(0x000000a576700000,0x000000a576800000)]
  0x000001cfea5a3800 JavaThread "jar transforms Thread 3" [_thread_blocked, id=12024, stack(0x000000a576800000,0x000000a576900000)]
  0x000001cfea59f800 JavaThread "jar transforms Thread 4" [_thread_blocked, id=7928, stack(0x000000a576900000,0x000000a576a00000)]
  0x000001cfea59e800 JavaThread "jar transforms Thread 5" [_thread_blocked, id=15924, stack(0x000000a576a00000,0x000000a576b00000)]
  0x000001cfea790000 JavaThread "jar transforms Thread 6" [_thread_blocked, id=6888, stack(0x000000a576b00000,0x000000a576c00000)]
  0x000001cfea78b000 JavaThread "jar transforms Thread 7" [_thread_blocked, id=9540, stack(0x000000a576c00000,0x000000a576d00000)]
  0x000001cfea78c800 JavaThread "jar transforms Thread 8" [_thread_blocked, id=2300, stack(0x000000a576d00000,0x000000a576e00000)]
  0x000001cfea78a800 JavaThread "jar transforms Thread 9" [_thread_blocked, id=2648, stack(0x000000a576e00000,0x000000a576f00000)]
  0x000001cfea78f000 JavaThread "jar transforms Thread 10" [_thread_blocked, id=10796, stack(0x000000a576f00000,0x000000a577000000)]
  0x000001cfea78d800 JavaThread "jar transforms Thread 11" [_thread_blocked, id=8228, stack(0x000000a577000000,0x000000a577100000)]
  0x000001cfea78c000 JavaThread "jar transforms Thread 12" [_thread_blocked, id=13488, stack(0x000000a577100000,0x000000a577200000)]
  0x000001cfea78e800 JavaThread "jar transforms Thread 13" [_thread_blocked, id=14836, stack(0x000000a577200000,0x000000a577300000)]
  0x000001cfea791000 JavaThread "jar transforms Thread 14" [_thread_blocked, id=14120, stack(0x000000a577300000,0x000000a577400000)]
  0x000001cfea797800 JavaThread "jar transforms Thread 15" [_thread_blocked, id=15324, stack(0x000000a577400000,0x000000a577500000)]
  0x000001cfea795000 JavaThread "jar transforms Thread 16" [_thread_blocked, id=9084, stack(0x000000a577500000,0x000000a577600000)]
  0x000001cfea792800 JavaThread "jar transforms Thread 17" [_thread_blocked, id=12916, stack(0x000000a577600000,0x000000a577700000)]
  0x000001cfea791800 JavaThread "jar transforms Thread 18" [_thread_blocked, id=5136, stack(0x000000a577700000,0x000000a577800000)]
  0x000001cfea799000 JavaThread "jar transforms Thread 19" [_thread_blocked, id=10012, stack(0x000000a577800000,0x000000a577900000)]
  0x000001cfea795800 JavaThread "jar transforms Thread 20" [_thread_blocked, id=12156, stack(0x000000a577900000,0x000000a577a00000)]
  0x000001cfea793000 JavaThread "jar transforms Thread 21" [_thread_blocked, id=14696, stack(0x000000a577a00000,0x000000a577b00000)]
  0x000001cfea794000 JavaThread "Cache worker for checksums cache (D:\Repositories\lozanasc_projects\FVOZEngage App\FVOZEngage\.gradle\checksums)" [_thread_blocked, id=13576, stack(0x000000a577b00000,0x000000a577c00000)]
  0x000001cfea796800 JavaThread "Cache worker for cache directory md-supplier (C:\Users\lozan\.gradle\caches\6.7.1\md-supplier)" [_thread_blocked, id=3012, stack(0x000000a577c00000,0x000000a577d00000)]
  0x000001cfea798000 JavaThread "Cache worker for cache directory md-rule (C:\Users\lozan\.gradle\caches\6.7.1\md-rule)" [_thread_blocked, id=9892, stack(0x000000a577d00000,0x000000a577e00000)]
  0x000001cfea306800 JavaThread "Cache worker for execution history cache (C:\Users\lozan\.gradle\caches\6.7.1\executionHistory)" [_thread_blocked, id=740, stack(0x000000a577e00000,0x000000a577f00000)]
  0x000001cfea305000 JavaThread "Cache worker for file content cache (C:\Users\lozan\.gradle\caches\6.7.1\fileContent)" [_thread_blocked, id=14324, stack(0x000000a577f00000,0x000000a578000000)]

Other Threads:
=>0x000001cfe7a60000 VMThread "VM Thread" [stack: 0x000000a574300000,0x000000a574400000] [id=10736]
  0x000001cfe857c000 WatcherThread [stack: 0x000000a574d00000,0x000000a574e00000] [id=1988]
  0x000001cfccff2000 GCTaskThread "GC Thread#0" [stack: 0x000000a573e00000,0x000000a573f00000] [id=15728]
  0x000001cfe8fb1000 GCTaskThread "GC Thread#1" [stack: 0x000000a574e00000,0x000000a574f00000] [id=14912]
  0x000001cfe97b1800 GCTaskThread "GC Thread#2" [stack: 0x000000a575000000,0x000000a575100000] [id=14040]
  0x000001cfe9a8a000 GCTaskThread "GC Thread#3" [stack: 0x000000a575100000,0x000000a575200000] [id=15780]
  0x000001cfe9cfa000 GCTaskThread "GC Thread#4" [stack: 0x000000a575d00000,0x000000a575e00000] [id=15980]
  0x000001cfe9cff000 GCTaskThread "GC Thread#5" [stack: 0x000000a575e00000,0x000000a575f00000] [id=7456]
  0x000001cfea20a000 GCTaskThread "GC Thread#6" [stack: 0x000000a575f00000,0x000000a576000000] [id=12304]
  0x000001cfea20b000 GCTaskThread "GC Thread#7" [stack: 0x000000a576000000,0x000000a576100000] [id=14968]
  0x000001cfcd024000 ConcurrentGCThread "G1 Main Marker" [stack: 0x000000a573f00000,0x000000a574000000] [id=7816]
  0x000001cfcd027000 ConcurrentGCThread "G1 Conc#0" [stack: 0x000000a574000000,0x000000a574100000] [id=5444]
  0x000001cfea5b7000 ConcurrentGCThread "G1 Conc#1" [stack: 0x000000a576300000,0x000000a576400000] [id=6436]
  0x000001cfcd07c800 ConcurrentGCThread "G1 Refine#0" [stack: 0x000000a574100000,0x000000a574200000] [id=13776]
  0x000001cfcd07f800 ConcurrentGCThread "G1 Young RemSet Sampling" [stack: 0x000000a574200000,0x000000a574300000] [id=9868]

Threads with active compile tasks:

VM state:at safepoint (normal execution)

VM Mutex/Monitor currently owned by a thread:  ([mutex/lock_event])
[0x000001cfccfd7740] Threads_lock - owner thread: 0x000001cfe7a60000
[0x000001cfccfd7bc0] Heap_lock - owner thread: 0x000001cfe9216800

Heap address: 0x0000000080000000, size: 2048 MB, Compressed Oops mode: 32-bit
Narrow klass base: 0x0000000000000000, Narrow klass shift: 3
Compressed class space size: 1073741824 Address: 0x0000000100000000

Heap:
 garbage-first heap   total 476160K, used 82812K [0x0000000080000000, 0x0000000100000000)
  region size 1024K, 6 young (6144K), 6 survivors (6144K)
 Metaspace       used 40024K, capacity 40948K, committed 41216K, reserved 1085440K
  class space    used 5146K, capacity 5508K, committed 5632K, reserved 1048576K
Heap Regions: E=young(eden), S=young(survivor), O=old, HS=humongous(starts), HC=humongous(continues), CS=collection set, F=free, A=archive, TAMS=top-at-mark-start (previous, next)
|   0|0x0000000080000000, 0x0000000080100000, 0x0000000080100000|100%| O|  |TAMS 0x0000000080100000, 0x0000000080000000| Untracked 
|   1|0x0000000080100000, 0x0000000080200000, 0x0000000080200000|100%| O|  |TAMS 0x0000000080200000, 0x0000000080100000| Untracked 
|   2|0x0000000080200000, 0x0000000080300000, 0x0000000080300000|100%| O|  |TAMS 0x0000000080300000, 0x0000000080200000| Untracked 
|   3|0x0000000080300000, 0x0000000080400000, 0x0000000080400000|100%|HS|  |TAMS 0x0000000080400000, 0x0000000080300000| Complete 
|   4|0x0000000080400000, 0x0000000080500000, 0x0000000080500000|100%|HC|  |TAMS 0x0000000080500000, 0x0000000080400000| Complete 
|   5|0x0000000080500000, 0x0000000080600000, 0x0000000080600000|100%|HC|  |TAMS 0x0000000080600000, 0x0000000080500000| Complete 
|   6|0x0000000080600000, 0x0000000080700000, 0x0000000080700000|100%| O|  |TAMS 0x0000000080700000, 0x0000000080600000| Untracked 
|   7|0x0000000080700000, 0x0000000080800000, 0x0000000080800000|100%| O|  |TAMS 0x0000000080800000, 0x0000000080700000| Untracked 
|   8|0x0000000080800000, 0x0000000080900000, 0x0000000080900000|100%| O|  |TAMS 0x0000000080900000, 0x0000000080800000| Untracked 
|   9|0x0000000080900000, 0x0000000080a00000, 0x0000000080a00000|100%| O|  |TAMS 0x0000000080a00000, 0x0000000080900000| Untracked 
|  10|0x0000000080a00000, 0x0000000080b00000, 0x0000000080b00000|100%| O|  |TAMS 0x0000000080b00000, 0x0000000080a00000| Untracked 
|  11|0x0000000080b00000, 0x0000000080c00000, 0x0000000080c00000|100%| O|  |TAMS 0x0000000080c00000, 0x0000000080b00000| Untracked 
|  12|0x0000000080c00000, 0x0000000080d00000, 0x0000000080d00000|100%| O|  |TAMS 0x0000000080d00000, 0x0000000080c00000| Untracked 
|  13|0x0000000080d00000, 0x0000000080e00000, 0x0000000080e00000|100%| O|  |TAMS 0x0000000080e00000, 0x0000000080d00000| Untracked 
|  14|0x0000000080e00000, 0x0000000080f00000, 0x0000000080f00000|100%| O|  |TAMS 0x0000000080f00000, 0x0000000080e00000| Untracked 
|  15|0x0000000080f00000, 0x0000000081000000, 0x0000000081000000|100%| O|  |TAMS 0x0000000081000000, 0x0000000080f00000| Untracked 
|  16|0x0000000081000000, 0x0000000081100000, 0x0000000081100000|100%|HS|  |TAMS 0x0000000081100000, 0x0000000081000000| Complete 
|  17|0x0000000081100000, 0x0000000081200000, 0x0000000081200000|100%|HC|  |TAMS 0x0000000081200000, 0x0000000081100000| Complete 
|  18|0x0000000081200000, 0x0000000081300000, 0x0000000081300000|100%|HS|  |TAMS 0x0000000081300000, 0x0000000081200000| Complete 
|  19|0x0000000081300000, 0x0000000081400000, 0x0000000081400000|100%|HC|  |TAMS 0x0000000081400000, 0x0000000081300000| Complete 
|  20|0x0000000081400000, 0x0000000081500000, 0x0000000081500000|100%|HC|  |TAMS 0x0000000081500000, 0x0000000081400000| Complete 
|  21|0x0000000081500000, 0x0000000081600000, 0x0000000081600000|100%|HS|  |TAMS 0x0000000081600000, 0x0000000081500000| Complete 
|  22|0x0000000081600000, 0x0000000081700000, 0x0000000081700000|100%|HC|  |TAMS 0x0000000081700000, 0x0000000081600000| Complete 
|  23|0x0000000081700000, 0x0000000081800000, 0x0000000081800000|100%|HC|  |TAMS 0x0000000081800000, 0x0000000081700000| Complete 
|  24|0x0000000081800000, 0x0000000081900000, 0x0000000081900000|100%|HC|  |TAMS 0x0000000081900000, 0x0000000081800000| Complete 
|  25|0x0000000081900000, 0x0000000081a00000, 0x0000000081a00000|100%| O|  |TAMS 0x0000000081a00000, 0x0000000081900000| Untracked 
|  26|0x0000000081a00000, 0x0000000081b00000, 0x0000000081b00000|100%| O|  |TAMS 0x0000000081b00000, 0x0000000081a00000| Untracked 
|  27|0x0000000081b00000, 0x0000000081c00000, 0x0000000081c00000|100%| O|  |TAMS 0x0000000081c00000, 0x0000000081b00000| Untracked 
|  28|0x0000000081c00000, 0x0000000081d00000, 0x0000000081d00000|100%| O|  |TAMS 0x0000000081d00000, 0x0000000081c00000| Untracked 
|  29|0x0000000081d00000, 0x0000000081e00000, 0x0000000081e00000|100%| O|  |TAMS 0x0000000081e00000, 0x0000000081d00000| Untracked 
|  30|0x0000000081e00000, 0x0000000081f00000, 0x0000000081f00000|100%| O|  |TAMS 0x0000000081f00000, 0x0000000081e00000| Untracked 
|  31|0x0000000081f00000, 0x0000000082000000, 0x0000000082000000|100%| O|  |TAMS 0x0000000082000000, 0x0000000081f00000| Untracked 
|  32|0x0000000082000000, 0x0000000082100000, 0x0000000082100000|100%| O|  |TAMS 0x0000000082100000, 0x0000000082000000| Untracked 
|  33|0x0000000082100000, 0x0000000082200000, 0x0000000082200000|100%| O|  |TAMS 0x0000000082200000, 0x0000000082100000| Untracked 
|  34|0x0000000082200000, 0x0000000082300000, 0x0000000082300000|100%| O|  |TAMS 0x0000000082300000, 0x0000000082200000| Untracked 
|  35|0x0000000082300000, 0x0000000082400000, 0x0000000082400000|100%| O|  |TAMS 0x0000000082400000, 0x0000000082300000| Untracked 
|  36|0x0000000082400000, 0x0000000082500000, 0x0000000082500000|100%|HS|  |TAMS 0x0000000082500000, 0x0000000082400000| Complete 
|  37|0x0000000082500000, 0x0000000082600000, 0x0000000082600000|100%|HC|  |TAMS 0x0000000082600000, 0x0000000082500000| Complete 
|  38|0x0000000082600000, 0x0000000082700000, 0x0000000082700000|100%|HC|  |TAMS 0x0000000082700000, 0x0000000082600000| Complete 
|  39|0x0000000082700000, 0x0000000082800000, 0x0000000082800000|100%|HC|  |TAMS 0x0000000082800000, 0x0000000082700000| Complete 
|  40|0x0000000082800000, 0x0000000082900000, 0x0000000082900000|100%| O|  |TAMS 0x0000000082900000, 0x0000000082800000| Untracked 
|  41|0x0000000082900000, 0x0000000082a00000, 0x0000000082a00000|100%| O|  |TAMS 0x0000000082a00000, 0x0000000082900000| Untracked 
|  42|0x0000000082a00000, 0x0000000082b00000, 0x0000000082b00000|100%| O|  |TAMS 0x0000000082b00000, 0x0000000082a00000| Untracked 
|  43|0x0000000082b00000, 0x0000000082c00000, 0x0000000082c00000|100%| O|  |TAMS 0x0000000082c00000, 0x0000000082b00000| Untracked 
|  44|0x0000000082c00000, 0x0000000082d00000, 0x0000000082d00000|100%| O|  |TAMS 0x0000000082d00000, 0x0000000082c00000| Untracked 
|  45|0x0000000082d00000, 0x0000000082e00000, 0x0000000082e00000|100%| O|  |TAMS 0x0000000082d00000, 0x0000000082d00000| Untracked 
|  46|0x0000000082e00000, 0x0000000082f00000, 0x0000000082f00000|100%| O|  |TAMS 0x0000000082f00000, 0x0000000082e00000| Untracked 
|  47|0x0000000082f00000, 0x0000000083000000, 0x0000000083000000|100%| O|  |TAMS 0x0000000083000000, 0x0000000082f00000| Untracked 
|  48|0x0000000083000000, 0x0000000083100000, 0x0000000083100000|100%| O|  |TAMS 0x0000000083100000, 0x0000000083000000| Untracked 
|  49|0x0000000083100000, 0x0000000083200000, 0x0000000083200000|100%| O|  |TAMS 0x00000000831e1200, 0x0000000083100000| Untracked 
|  50|0x0000000083200000, 0x0000000083300000, 0x0000000083300000|100%| O|  |TAMS 0x0000000083200000, 0x0000000083200000| Untracked 
|  51|0x0000000083300000, 0x0000000083400000, 0x0000000083400000|100%| O|  |TAMS 0x0000000083300000, 0x0000000083300000| Untracked 
|  52|0x0000000083400000, 0x0000000083500000, 0x0000000083500000|100%| O|  |TAMS 0x0000000083400000, 0x0000000083400000| Untracked 
|  53|0x0000000083500000, 0x0000000083600000, 0x0000000083600000|100%| O|  |TAMS 0x0000000083500000, 0x0000000083500000| Untracked 
|  54|0x0000000083600000, 0x0000000083700000, 0x0000000083700000|100%| O|  |TAMS 0x0000000083600000, 0x0000000083600000| Untracked 
|  55|0x0000000083700000, 0x0000000083800000, 0x0000000083800000|100%| O|  |TAMS 0x0000000083700000, 0x0000000083700000| Untracked 
|  56|0x0000000083800000, 0x0000000083900000, 0x0000000083900000|100%| O|  |TAMS 0x0000000083800000, 0x0000000083800000| Untracked 
|  57|0x0000000083900000, 0x0000000083a00000, 0x0000000083a00000|100%| O|  |TAMS 0x0000000083900000, 0x0000000083900000| Untracked 
|  58|0x0000000083a00000, 0x0000000083b00000, 0x0000000083b00000|100%| O|  |TAMS 0x0000000083a00000, 0x0000000083a00000| Untracked 
|  59|0x0000000083b00000, 0x0000000083c00000, 0x0000000083c00000|100%| O|  |TAMS 0x0000000083b00000, 0x0000000083b00000| Untracked 
|  60|0x0000000083c00000, 0x0000000083d00000, 0x0000000083d00000|100%| O|  |TAMS 0x0000000083c00000, 0x0000000083c00000| Untracked 
|  61|0x0000000083d00000, 0x0000000083e00000, 0x0000000083e00000|100%| O|  |TAMS 0x0000000083d00000, 0x0000000083d00000| Untracked 
|  62|0x0000000083e00000, 0x0000000083f00000, 0x0000000083f00000|100%| O|  |TAMS 0x0000000083e00000, 0x0000000083e00000| Untracked 
|  63|0x0000000083f00000, 0x0000000084000000, 0x0000000084000000|100%| O|  |TAMS 0x0000000083f00000, 0x0000000083f00000| Untracked 
|  64|0x0000000084000000, 0x0000000084100000, 0x0000000084100000|100%| O|  |TAMS 0x0000000084000000, 0x0000000084000000| Untracked 
|  65|0x0000000084100000, 0x0000000084200000, 0x0000000084200000|100%| O|  |TAMS 0x0000000084100000, 0x0000000084100000| Untracked 
|  66|0x0000000084200000, 0x0000000084300000, 0x0000000084300000|100%| O|  |TAMS 0x0000000084200000, 0x0000000084200000| Untracked 
|  67|0x0000000084300000, 0x0000000084400000, 0x0000000084400000|100%| O|  |TAMS 0x0000000084300000, 0x0000000084300000| Untracked 
|  68|0x0000000084400000, 0x0000000084500000, 0x0000000084500000|100%| O|  |TAMS 0x0000000084400000, 0x0000000084400000| Untracked 
|  69|0x0000000084500000, 0x0000000084600000, 0x0000000084600000|100%| O|  |TAMS 0x0000000084500000, 0x0000000084500000| Untracked 
|  70|0x0000000084600000, 0x0000000084700000, 0x0000000084700000|100%| O|  |TAMS 0x0000000084600000, 0x0000000084600000| Untracked 
|  71|0x0000000084700000, 0x0000000084800000, 0x0000000084800000|100%| O|  |TAMS 0x0000000084700000, 0x0000000084700000| Untracked 
|  72|0x0000000084800000, 0x0000000084900000, 0x0000000084900000|100%| O|  |TAMS 0x0000000084800000, 0x0000000084800000| Untracked 
|  73|0x0000000084900000, 0x0000000084a00000, 0x0000000084a00000|100%| O|  |TAMS 0x0000000084900000, 0x0000000084900000| Untracked 
|  74|0x0000000084a00000, 0x0000000084adf000, 0x0000000084b00000| 87%| O|  |TAMS 0x0000000084a00000, 0x0000000084a00000| Untracked 
|  75|0x0000000084b00000, 0x0000000084b00000, 0x0000000084c00000|  0%| F|  |TAMS 0x0000000084b00000, 0x0000000084b00000| Untracked 
|  76|0x0000000084c00000, 0x0000000084c00000, 0x0000000084d00000|  0%| F|  |TAMS 0x0000000084c00000, 0x0000000084c00000| Untracked 
|  77|0x0000000084d00000, 0x0000000084d00000, 0x0000000084e00000|  0%| F|  |TAMS 0x0000000084d00000, 0x0000000084d00000| Untracked 
|  78|0x0000000084e00000, 0x0000000084e00000, 0x0000000084f00000|  0%| F|  |TAMS 0x0000000084e00000, 0x0000000084e00000| Untracked 
|  79|0x0000000084f00000, 0x0000000084f00000, 0x0000000085000000|  0%| F|  |TAMS 0x0000000084f00000, 0x0000000084f00000| Untracked 
|  80|0x0000000085000000, 0x0000000085000000, 0x0000000085100000|  0%| F|  |TAMS 0x0000000085000000, 0x0000000085000000| Untracked 
|  81|0x0000000085100000, 0x0000000085100000, 0x0000000085200000|  0%| F|  |TAMS 0x0000000085100000, 0x0000000085100000| Untracked 
|  82|0x0000000085200000, 0x0000000085200000, 0x0000000085300000|  0%| F|  |TAMS 0x0000000085200000, 0x0000000085200000| Untracked 
|  83|0x0000000085300000, 0x0000000085300000, 0x0000000085400000|  0%| F|  |TAMS 0x0000000085300000, 0x0000000085300000| Untracked 
|  84|0x0000000085400000, 0x0000000085400000, 0x0000000085500000|  0%| F|  |TAMS 0x0000000085400000, 0x0000000085400000| Untracked 
|  85|0x0000000085500000, 0x0000000085500000, 0x0000000085600000|  0%| F|  |TAMS 0x0000000085500000, 0x0000000085500000| Untracked 
|  86|0x0000000085600000, 0x0000000085600000, 0x0000000085700000|  0%| F|  |TAMS 0x0000000085600000, 0x0000000085600000| Untracked 
|  87|0x0000000085700000, 0x0000000085700000, 0x0000000085800000|  0%| F|  |TAMS 0x0000000085700000, 0x0000000085700000| Untracked 
|  88|0x0000000085800000, 0x0000000085800000, 0x0000000085900000|  0%| F|  |TAMS 0x0000000085800000, 0x0000000085800000| Untracked 
|  89|0x0000000085900000, 0x0000000085900000, 0x0000000085a00000|  0%| F|  |TAMS 0x0000000085900000, 0x0000000085900000| Untracked 
|  90|0x0000000085a00000, 0x0000000085a00000, 0x0000000085b00000|  0%| F|  |TAMS 0x0000000085a00000, 0x0000000085a00000| Untracked 
|  91|0x0000000085b00000, 0x0000000085b00000, 0x0000000085c00000|  0%| F|  |TAMS 0x0000000085b00000, 0x0000000085b00000| Untracked 
|  92|0x0000000085c00000, 0x0000000085c00000, 0x0000000085d00000|  0%| F|  |TAMS 0x0000000085c00000, 0x0000000085c00000| Untracked 
|  93|0x0000000085d00000, 0x0000000085d00000, 0x0000000085e00000|  0%| F|  |TAMS 0x0000000085d00000, 0x0000000085d00000| Untracked 
|  94|0x0000000085e00000, 0x0000000085e00000, 0x0000000085f00000|  0%| F|  |TAMS 0x0000000085e00000, 0x0000000085e00000| Untracked 
|  95|0x0000000085f00000, 0x0000000085f00000, 0x0000000086000000|  0%| F|  |TAMS 0x0000000085f00000, 0x0000000085f00000| Untracked 
|  96|0x0000000086000000, 0x0000000086000000, 0x0000000086100000|  0%| F|  |TAMS 0x0000000086000000, 0x0000000086000000| Untracked 
|  97|0x0000000086100000, 0x0000000086100000, 0x0000000086200000|  0%| F|  |TAMS 0x0000000086100000, 0x0000000086100000| Untracked 
|  98|0x0000000086200000, 0x0000000086200000, 0x0000000086300000|  0%| F|  |TAMS 0x0000000086200000, 0x0000000086200000| Untracked 
|  99|0x0000000086300000, 0x0000000086300000, 0x0000000086400000|  0%| F|  |TAMS 0x0000000086300000, 0x0000000086300000| Untracked 
| 100|0x0000000086400000, 0x0000000086400000, 0x0000000086500000|  0%| F|  |TAMS 0x0000000086400000, 0x0000000086400000| Untracked 
| 101|0x0000000086500000, 0x0000000086500000, 0x0000000086600000|  0%| F|  |TAMS 0x0000000086500000, 0x0000000086500000| Untracked 
| 102|0x0000000086600000, 0x0000000086600000, 0x0000000086700000|  0%| F|  |TAMS 0x0000000086600000, 0x0000000086600000| Untracked 
| 103|0x0000000086700000, 0x0000000086700000, 0x0000000086800000|  0%| F|  |TAMS 0x0000000086700000, 0x0000000086700000| Untracked 
| 104|0x0000000086800000, 0x0000000086800000, 0x0000000086900000|  0%| F|  |TAMS 0x0000000086800000, 0x0000000086800000| Untracked 
| 105|0x0000000086900000, 0x0000000086900000, 0x0000000086a00000|  0%| F|  |TAMS 0x0000000086900000, 0x0000000086900000| Untracked 
| 106|0x0000000086a00000, 0x0000000086a00000, 0x0000000086b00000|  0%| F|  |TAMS 0x0000000086a00000, 0x0000000086a00000| Untracked 
| 107|0x0000000086b00000, 0x0000000086b00000, 0x0000000086c00000|  0%| F|  |TAMS 0x0000000086b00000, 0x0000000086b00000| Untracked 
| 108|0x0000000086c00000, 0x0000000086d00000, 0x0000000086d00000|100%| S|CS|TAMS 0x0000000086c00000, 0x0000000086c00000| Complete 
| 109|0x0000000086d00000, 0x0000000086e00000, 0x0000000086e00000|100%| S|CS|TAMS 0x0000000086d00000, 0x0000000086d00000| Complete 
| 110|0x0000000086e00000, 0x0000000086f00000, 0x0000000086f00000|100%| S|CS|TAMS 0x0000000086e00000, 0x0000000086e00000| Complete 
| 111|0x0000000086f00000, 0x0000000087000000, 0x0000000087000000|100%| S|CS|TAMS 0x0000000086f00000, 0x0000000086f00000| Complete 
| 112|0x0000000087000000, 0x0000000087100000, 0x0000000087100000|100%| S|CS|TAMS 0x0000000087000000, 0x0000000087000000| Complete 
| 113|0x0000000087100000, 0x0000000087200000, 0x0000000087200000|100%| S|CS|TAMS 0x0000000087100000, 0x0000000087100000| Complete 
| 114|0x0000000087200000, 0x0000000087200000, 0x0000000087300000|  0%| F|  |TAMS 0x0000000087200000, 0x0000000087200000| Untracked 
| 115|0x0000000087300000, 0x0000000087300000, 0x0000000087400000|  0%| F|  |TAMS 0x0000000087300000, 0x0000000087300000| Untracked 
| 116|0x0000000087400000, 0x0000000087400000, 0x0000000087500000|  0%| F|  |TAMS 0x0000000087400000, 0x0000000087400000| Untracked 
| 117|0x0000000087500000, 0x0000000087500000, 0x0000000087600000|  0%| F|  |TAMS 0x0000000087500000, 0x0000000087500000| Untracked 
| 118|0x0000000087600000, 0x0000000087600000, 0x0000000087700000|  0%| F|  |TAMS 0x0000000087600000, 0x0000000087600000| Untracked 
| 119|0x0000000087700000, 0x0000000087700000, 0x0000000087800000|  0%| F|  |TAMS 0x0000000087700000, 0x0000000087700000| Untracked 
| 120|0x0000000087800000, 0x0000000087800000, 0x0000000087900000|  0%| F|  |TAMS 0x0000000087800000, 0x0000000087800000| Untracked 
| 121|0x0000000087900000, 0x0000000087900000, 0x0000000087a00000|  0%| F|  |TAMS 0x0000000087900000, 0x0000000087900000| Untracked 
| 122|0x0000000087a00000, 0x0000000087a00000, 0x0000000087b00000|  0%| F|  |TAMS 0x0000000087a00000, 0x0000000087a00000| Untracked 
| 123|0x0000000087b00000, 0x0000000087b00000, 0x0000000087c00000|  0%| F|  |TAMS 0x0000000087b00000, 0x0000000087b00000| Untracked 
| 124|0x0000000087c00000, 0x0000000087c00000, 0x0000000087d00000|  0%| F|  |TAMS 0x0000000087c00000, 0x0000000087c00000| Untracked 
| 125|0x0000000087d00000, 0x0000000087d00000, 0x0000000087e00000|  0%| F|  |TAMS 0x0000000087d00000, 0x0000000087d00000| Untracked 
| 126|0x0000000087e00000, 0x0000000087e00000, 0x0000000087f00000|  0%| F|  |TAMS 0x0000000087e00000, 0x0000000087e00000| Untracked 
| 127|0x0000000087f00000, 0x0000000087f00000, 0x0000000088000000|  0%| F|  |TAMS 0x0000000087f00000, 0x0000000087f00000| Untracked 
| 128|0x0000000088000000, 0x0000000088000000, 0x0000000088100000|  0%| F|  |TAMS 0x0000000088000000, 0x0000000088000000| Untracked 
| 129|0x0000000088100000, 0x0000000088100000, 0x0000000088200000|  0%| F|  |TAMS 0x0000000088100000, 0x0000000088100000| Untracked 
| 130|0x0000000088200000, 0x0000000088200000, 0x0000000088300000|  0%| F|  |TAMS 0x0000000088200000, 0x0000000088200000| Untracked 
| 131|0x0000000088300000, 0x0000000088300000, 0x0000000088400000|  0%| F|  |TAMS 0x0000000088300000, 0x0000000088300000| Untracked 
| 132|0x0000000088400000, 0x0000000088400000, 0x0000000088500000|  0%| F|  |TAMS 0x0000000088400000, 0x0000000088400000| Untracked 
| 133|0x0000000088500000, 0x0000000088500000, 0x0000000088600000|  0%| F|  |TAMS 0x0000000088500000, 0x0000000088500000| Untracked 
| 134|0x0000000088600000, 0x0000000088600000, 0x0000000088700000|  0%| F|  |TAMS 0x0000000088600000, 0x0000000088600000| Untracked 
| 135|0x0000000088700000, 0x0000000088700000, 0x0000000088800000|  0%| F|  |TAMS 0x0000000088700000, 0x0000000088700000| Untracked 
| 136|0x0000000088800000, 0x0000000088800000, 0x0000000088900000|  0%| F|  |TAMS 0x0000000088800000, 0x0000000088800000| Untracked 
| 137|0x0000000088900000, 0x0000000088900000, 0x0000000088a00000|  0%| F|  |TAMS 0x0000000088900000, 0x0000000088900000| Untracked 
| 138|0x0000000088a00000, 0x0000000088a00000, 0x0000000088b00000|  0%| F|  |TAMS 0x0000000088a00000, 0x0000000088a00000| Untracked 
| 139|0x0000000088b00000, 0x0000000088b00000, 0x0000000088c00000|  0%| F|  |TAMS 0x0000000088b00000, 0x0000000088b00000| Untracked 
| 140|0x0000000088c00000, 0x0000000088c00000, 0x0000000088d00000|  0%| F|  |TAMS 0x0000000088c00000, 0x0000000088c00000| Untracked 
| 141|0x0000000088d00000, 0x0000000088d00000, 0x0000000088e00000|  0%| F|  |TAMS 0x0000000088d00000, 0x0000000088d00000| Untracked 
| 142|0x0000000088e00000, 0x0000000088e00000, 0x0000000088f00000|  0%| F|  |TAMS 0x0000000088e00000, 0x0000000088e00000| Untracked 
| 143|0x0000000088f00000, 0x0000000088f00000, 0x0000000089000000|  0%| F|  |TAMS 0x0000000088f00000, 0x0000000088f00000| Untracked 
| 144|0x0000000089000000, 0x0000000089000000, 0x0000000089100000|  0%| F|  |TAMS 0x0000000089000000, 0x0000000089000000| Untracked 
| 145|0x0000000089100000, 0x0000000089100000, 0x0000000089200000|  0%| F|  |TAMS 0x0000000089100000, 0x0000000089100000| Untracked 
| 146|0x0000000089200000, 0x0000000089200000, 0x0000000089300000|  0%| F|  |TAMS 0x0000000089200000, 0x0000000089200000| Untracked 
| 147|0x0000000089300000, 0x0000000089300000, 0x0000000089400000|  0%| F|  |TAMS 0x0000000089300000, 0x0000000089300000| Untracked 
| 148|0x0000000089400000, 0x0000000089400000, 0x0000000089500000|  0%| F|  |TAMS 0x0000000089400000, 0x0000000089400000| Untracked 
| 149|0x0000000089500000, 0x0000000089500000, 0x0000000089600000|  0%| F|  |TAMS 0x0000000089500000, 0x0000000089500000| Untracked 
| 150|0x0000000089600000, 0x0000000089600000, 0x0000000089700000|  0%| F|  |TAMS 0x0000000089600000, 0x0000000089600000| Untracked 
| 151|0x0000000089700000, 0x0000000089700000, 0x0000000089800000|  0%| F|  |TAMS 0x0000000089700000, 0x0000000089700000| Untracked 
| 152|0x0000000089800000, 0x0000000089800000, 0x0000000089900000|  0%| F|  |TAMS 0x0000000089800000, 0x0000000089800000| Untracked 
| 153|0x0000000089900000, 0x0000000089900000, 0x0000000089a00000|  0%| F|  |TAMS 0x0000000089900000, 0x0000000089900000| Untracked 
| 154|0x0000000089a00000, 0x0000000089a00000, 0x0000000089b00000|  0%| F|  |TAMS 0x0000000089a00000, 0x0000000089a00000| Untracked 

Card table byte_map: [0x000001cfe07e0000,0x000001cfe0be0000] _byte_map_base: 0x000001cfe03e0000

Marking Bits (Prev, Next): (CMBitMap*) 0x000001cfcd01a0e8, (CMBitMap*) 0x000001cfcd01a120
 Prev Bits: [0x000001cfe0fe0000, 0x000001cfe2fe0000)
 Next Bits: [0x000001cfe2fe0000, 0x000001cfe4fe0000)

Polling page: 0x000001cfcb7b0000

Metaspace:

Usage:
  Non-class:     34.61 MB capacity,    34.06 MB ( 98%) used,   476.91 KB (  1%) free+waste,    84.44 KB ( <1%) overhead. 
      Class:      5.38 MB capacity,     5.03 MB ( 93%) used,   320.58 KB (  6%) free+waste,    41.25 KB ( <1%) overhead. 
       Both:     39.99 MB capacity,    39.09 MB ( 98%) used,   797.49 KB (  2%) free+waste,   125.69 KB ( <1%) overhead. 

Virtual space:
  Non-class space:       36.00 MB reserved,      34.75 MB ( 97%) committed 
      Class space:        1.00 GB reserved,       5.50 MB ( <1%) committed 
             Both:        1.04 GB reserved,      40.25 MB (  4%) committed 

Chunk freelists:
   Non-Class:  16.00 KB
       Class:  0 bytes
        Both:  16.00 KB

MaxMetaspaceSize: 17179869184.00 GB
CompressedClassSpaceSize: 1.00 GB

CodeHeap 'non-profiled nmethods': size=120000Kb used=1518Kb max_used=1518Kb free=118481Kb
 bounds [0x000001cfd8430000, 0x000001cfd86a0000, 0x000001cfdf960000]
CodeHeap 'profiled nmethods': size=120000Kb used=6294Kb max_used=6294Kb free=113705Kb
 bounds [0x000001cfd0f00000, 0x000001cfd1530000, 0x000001cfd8430000]
CodeHeap 'non-nmethods': size=5760Kb used=2193Kb max_used=2225Kb free=3566Kb
 bounds [0x000001cfd0960000, 0x000001cfd0bd0000, 0x000001cfd0f00000]
 total_blobs=3777 nmethods=3023 adapters=665
 compilation: enabled
              stopped_count=0, restarted_count=0
 full_count=0

Compilation events (20 events):
Event: 8.304 Thread 0x000001cfe7ac5000 3239       4       com.google.common.io.ByteStreams::copy (51 bytes)
Event: 8.310 Thread 0x000001cfe7ac5000 nmethod 3239 0x000001cfd85a3b90 code [0x000001cfd85a3da0, 0x000001cfd85a42e8]
Event: 8.310 Thread 0x000001cfe7ac5000 3238       4       com.google.common.collect.AbstractIterator::hasNext (65 bytes)
Event: 8.321 Thread 0x000001cfe7ac5000 nmethod 3238 0x000001cfd85a4890 code [0x000001cfd85a4aa0, 0x000001cfd85a55d8]
Event: 8.321 Thread 0x000001cfe7ac5000 3242       4       com.google.common.base.Preconditions::checkNotNull (14 bytes)
Event: 8.321 Thread 0x000001cfe7ac5000 nmethod 3242 0x000001cfd85a5c10 code [0x000001cfd85a5da0, 0x000001cfd85a5df8]
Event: 8.321 Thread 0x000001cfe7ac5000 3251       4       com.google.common.base.Preconditions::checkState (13 bytes)
Event: 8.322 Thread 0x000001cfe7ac5000 nmethod 3251 0x000001cfd85a5e90 code [0x000001cfd85a6020, 0x000001cfd85a6078]
Event: 8.322 Thread 0x000001cfe7ac5000 3250   !   4       java.util.zip.Inflater::finished (19 bytes)
Event: 8.323 Thread 0x000001cfe7ac5000 nmethod 3250 0x000001cfd85a6110 code [0x000001cfd85a62a0, 0x000001cfd85a64d8]
Event: 8.323 Thread 0x000001cfe7ac5000 3248   !   4       java.util.zip.Inflater::needsDictionary (19 bytes)
Event: 8.324 Thread 0x000001cfe7ac5000 nmethod 3248 0x000001cfd85a6590 code [0x000001cfd85a6720, 0x000001cfd85a6958]
Event: 8.356 Thread 0x000001cfe7ac5000 3252       4       org.gradle.internal.hash.HashingOutputStream::<init> (28 bytes)
Event: 8.365 Thread 0x000001cfe7ac5000 nmethod 3252 0x000001cfd85a6a10 code [0x000001cfd85a6be0, 0x000001cfd85a7348]
Event: 8.365 Thread 0x000001cfe7ac5000 3253       4       org.gradle.api.internal.changedetection.state.RuntimeClasspathResourceHasher::hash (23 bytes)
Event: 8.387 Thread 0x000001cfe7ac5000 nmethod 3253 0x000001cfd85a7690 code [0x000001cfd85a7940, 0x000001cfd85a8700]
Event: 8.507 Thread 0x000001cfe7ac5000 3254       4       org.gradle.api.internal.changedetection.state.ZipHasher::fingerprintZipEntry (38 bytes)
Event: 8.534 Thread 0x000001cfe7ac5000 nmethod 3254 0x000001cfd85a9710 code [0x000001cfd85a9920, 0x000001cfd85aa678]
Event: 8.534 Thread 0x000001cfe7ac5000 3255       4       org.gradle.api.internal.changedetection.state.MetaInfAwareClasspathResourceHasher::hash (60 bytes)
Event: 8.545 Thread 0x000001cfe7ac5000 nmethod 3255 0x000001cfd85aae10 code [0x000001cfd85aafe0, 0x000001cfd85ab4d8]

GC Heap History (20 events):
Event: 6.961 GC heap after
{Heap after GC invocations=23 (full 0):
 garbage-first heap   total 69632K, used 49341K [0x0000000080000000, 0x0000000100000000)
  region size 1024K, 2 young (2048K), 2 survivors (2048K)
 Metaspace       used 39985K, capacity 40948K, committed 41216K, reserved 1085440K
  class space    used 5142K, capacity 5508K, committed 5632K, reserved 1048576K
}
Event: 7.006 GC heap before
{Heap before GC invocations=24 (full 0):
 garbage-first heap   total 69632K, used 55485K [0x0000000080000000, 0x0000000100000000)
  region size 1024K, 9 young (9216K), 2 survivors (2048K)
 Metaspace       used 39987K, capacity 40948K, committed 41216K, reserved 1085440K
  class space    used 5142K, capacity 5508K, committed 5632K, reserved 1048576K
}
Event: 7.008 GC heap after
{Heap after GC invocations=25 (full 0):
 garbage-first heap   total 69632K, used 49829K [0x0000000080000000, 0x0000000100000000)
  region size 1024K, 2 young (2048K), 2 survivors (2048K)
 Metaspace       used 39987K, capacity 40948K, committed 41216K, reserved 1085440K
  class space    used 5142K, capacity 5508K, committed 5632K, reserved 1048576K
}
Event: 7.011 GC heap before
{Heap before GC invocations=25 (full 0):
 garbage-first heap   total 69632K, used 50853K [0x0000000080000000, 0x0000000100000000)
  region size 1024K, 3 young (3072K), 2 survivors (2048K)
 Metaspace       used 39987K, capacity 40948K, committed 41216K, reserved 1085440K
  class space    used 5142K, capacity 5508K, committed 5632K, reserved 1048576K
}
Event: 7.022 GC heap after
{Heap after GC invocations=26 (full 0):
 garbage-first heap   total 83968K, used 44364K [0x0000000080000000, 0x0000000100000000)
  region size 1024K, 1 young (1024K), 1 survivors (1024K)
 Metaspace       used 39987K, capacity 40948K, committed 41216K, reserved 1085440K
  class space    used 5142K, capacity 5508K, committed 5632K, reserved 1048576K
}
Event: 7.292 GC heap before
{Heap before GC invocations=26 (full 0):
 garbage-first heap   total 83968K, used 61772K [0x0000000080000000, 0x0000000100000000)
  region size 1024K, 18 young (18432K), 1 survivors (1024K)
 Metaspace       used 39990K, capacity 40948K, committed 41216K, reserved 1085440K
  class space    used 5142K, capacity 5508K, committed 5632K, reserved 1048576K
}
Event: 7.296 GC heap after
{Heap after GC invocations=27 (full 0):
 garbage-first heap   total 83968K, used 50041K [0x0000000080000000, 0x0000000100000000)
  region size 1024K, 3 young (3072K), 3 survivors (3072K)
 Metaspace       used 39990K, capacity 40948K, committed 41216K, reserved 1085440K
  class space    used 5142K, capacity 5508K, committed 5632K, reserved 1048576K
}
Event: 7.401 GC heap before
{Heap before GC invocations=28 (full 0):
 garbage-first heap   total 83968K, used 64377K [0x0000000080000000, 0x0000000100000000)
  region size 1024K, 17 young (17408K), 3 survivors (3072K)
 Metaspace       used 39991K, capacity 40948K, committed 41216K, reserved 1085440K
  class space    used 5142K, capacity 5508K, committed 5632K, reserved 1048576K
}
Event: 7.415 GC heap after
{Heap after GC invocations=29 (full 0):
 garbage-first heap   total 83968K, used 53455K [0x0000000080000000, 0x0000000100000000)
  region size 1024K, 3 young (3072K), 3 survivors (3072K)
 Metaspace       used 39991K, capacity 40948K, committed 41216K, reserved 1085440K
  class space    used 5142K, capacity 5508K, committed 5632K, reserved 1048576K
}
Event: 7.426 GC heap before
{Heap before GC invocations=29 (full 0):
 garbage-first heap   total 83968K, used 54479K [0x0000000080000000, 0x0000000100000000)
  region size 1024K, 4 young (4096K), 3 survivors (3072K)
 Metaspace       used 39991K, capacity 40948K, committed 41216K, reserved 1085440K
  class space    used 5142K, capacity 5508K, committed 5632K, reserved 1048576K
}
Event: 7.435 GC heap after
{Heap after GC invocations=30 (full 0):
 garbage-first heap   total 83968K, used 50493K [0x0000000080000000, 0x0000000100000000)
  region size 1024K, 1 young (1024K), 1 survivors (1024K)
 Metaspace       used 39991K, capacity 40948K, committed 41216K, reserved 1085440K
  class space    used 5142K, capacity 5508K, committed 5632K, reserved 1048576K
}
Event: 7.474 GC heap before
{Heap before GC invocations=30 (full 0):
 garbage-first heap   total 83968K, used 63805K [0x0000000080000000, 0x0000000100000000)
  region size 1024K, 14 young (14336K), 1 survivors (1024K)
 Metaspace       used 39991K, capacity 40948K, committed 41216K, reserved 1085440K
  class space    used 5142K, capacity 5508K, committed 5632K, reserved 1048576K
}
Event: 7.496 GC heap after
{Heap after GC invocations=31 (full 0):
 garbage-first heap   total 158720K, used 51759K [0x0000000080000000, 0x0000000100000000)
  region size 1024K, 2 young (2048K), 2 survivors (2048K)
 Metaspace       used 39991K, capacity 40948K, committed 41216K, reserved 1085440K
  class space    used 5142K, capacity 5508K, committed 5632K, reserved 1048576K
}
Event: 7.948 GC heap before
{Heap before GC invocations=32 (full 0):
 garbage-first heap   total 158720K, used 103983K [0x0000000080000000, 0x0000000100000000)
  region size 1024K, 53 young (54272K), 2 survivors (2048K)
 Metaspace       used 39998K, capacity 40948K, committed 41216K, reserved 1085440K
  class space    used 5142K, capacity 5508K, committed 5632K, reserved 1048576K
}
Event: 8.080 GC heap after
{Heap after GC invocations=33 (full 0):
 garbage-first heap   total 158720K, used 55815K [0x0000000080000000, 0x0000000100000000)
  region size 1024K, 6 young (6144K), 6 survivors (6144K)
 Metaspace       used 39998K, capacity 40948K, committed 41216K, reserved 1085440K
  class space    used 5142K, capacity 5508K, committed 5632K, reserved 1048576K
}
Event: 8.326 GC heap before
{Heap before GC invocations=33 (full 0):
 garbage-first heap   total 158720K, used 114183K [0x0000000080000000, 0x0000000100000000)
  region size 1024K, 63 young (64512K), 6 survivors (6144K)
 Metaspace       used 40024K, capacity 40948K, committed 41216K, reserved 1085440K
  class space    used 5146K, capacity 5508K, committed 5632K, reserved 1048576K
}
Event: 8.352 GC heap after
{Heap after GC invocations=34 (full 0):
 garbage-first heap   total 158720K, used 64991K [0x0000000080000000, 0x0000000100000000)
  region size 1024K, 8 young (8192K), 8 survivors (8192K)
 Metaspace       used 40024K, capacity 40948K, committed 41216K, reserved 1085440K
  class space    used 5146K, capacity 5508K, committed 5632K, reserved 1048576K
}
Event: 8.479 GC heap before
{Heap before GC invocations=34 (full 0):
 garbage-first heap   total 158720K, used 114143K [0x0000000080000000, 0x0000000100000000)
  region size 1024K, 56 young (57344K), 8 survivors (8192K)
 Metaspace       used 40024K, capacity 40948K, committed 41216K, reserved 1085440K
  class space    used 5146K, capacity 5508K, committed 5632K, reserved 1048576K
}
Event: 8.492 GC heap after
{Heap after GC invocations=35 (full 0):
 garbage-first heap   total 158720K, used 72071K [0x0000000080000000, 0x0000000100000000)
  region size 1024K, 7 young (7168K), 7 survivors (7168K)
 Metaspace       used 40024K, capacity 40948K, committed 41216K, reserved 1085440K
  class space    used 5146K, capacity 5508K, committed 5632K, reserved 1048576K
}
Event: 8.614 GC heap before
{Heap before GC invocations=35 (full 0):
 garbage-first heap   total 158720K, used 114055K [0x0000000080000000, 0x0000000100000000)
  region size 1024K, 48 young (49152K), 7 survivors (7168K)
 Metaspace       used 40024K, capacity 40948K, committed 41216K, reserved 1085440K
  class space    used 5146K, capacity 5508K, committed 5632K, reserved 1048576K
}

Deoptimization events (20 events):
Event: 8.257 Thread 0x000001cfe9216800 Uncommon trap: trap_request=0xffffffde fr.pc=0x000001cfd859b3e8 relative=0x0000000000000968
Event: 8.257 Thread 0x000001cfe9216800 Uncommon trap: reason=class_check action=maybe_recompile pc=0x000001cfd859b3e8 method=org.gradle.api.internal.file.archive.impl.JdkZipEntry.getInputStream()Ljava/io/InputStream; @ 4 c2
Event: 8.257 Thread 0x000001cfe9216800 DEOPT PACKING pc=0x000001cfd859b3e8 sp=0x000000a5759faa90
Event: 8.257 Thread 0x000001cfe9216800 DEOPT UNPACKING pc=0x000001cfd09874af sp=0x000000a5759faa18 mode 2
Event: 8.257 Thread 0x000001cfe9216800 Uncommon trap: trap_request=0xffffffde fr.pc=0x000001cfd8599304 relative=0x00000000000002a4
Event: 8.257 Thread 0x000001cfe9216800 Uncommon trap: reason=class_check action=maybe_recompile pc=0x000001cfd8599304 method=com.google.common.io.ByteStreams.copy(Ljava/io/InputStream;Ljava/io/OutputStream;)J @ 18 c2
Event: 8.257 Thread 0x000001cfe9216800 DEOPT PACKING pc=0x000001cfd8599304 sp=0x000000a5759faa20
Event: 8.257 Thread 0x000001cfe9216800 DEOPT UNPACKING pc=0x000001cfd09874af sp=0x000000a5759fa9d8 mode 2
Event: 8.257 Thread 0x000001cfe9216800 Uncommon trap: trap_request=0xffffffde fr.pc=0x000001cfd859b3e8 relative=0x0000000000000968
Event: 8.257 Thread 0x000001cfe9216800 Uncommon trap: reason=class_check action=maybe_recompile pc=0x000001cfd859b3e8 method=org.gradle.api.internal.file.archive.impl.JdkZipEntry.getInputStream()Ljava/io/InputStream; @ 4 c2
Event: 8.257 Thread 0x000001cfe9216800 DEOPT PACKING pc=0x000001cfd859b3e8 sp=0x000000a5759faa90
Event: 8.257 Thread 0x000001cfe9216800 DEOPT UNPACKING pc=0x000001cfd09874af sp=0x000000a5759faa18 mode 2
Event: 8.257 Thread 0x000001cfe9216800 Uncommon trap: trap_request=0xffffffde fr.pc=0x000001cfd8599304 relative=0x00000000000002a4
Event: 8.257 Thread 0x000001cfe9216800 Uncommon trap: reason=class_check action=maybe_recompile pc=0x000001cfd8599304 method=com.google.common.io.ByteStreams.copy(Ljava/io/InputStream;Ljava/io/OutputStream;)J @ 18 c2
Event: 8.257 Thread 0x000001cfe9216800 DEOPT PACKING pc=0x000001cfd8599304 sp=0x000000a5759faa20
Event: 8.257 Thread 0x000001cfe9216800 DEOPT UNPACKING pc=0x000001cfd09874af sp=0x000000a5759fa9d8 mode 2
Event: 8.259 Thread 0x000001cfe9216800 Uncommon trap: trap_request=0xffffff4d fr.pc=0x000001cfd859dee0 relative=0x0000000000000300
Event: 8.259 Thread 0x000001cfe9216800 Uncommon trap: reason=unstable_if action=reinterpret pc=0x000001cfd859dee0 method=org.gradle.api.internal.changedetection.state.MetaInfAwareClasspathResourceHasher.isManifestPropertyFile(Ljava/lang/String;)Z @ 6 c2
Event: 8.259 Thread 0x000001cfe9216800 DEOPT PACKING pc=0x000001cfd859dee0 sp=0x000000a5759faba0
Event: 8.259 Thread 0x000001cfe9216800 DEOPT UNPACKING pc=0x000001cfd09874af sp=0x000000a5759faad8 mode 2

Classes redefined (0 events):
No events

Internal exceptions (20 events):
Event: 6.195 Thread 0x000001cfe9216800 Exception <a 'java/lang/ClassNotFoundException'{0x0000000082cf41a8}: groovy/lang/Closure$1BeanInfo> (0x0000000082cf41a8) thrown at [./src/hotspot/share/classfile/systemDictionary.cpp, line 231]
Event: 6.195 Thread 0x000001cfe9216800 Exception <a 'java/lang/ClassNotFoundException'{0x0000000082b0c380}: groovy/lang/ClosureBeanInfo> (0x0000000082b0c380) thrown at [./src/hotspot/share/classfile/systemDictionary.cpp, line 231]
Event: 6.195 Thread 0x000001cfe9216800 Exception <a 'java/lang/ClassNotFoundException'{0x0000000082b23b08}: groovy/lang/ClosureCustomizer> (0x0000000082b23b08) thrown at [./src/hotspot/share/classfile/systemDictionary.cpp, line 231]
Event: 6.197 Thread 0x000001cfe9216800 Exception <a 'java/lang/ClassNotFoundException'{0x0000000082b59248}: groovy/lang/Closure$1Customizer> (0x0000000082b59248) thrown at [./src/hotspot/share/classfile/systemDictionary.cpp, line 231]
Event: 6.313 Thread 0x000001cfe9216800 Exception <a 'java/lang/ClassNotFoundException'{0x0000000083420128}: org/gradle/internal/metaobject/ConfigureDelegateBeanInfo> (0x0000000083420128) thrown at [./src/hotspot/share/classfile/systemDictionary.cpp, line 231]
Event: 6.314 Thread 0x000001cfe9216800 Exception <a 'java/lang/ClassNotFoundException'{0x000000008343d6f0}: org/gradle/internal/metaobject/ConfigureDelegateCustomizer> (0x000000008343d6f0) thrown at [./src/hotspot/share/classfile/systemDictionary.cpp, line 231]
Event: 6.320 Thread 0x000001cfe9216800 Exception <a 'java/lang/ClassNotFoundException'{0x0000000083499b78}: org/gradle/api/internal/initialization/DefaultScriptHandlerBeanInfo> (0x0000000083499b78) thrown at [./src/hotspot/share/classfile/systemDictionary.cpp, line 231]
Event: 6.321 Thread 0x000001cfe9216800 Exception <a 'java/lang/ClassNotFoundException'{0x00000000834bac30}: org/gradle/api/internal/initialization/DefaultScriptHandlerCustomizer> (0x00000000834bac30) thrown at [./src/hotspot/share/classfile/systemDictionary.cpp, line 231]
Event: 6.415 Thread 0x000001cfe9216800 Exception <a 'java/lang/ClassNotFoundException'{0x0000000082db2e68}: org/gradle/api/internal/artifacts/dsl/dependencies/DefaultDependencyHandler_DecoratedBeanInfo> (0x0000000082db2e68) thrown at [./src/hotspot/share/classfile/systemDictionary.cpp, line 231]
Event: 6.416 Thread 0x000001cfe9216800 Exception <a 'java/lang/ClassNotFoundException'{0x0000000082de6390}: org/gradle/api/internal/artifacts/dsl/dependencies/DefaultDependencyHandlerBeanInfo> (0x0000000082de6390) thrown at [./src/hotspot/share/classfile/systemDictionary.cpp, line 231]
Event: 6.417 Thread 0x000001cfe9216800 Exception <a 'java/lang/ClassNotFoundException'{0x0000000082c19b98}: org/gradle/api/internal/artifacts/dsl/dependencies/DefaultDependencyHandlerCustomizer> (0x0000000082c19b98) thrown at [./src/hotspot/share/classfile/systemDictionary.cpp, line 231]
Event: 6.420 Thread 0x000001cfe9216800 Exception <a 'java/lang/ClassNotFoundException'{0x0000000082c6bce0}: org/gradle/api/internal/artifacts/dsl/dependencies/DefaultDependencyHandler_DecoratedCustomizer> (0x0000000082c6bce0) thrown at [./src/hotspot/share/classfile/systemDictionary.cpp, line 231]
Event: 6.576 Thread 0x000001cfe9216800 Exception <a 'java/lang/NoSuchMethodError'{0x0000000083a7c8a0}: 'java.lang.Object java.lang.invoke.DirectMethodHandle$Holder.invokeStatic(java.lang.Object, java.lang.Object, java.lang.Object, int)'> (0x0000000083a7c8a0) thrown at [./src/hotspot/share/interpreter/linkResolver.cpp, line 773]
Event: 6.576 Thread 0x000001cfe9216800 Exception <a 'java/lang/NoSuchMethodError'{0x0000000083a80eb8}: 'java.lang.Object java.lang.invoke.DirectMethodHandle$Holder.invokeSpecial(java.lang.Object, java.lang.Object, java.lang.Object, java.lang.Object, int)'> (0x0000000083a80eb8) thrown at [./src/hotspot/share/interpreter/linkResolver.cpp, line 773]
Event: 6.577 Thread 0x000001cfe9216800 Exception <a 'java/lang/NoSuchMethodError'{0x0000000083a84df0}: 'java.lang.Object java.lang.invoke.Invokers$Holder.linkToTargetMethod(java.lang.Object, java.lang.Object, int, java.lang.Object)'> (0x0000000083a84df0) thrown at [./src/hotspot/share/interpreter/linkResolver.cpp, line 773]
Event: 6.581 Thread 0x000001cfe9216800 Exception <a 'java/lang/NoSuchMethodError'{0x0000000083ac6b80}: 'int java.lang.invoke.DirectMethodHandle$Holder.invokeInterface(java.lang.Object, java.lang.Object)'> (0x0000000083ac6b80) thrown at [./src/hotspot/share/interpreter/linkResolver.cpp, line 773]
Event: 6.581 Thread 0x000001cfe9216800 Exception <a 'java/lang/IncompatibleClassChangeError'{0x0000000083aca3b8}: Found class java.lang.Object, but interface was expected> (0x0000000083aca3b8) thrown at [./src/hotspot/share/interpreter/linkResolver.cpp, line 839]
Event: 6.607 Thread 0x000001cfe9216800 Exception <a 'java/lang/NoSuchMethodError'{0x0000000083829c68}: 'java.lang.Object java.lang.invoke.Invokers$Holder.linkToTargetMethod(java.lang.Object, int, java.lang.Object)'> (0x0000000083829c68) thrown at [./src/hotspot/share/interpreter/linkResolver.cpp, line 773]
Event: 6.647 Thread 0x000001cfe9216800 Exception <a 'java/lang/NoSuchMethodError'{0x000000008353a9e8}: 'int java.lang.invoke.DirectMethodHandle$Holder.invokeStaticInit(java.lang.Object)'> (0x000000008353a9e8) thrown at [./src/hotspot/share/interpreter/linkResolver.cpp, line 773]
Event: 6.715 Thread 0x000001cfe9216800 Exception <a 'java/lang/NoSuchMethodError'{0x00000000843b57b0}: 'void java.lang.invoke.DirectMethodHandle$Holder.invokeStatic(java.lang.Object, java.lang.Object, java.lang.Object, java.lang.Object, java.lang.Object)'> (0x00000000843b57b0) thrown at [./src/hotspot/share/interpreter/linkResolver.cpp, line 773]

Events (20 events):
Event: 7.667 Executing VM operation: CGC_Operation
Event: 7.668 Executing VM operation: CGC_Operation done
Event: 7.767 Loaded shared library C:\Program Files\Android\Android Studio\jre\bin\java.dll
Event: 7.929 Executing VM operation: G1CollectForAllocation
Event: 8.085 Executing VM operation: G1CollectForAllocation done
Event: 8.252 loading class org/gradle/api/internal/file/archive/impl/StreamZipInput
Event: 8.252 loading class org/gradle/api/internal/file/archive/impl/StreamZipInput done
Event: 8.253 loading class java/util/zip/ZipInputStream
Event: 8.254 loading class java/util/zip/ZipInputStream done
Event: 8.254 loading class java/io/PushbackInputStream
Event: 8.255 loading class java/io/PushbackInputStream done
Event: 8.255 loading class org/gradle/api/internal/file/archive/impl/StreamZipInput$1
Event: 8.255 loading class org/gradle/api/internal/file/archive/impl/StreamZipInput$1 done
Event: 8.255 loading class org/gradle/api/internal/file/archive/impl/StreamZipInput$1$1
Event: 8.255 loading class org/gradle/api/internal/file/archive/impl/StreamZipInput$1$1 done
Event: 8.326 Executing VM operation: G1CollectForAllocation
Event: 8.352 Executing VM operation: G1CollectForAllocation done
Event: 8.479 Executing VM operation: G1CollectForAllocation
Event: 8.492 Executing VM operation: G1CollectForAllocation done
Event: 8.614 Executing VM operation: G1CollectForAllocation


Dynamic libraries:
0x00007ff665f50000 - 0x00007ff665f5a000 	C:\Program Files\Android\Android Studio\jre\bin\java.exe
0x00007ff881430000 - 0x00007ff881625000 	C:\Windows\SYSTEM32\ntdll.dll
0x00007ff87f6e0000 - 0x00007ff87f79d000 	C:\Windows\System32\KERNEL32.DLL
0x00007ff87ede0000 - 0x00007ff87f0a9000 	C:\Windows\System32\KERNELBASE.dll
0x00007ff87f3a0000 - 0x00007ff87f4a0000 	C:\Windows\System32\ucrtbase.dll
0x00007ff86d170000 - 0x00007ff86d187000 	C:\Program Files\Android\Android Studio\jre\bin\VCRUNTIME140.dll
0x00007ff878cb0000 - 0x00007ff878cc9000 	C:\Program Files\Android\Android Studio\jre\bin\jli.dll
0x00007ff8811e0000 - 0x00007ff881380000 	C:\Windows\System32\USER32.dll
0x00007ff87eb70000 - 0x00007ff87eb92000 	C:\Windows\System32\win32u.dll
0x00007ff880fe0000 - 0x00007ff88100a000 	C:\Windows\System32\GDI32.dll
0x00007ff87f290000 - 0x00007ff87f39b000 	C:\Windows\System32\gdi32full.dll
0x00007ff87f0b0000 - 0x00007ff87f14d000 	C:\Windows\System32\msvcp_win.dll
0x00007ff86c860000 - 0x00007ff86cafa000 	C:\Windows\WinSxS\amd64_microsoft.windows.common-controls_6595b64144ccf1df_6.0.19041.1083_none_60bbe31371f34e71\COMCTL32.dll
0x00007ff87f590000 - 0x00007ff87f62e000 	C:\Windows\System32\msvcrt.dll
0x00007ff8811b0000 - 0x00007ff8811e0000 	C:\Windows\System32\IMM32.DLL
0x00007ff85bf50000 - 0x00007ff85bfed000 	C:\Program Files\Android\Android Studio\jre\bin\msvcp140.dll
0x00007ff850490000 - 0x00007ff850f4c000 	C:\Program Files\Android\Android Studio\jre\bin\server\jvm.dll
0x00007ff87f810000 - 0x00007ff87f8bc000 	C:\Windows\System32\ADVAPI32.dll
0x00007ff880a90000 - 0x00007ff880b2b000 	C:\Windows\System32\sechost.dll
0x00007ff87fc80000 - 0x00007ff87fdaa000 	C:\Windows\System32\RPCRT4.dll
0x00007ff881380000 - 0x00007ff881388000 	C:\Windows\System32\PSAPI.DLL
0x00007ff8746f0000 - 0x00007ff8746fa000 	C:\Windows\SYSTEM32\VERSION.dll
0x00007ff873ff0000 - 0x00007ff874017000 	C:\Windows\SYSTEM32\WINMM.dll
0x00007ff878ca0000 - 0x00007ff878ca9000 	C:\Windows\SYSTEM32\WSOCK32.dll
0x00007ff87f7a0000 - 0x00007ff87f80b000 	C:\Windows\System32\ws2_32.DLL
0x00007ff87d410000 - 0x00007ff87d422000 	C:\Windows\SYSTEM32\kernel.appcore.dll
0x00007ff876d20000 - 0x00007ff876d31000 	C:\Program Files\Android\Android Studio\jre\bin\verify.dll
0x00007ff876370000 - 0x00007ff876554000 	C:\Windows\SYSTEM32\DBGHELP.DLL
0x00007ff86e770000 - 0x00007ff86e79c000 	C:\Windows\SYSTEM32\dbgcore.DLL
0x00007ff87ed50000 - 0x00007ff87edd3000 	C:\Windows\System32\bcryptPrimitives.dll
0x00007ff86ceb0000 - 0x00007ff86ced9000 	C:\Program Files\Android\Android Studio\jre\bin\java.dll
0x00007ff878c90000 - 0x00007ff878c9b000 	C:\Program Files\Android\Android Studio\jre\bin\jimage.dll
0x00007ff86d090000 - 0x00007ff86d0a8000 	C:\Program Files\Android\Android Studio\jre\bin\zip.dll
0x00007ff87fdd0000 - 0x00007ff88050f000 	C:\Windows\System32\SHELL32.dll
0x00007ff87c920000 - 0x00007ff87d0b1000 	C:\Windows\SYSTEM32\windows.storage.dll
0x00007ff87f920000 - 0x00007ff87fc75000 	C:\Windows\System32\combase.dll
0x00007ff87e570000 - 0x00007ff87e59c000 	C:\Windows\SYSTEM32\Wldp.dll
0x00007ff87f630000 - 0x00007ff87f6de000 	C:\Windows\System32\SHCORE.dll
0x00007ff87f8c0000 - 0x00007ff87f915000 	C:\Windows\System32\shlwapi.dll
0x00007ff87eab0000 - 0x00007ff87eacf000 	C:\Windows\SYSTEM32\profapi.dll
0x00007ff86a5f0000 - 0x00007ff86a60a000 	C:\Program Files\Android\Android Studio\jre\bin\net.dll
0x00007ff873600000 - 0x00007ff87370a000 	C:\Windows\SYSTEM32\WINHTTP.dll
0x00007ff87e270000 - 0x00007ff87e2da000 	C:\Windows\system32\mswsock.dll
0x00007ff86a510000 - 0x00007ff86a524000 	C:\Program Files\Android\Android Studio\jre\bin\nio.dll
0x00007ff86d010000 - 0x00007ff86d037000 	C:\Users\lozan\.gradle\native\fdc75f09e3144964f2cf3f50f0aa648679c211496f362492102eb8c894070792\windows-amd64\native-platform.dll
0x00007ff858c20000 - 0x00007ff858db6000 	C:\Users\lozan\.gradle\native\12488b8bf47d2d4c9fbf2f6322a914ad602e24e48041cd04a747c6da556b65c4\windows-amd64\native-platform-file-events.dll
0x00007ff876d70000 - 0x00007ff876d7a000 	C:\Program Files\Android\Android Studio\jre\bin\management.dll
0x00007ff876d60000 - 0x00007ff876d6c000 	C:\Program Files\Android\Android Studio\jre\bin\management_ext.dll
0x00007ff87e460000 - 0x00007ff87e478000 	C:\Windows\SYSTEM32\CRYPTSP.dll
0x00007ff87dc10000 - 0x00007ff87dc44000 	C:\Windows\system32\rsaenh.dll
0x00007ff87f1b0000 - 0x00007ff87f1d7000 	C:\Windows\System32\bcrypt.dll
0x00007ff87ea30000 - 0x00007ff87ea5e000 	C:\Windows\SYSTEM32\USERENV.dll
0x00007ff87e450000 - 0x00007ff87e45c000 	C:\Windows\SYSTEM32\CRYPTBASE.dll
0x00007ff87df60000 - 0x00007ff87df9b000 	C:\Windows\SYSTEM32\IPHLPAPI.DLL
0x00007ff87f4a0000 - 0x00007ff87f4a8000 	C:\Windows\System32\NSI.dll
0x00007ff874540000 - 0x00007ff874557000 	C:\Windows\SYSTEM32\dhcpcsvc6.DLL
0x00007ff8777d0000 - 0x00007ff8777ed000 	C:\Windows\SYSTEM32\dhcpcsvc.DLL
0x00007ff87dfa0000 - 0x00007ff87e06c000 	C:\Windows\SYSTEM32\DNSAPI.dll
0x00007ff877ae0000 - 0x00007ff877aeb000 	C:\Windows\SYSTEM32\WINNSI.DLL

dbghelp: loaded successfully - version: 4.0.5 - missing functions: none
symbol engine: initialized successfully - sym options: 0x614 - pdb path: .;C:\Program Files\Android\Android Studio\jre\bin;C:\Windows\SYSTEM32;C:\Windows\WinSxS\amd64_microsoft.windows.common-controls_6595b64144ccf1df_6.0.19041.1083_none_60bbe31371f34e71;C:\Program Files\Android\Android Studio\jre\bin\server;C:\Users\lozan\.gradle\native\fdc75f09e3144964f2cf3f50f0aa648679c211496f362492102eb8c894070792\windows-amd64;C:\Users\lozan\.gradle\native\12488b8bf47d2d4c9fbf2f6322a914ad602e24e48041cd04a747c6da556b65c4\windows-amd64

VM Arguments:
jvm_args: --add-opens=java.base/java.util=ALL-UNNAMED --add-opens=java.base/java.lang=ALL-UNNAMED --add-opens=java.base/java.lang.invoke=ALL-UNNAMED --add-opens=java.prefs/java.util.prefs=ALL-UNNAMED -Xmx2048m -Dfile.encoding=UTF-8 -Duser.country=US -Duser.language=en -Duser.variant 
java_command: org.gradle.launcher.daemon.bootstrap.GradleDaemon 6.7.1
java_class_path (initial): C:\Users\lozan\.gradle\wrapper\dists\gradle-6.7.1-all\2moa8rlfac5eqlcfgk98k0deb\gradle-6.7.1\lib\gradle-launcher-6.7.1.jar
Launcher Type: SUN_STANDARD

[Global flags]
     intx CICompilerCount                          = 4                                         {product} {ergonomic}
     uint ConcGCThreads                            = 2                                         {product} {ergonomic}
     uint G1ConcRefinementThreads                  = 8                                         {product} {ergonomic}
   size_t G1HeapRegionSize                         = 1048576                                   {product} {ergonomic}
    uintx GCDrainStackTargetSize                   = 64                                        {product} {ergonomic}
   size_t InitialHeapSize                          = 58720256                                  {product} {ergonomic}
   size_t MarkStackSize                            = 4194304                                   {product} {ergonomic}
   size_t MaxHeapSize                              = 2147483648                                {product} {command line}
   size_t MaxNewSize                               = 1287651328                                {product} {ergonomic}
   size_t MinHeapDeltaBytes                        = 1048576                                   {product} {ergonomic}
    uintx NonNMethodCodeHeapSize                   = 5836300                                {pd product} {ergonomic}
    uintx NonProfiledCodeHeapSize                  = 122910970                              {pd product} {ergonomic}
    uintx ProfiledCodeHeapSize                     = 122910970                              {pd product} {ergonomic}
    uintx ReservedCodeCacheSize                    = 251658240                              {pd product} {ergonomic}
     bool SegmentedCodeCache                       = true                                      {product} {ergonomic}
     bool UseCompressedClassPointers               = true                                 {lp64_product} {ergonomic}
     bool UseCompressedOops                        = true                                 {lp64_product} {ergonomic}
     bool UseG1GC                                  = true                                      {product} {ergonomic}
     bool UseLargePagesIndividualAllocation        = false                                  {pd product} {ergonomic}

Logging:
Log output configuration:
 #0: stdout all=warning uptime,level,tags
 #1: stderr all=off uptime,level,tags

Environment Variables:
PATH=C:\Python39\Scripts\;C:\Python39\;C:\Program Files\Common Files\Oracle\Java\javapath;C:\Program Files (x86)\Common Files\Oracle\Java\javapath;C:\Windows\system32;C:\Windows;C:\Windows\System32\Wbem;C:\Windows\System32\WindowsPowerShell\v1.0\;C:\Windows\System32\OpenSSH\;C:\Program Files\Git\cmd;C:\Program Files\Microsoft SQL Server\130\Tools\Binn\;C:\ProgramData\chocolatey\bin;C:\Program Files\dotnet\;C:\Program Files\Microsoft SQL Server\Client SDK\ODBC\170\Tools\Binn\;C:\Program Files\nodejs\;C:\Program Files\MySQL\MySQL Shell 8.0\bin\;C:\Users\lozan\AppData\Local\Microsoft\WindowsApps;;C:\Users\lozan\AppData\Local\Programs\Microsoft VS Code\bin;C:\Users\lozan\.dotnet\tools;C:\Users\lozan\AppData\Roaming\npm
USERNAME=lozan
OS=Windows_NT
PROCESSOR_IDENTIFIER=AMD64 Family 23 Model 24 Stepping 1, AuthenticAMD



---------------  S Y S T E M  ---------------

OS: Windows 10 , 64 bit Build 19041 (10.0.19041.1023)
OS uptime: 1 days 10:13 hours

CPU:total 8 (initial active 8) (8 cores per cpu, 2 threads per core) family 23 model 24 stepping 1, cmov, cx8, fxsr, mmx, sse, sse2, sse3, ssse3, sse4.1, sse4.2, popcnt, avx, avx2, aes, clmul, mmxext, 3dnowpref, lzcnt, sse4a, ht, tsc, tscinvbit, tscinv, bmi1, bmi2, adx, sha, fma

Memory: 4k page, system-wide physical 3514M (169M free)
TotalPageFile size 14266M (AvailPageFile size 2M)
current process WorkingSet (physical memory assigned to process): 272M, peak: 283M
current process commit charge ("private bytes"): 836M, peak: 836M

vm_info: OpenJDK 64-Bit Server VM (11.0.8+10-b944.6842174) for windows-amd64 JRE (11.0.8+10-b944.6842174), built on Sep 19 2020 01:11:42 by "builder" with MS VC++ 14.0 (VS2015)

END.
